<?xml version="1.0" encoding="UTF-8"?>
<testsuites name="Run all test cases" time="1008.177" tests="30" failures="6" errors="0">
   <testsuite name="Run all test cases" tests="30" failures="6" errors="0" time="1008.177" skipped="0" timestamp="2022-01-17 20:52:34" hostname="mml - UbuntuMML" id="Test Suites/Run all test cases">
      <properties>
         <property name="deviceName" value=""/>
         <property name="devicePlatform" value=""/>
         <property name="logFolder" value="/home/mml/Code/Katalon-Test-2/Reports/20220117_205231/Run all test cases/20220117_205232"/>
         <property name="logFiles" value="/home/mml/Code/Katalon-Test-2/Reports/20220117_205231/Run all test cases/20220117_205232/execution0.log"/>
         <property name="attachments" value="/home/mml/Code/Katalon-Test-2/Reports/20220117_205231/Run all test cases/20220117_205232/1642427563598.png, /home/mml/Code/Katalon-Test-2/Reports/20220117_205231/Run all test cases/20220117_205232/1642427574780.png, /home/mml/Code/Katalon-Test-2/Reports/20220117_205231/Run all test cases/20220117_205232/1642427584680.png, /home/mml/Code/Katalon-Test-2/Reports/20220117_205231/Run all test cases/20220117_205232/1642427593794.png, /home/mml/Code/Katalon-Test-2/Reports/20220117_205231/Run all test cases/20220117_205232/1642427603743.png, /home/mml/Code/Katalon-Test-2/Reports/20220117_205231/Run all test cases/20220117_205232/1642427615009.png, /home/mml/Code/Katalon-Test-2/Reports/20220117_205231/Run all test cases/20220117_205232/1642427624175.png, /home/mml/Code/Katalon-Test-2/Reports/20220117_205231/Run all test cases/20220117_205232/1642427633194.png, /home/mml/Code/Katalon-Test-2/Reports/20220117_205231/Run all test cases/20220117_205232/1642427642181.png, /home/mml/Code/Katalon-Test-2/Reports/20220117_205231/Run all test cases/20220117_205232/1642427650881.png, /home/mml/Code/Katalon-Test-2/Reports/20220117_205231/Run all test cases/20220117_205232/1642427665436.png, /home/mml/Code/Katalon-Test-2/Reports/20220117_205231/Run all test cases/20220117_205232/1642427674842.png, /home/mml/Code/Katalon-Test-2/Reports/20220117_205231/Run all test cases/20220117_205232/1642427683940.png, /home/mml/Code/Katalon-Test-2/Reports/20220117_205231/Run all test cases/20220117_205232/1642427692231.png, /home/mml/Code/Katalon-Test-2/Reports/20220117_205231/Run all test cases/20220117_205232/1642427700982.png, /home/mml/Code/Katalon-Test-2/Reports/20220117_205231/Run all test cases/20220117_205232/1642427710859.png, /home/mml/Code/Katalon-Test-2/Reports/20220117_205231/Run all test cases/20220117_205232/1642427814397.png, /home/mml/Code/Katalon-Test-2/Reports/20220117_205231/Run all test cases/20220117_205232/1642427864449.png, /home/mml/Code/Katalon-Test-2/Reports/20220117_205231/Run all test cases/20220117_205232/1642427915599.png, /home/mml/Code/Katalon-Test-2/Reports/20220117_205231/Run all test cases/20220117_205232/1642427967086.png, /home/mml/Code/Katalon-Test-2/Reports/20220117_205231/Run all test cases/20220117_205232/1642428490143.png, /home/mml/Code/Katalon-Test-2/Reports/20220117_205231/Run all test cases/20220117_205232/1642428501310.png, /home/mml/Code/Katalon-Test-2/Reports/20220117_205231/Run all test cases/20220117_205232/1642428512636.png, /home/mml/Code/Katalon-Test-2/Reports/20220117_205231/Run all test cases/20220117_205232/1642428523683.png"/>
         <property name="hostName" value="mml - UbuntuMML"/>
         <property name="os" value="Linux 64bit"/>
         <property name="katalonVersion" value="8.2.0.208"/>
         <property name="browser" value="Chrome 97.0.4692.71"/>
         <property name="hostAddress" value="127.0.1.1"/>
         <property name="sessionId" value="a504bf3d8513716b853181306d4c979f"/>
         <property name="seleniumVersion" value="3.141.59"/>
         <property name="proxyInformation" value="ProxyInformation { proxyOption=NO_PROXY, proxyServerType=HTTP, username=, password=********, proxyServerAddress=, proxyServerPort=0, executionList=&quot;&quot;, isApplyToDesiredCapabilities=true }"/>
         <property name="platform" value="Linux"/>
      </properties>
      <testcase name="Test Cases/6. Login/Login with email" time="9.093" classname="Test Cases/6. Login/Login with email" status="FAILED">
         <failure type="FAILED" message="Test Cases/6. Login/Login with email FAILED.
Reason:
com.kms.katalon.core.exception.StepFailedException: Unable to select option by value 'login_field_email' of object 'Object Repository/Toan/Page_Element/select_UsernameEmail addressPhone'  using regular expression
	at com.kms.katalon.core.webui.keyword.internal.WebUIKeywordMain.stepFailed(WebUIKeywordMain.groovy:64)
	at com.kms.katalon.core.webui.keyword.internal.WebUIKeywordMain.runKeyword(WebUIKeywordMain.groovy:26)
	at com.kms.katalon.core.webui.keyword.builtin.SelectOptionByValueKeyword.selectOptionByValue(SelectOptionByValueKeyword.groovy:99)
	at com.kms.katalon.core.webui.keyword.builtin.SelectOptionByValueKeyword.execute(SelectOptionByValueKeyword.groovy:71)
	at com.kms.katalon.core.keyword.internal.KeywordExecutor.executeKeywordForPlatform(KeywordExecutor.groovy:74)
	at com.kms.katalon.core.webui.keyword.WebUiBuiltInKeywords.selectOptionByValue(WebUiBuiltInKeywords.groovy:1168)
	at com.kms.katalon.core.webui.keyword.WebUiBuiltInKeywords$selectOptionByValue$2.call(Unknown Source)
	at Login with email.run(Login with email:26)
	at com.kms.katalon.core.main.ScriptEngine.run(ScriptEngine.java:194)
	at com.kms.katalon.core.main.ScriptEngine.runScriptAsRawText(ScriptEngine.java:119)
	at com.kms.katalon.core.main.TestCaseExecutor.runScript(TestCaseExecutor.java:442)
	at com.kms.katalon.core.main.TestCaseExecutor.doExecute(TestCaseExecutor.java:433)
	at com.kms.katalon.core.main.TestCaseExecutor.processExecutionPhase(TestCaseExecutor.java:412)
	at com.kms.katalon.core.main.TestCaseExecutor.accessMainPhase(TestCaseExecutor.java:404)
	at com.kms.katalon.core.main.TestCaseExecutor.execute(TestCaseExecutor.java:281)
	at com.kms.katalon.core.main.TestCaseExecutor.execute(TestCaseExecutor.java:363)
	at com.kms.katalon.core.main.TestCaseExecutor.execute(TestCaseExecutor.java:363)
	at com.kms.katalon.core.main.TestCaseExecutor.execute(TestCaseExecutor.java:363)
	at com.kms.katalon.core.main.TestSuiteExecutor.accessTestCaseMainPhase(TestSuiteExecutor.java:202)
	at com.kms.katalon.core.main.TestSuiteExecutor.accessTestSuiteMainPhase(TestSuiteExecutor.java:164)
	at com.kms.katalon.core.main.TestSuiteExecutor.execute(TestSuiteExecutor.java:105)
	at com.kms.katalon.core.main.TestCaseMain.startTestSuite(TestCaseMain.java:181)
	at com.kms.katalon.core.main.TestCaseMain$startTestSuite$0.call(Unknown Source)
	at TempTestSuite1642427552724.run(TempTestSuite1642427552724.groovy:36)
Caused by: com.kms.katalon.core.exception.StepFailedException: No option matched.
	at com.kms.katalon.core.keyword.internal.KeywordMain.stepFailed(KeywordMain.groovy:50)
	at com.kms.katalon.core.keyword.internal.KeywordMain.stepFailed(KeywordMain.groovy)
	at com.kms.katalon.core.keyword.internal.KeywordMain.stepFailed(KeywordMain.groovy:23)
	at com.kms.katalon.core.webui.keyword.builtin.SelectOptionByValueKeyword$_selectOptionByValue_closure1.doCall(SelectOptionByValueKeyword.groovy:92)
	at com.kms.katalon.core.webui.keyword.builtin.SelectOptionByValueKeyword$_selectOptionByValue_closure1.call(SelectOptionByValueKeyword.groovy)
	at com.kms.katalon.core.webui.keyword.internal.WebUIKeywordMain.runKeyword(WebUIKeywordMain.groovy:20)
	... 22 more
"/>
         <system-out><![CDATA[2022-01-17 20:53:05 - [TEST_CASE][FAILED] - Test Cases/6. Login/Login with email: Test Cases/6. Login/Login with email FAILED.
Reason:
com.kms.katalon.core.exception.StepFailedException: Unable to select option by value 'login_field_email' of object 'Object Repository/Toan/Page_Element/select_UsernameEmail addressPhone'  using regular expression
	at com.kms.katalon.core.webui.keyword.internal.WebUIKeywordMain.stepFailed(WebUIKeywordMain.groovy:64)
	at com.kms.katalon.core.webui.keyword.internal.WebUIKeywordMain.runKeyword(WebUIKeywordMain.groovy:26)
	at com.kms.katalon.core.webui.keyword.builtin.SelectOptionByValueKeyword.selectOptionByValue(SelectOptionByValueKeyword.groovy:99)
	at com.kms.katalon.core.webui.keyword.builtin.SelectOptionByValueKeyword.execute(SelectOptionByValueKeyword.groovy:71)
	at com.kms.katalon.core.keyword.internal.KeywordExecutor.executeKeywordForPlatform(KeywordExecutor.groovy:74)
	at com.kms.katalon.core.webui.keyword.WebUiBuiltInKeywords.selectOptionByValue(WebUiBuiltInKeywords.groovy:1168)
	at com.kms.katalon.core.webui.keyword.WebUiBuiltInKeywords$selectOptionByValue$2.call(Unknown Source)
	at Login with email.run(Login with email:26)
	at com.kms.katalon.core.main.ScriptEngine.run(ScriptEngine.java:194)
	at com.kms.katalon.core.main.ScriptEngine.runScriptAsRawText(ScriptEngine.java:119)
	at com.kms.katalon.core.main.TestCaseExecutor.runScript(TestCaseExecutor.java:442)
	at com.kms.katalon.core.main.TestCaseExecutor.doExecute(TestCaseExecutor.java:433)
	at com.kms.katalon.core.main.TestCaseExecutor.processExecutionPhase(TestCaseExecutor.java:412)
	at com.kms.katalon.core.main.TestCaseExecutor.accessMainPhase(TestCaseExecutor.java:404)
	at com.kms.katalon.core.main.TestCaseExecutor.execute(TestCaseExecutor.java:281)
	at com.kms.katalon.core.main.TestCaseExecutor.execute(TestCaseExecutor.java:363)
	at com.kms.katalon.core.main.TestCaseExecutor.execute(TestCaseExecutor.java:363)
	at com.kms.katalon.core.main.TestCaseExecutor.execute(TestCaseExecutor.java:363)
	at com.kms.katalon.core.main.TestSuiteExecutor.accessTestCaseMainPhase(TestSuiteExecutor.java:202)
	at com.kms.katalon.core.main.TestSuiteExecutor.accessTestSuiteMainPhase(TestSuiteExecutor.java:164)
	at com.kms.katalon.core.main.TestSuiteExecutor.execute(TestSuiteExecutor.java:105)
	at com.kms.katalon.core.main.TestCaseMain.startTestSuite(TestCaseMain.java:181)
	at com.kms.katalon.core.main.TestCaseMain$startTestSuite$0.call(Unknown Source)
	at TempTestSuite1642427552724.run(TempTestSuite1642427552724.groovy:36)
Caused by: com.kms.katalon.core.exception.StepFailedException: No option matched.
	at com.kms.katalon.core.keyword.internal.KeywordMain.stepFailed(KeywordMain.groovy:50)
	at com.kms.katalon.core.keyword.internal.KeywordMain.stepFailed(KeywordMain.groovy)
	at com.kms.katalon.core.keyword.internal.KeywordMain.stepFailed(KeywordMain.groovy:23)
	at com.kms.katalon.core.webui.keyword.builtin.SelectOptionByValueKeyword$_selectOptionByValue_closure1.doCall(SelectOptionByValueKeyword.groovy:92)
	at com.kms.katalon.core.webui.keyword.builtin.SelectOptionByValueKeyword$_selectOptionByValue_closure1.call(SelectOptionByValueKeyword.groovy)
	at com.kms.katalon.core.webui.keyword.internal.WebUIKeywordMain.runKeyword(WebUIKeywordMain.groovy:20)
	... 22 more


2022-01-17 20:53:05 - [TEST_STEP][PASSED] - openBrowser(""): Browser is opened with url: ''

2022-01-17 20:53:05 - [MESSAGE][WARNING] - A browser is already opened. Closing browser and opening a new one

2022-01-17 20:53:05 - [MESSAGE][INFO] - Starting 'Chrome' driver

2022-01-17 20:53:05 - [MESSAGE][INFO] - Action delay is set to 100 milliseconds

2022-01-17 20:53:05 - [MESSAGE][PASSED] - Browser is opened with url: ''

2022-01-17 20:53:05 - [TEST_STEP][PASSED] - navigateToUrl("http://localhost:8080/#/"): Navigate to 'http://localhost:8080/#/' successfully

2022-01-17 20:53:08 - [MESSAGE][PASSED] - Navigate to 'http://localhost:8080/#/' successfully

2022-01-17 20:53:08 - [TEST_STEP][PASSED] - click(findTestObject("Object Repository/Toan/Page_Element/a_Sign In")): Object: 'Object Repository/Toan/Page_Element/a_Sign In' is clicked on

2022-01-17 20:53:12 - [MESSAGE][PASSED] - Object: 'Object Repository/Toan/Page_Element/a_Sign In' is clicked on

2022-01-17 20:53:12 - [TEST_STEP][FAILED] - selectOptionByValue(findTestObject("Object Repository/Toan/Page_Element/select_UsernameEmail addressPhone"), "login_field_email", true): Unable to select option by value 'login_field_email' of object 'Object Repository/Toan/Page_Element/select_UsernameEmail addressPhone'  using regular expression (Root cause: com.kms.katalon.core.exception.StepFailedException: Unable to select option by value 'login_field_email' of object 'Object Repository/Toan/Page_Element/select_UsernameEmail addressPhone'  using regular expression
	at com.kms.katalon.core.webui.keyword.internal.WebUIKeywordMain.stepFailed(WebUIKeywordMain.groovy:64)
	at com.kms.katalon.core.webui.keyword.internal.WebUIKeywordMain.runKeyword(WebUIKeywordMain.groovy:26)
	at com.kms.katalon.core.webui.keyword.builtin.SelectOptionByValueKeyword.selectOptionByValue(SelectOptionByValueKeyword.groovy:99)
	at com.kms.katalon.core.webui.keyword.builtin.SelectOptionByValueKeyword.execute(SelectOptionByValueKeyword.groovy:71)
	at com.kms.katalon.core.keyword.internal.KeywordExecutor.executeKeywordForPlatform(KeywordExecutor.groovy:74)
	at com.kms.katalon.core.webui.keyword.WebUiBuiltInKeywords.selectOptionByValue(WebUiBuiltInKeywords.groovy:1168)
	at com.kms.katalon.core.webui.keyword.WebUiBuiltInKeywords$selectOptionByValue$2.call(Unknown Source)
	at Login with email.run(Login with email:26)
	at com.kms.katalon.core.main.ScriptEngine.run(ScriptEngine.java:194)
	at com.kms.katalon.core.main.ScriptEngine.runScriptAsRawText(ScriptEngine.java:119)
	at com.kms.katalon.core.main.TestCaseExecutor.runScript(TestCaseExecutor.java:442)
	at com.kms.katalon.core.main.TestCaseExecutor.doExecute(TestCaseExecutor.java:433)
	at com.kms.katalon.core.main.TestCaseExecutor.processExecutionPhase(TestCaseExecutor.java:412)
	at com.kms.katalon.core.main.TestCaseExecutor.accessMainPhase(TestCaseExecutor.java:404)
	at com.kms.katalon.core.main.TestCaseExecutor.execute(TestCaseExecutor.java:281)
	at com.kms.katalon.core.main.TestCaseExecutor.execute(TestCaseExecutor.java:363)
	at com.kms.katalon.core.main.TestCaseExecutor.execute(TestCaseExecutor.java:363)
	at com.kms.katalon.core.main.TestCaseExecutor.execute(TestCaseExecutor.java:363)
	at com.kms.katalon.core.main.TestSuiteExecutor.accessTestCaseMainPhase(TestSuiteExecutor.java:202)
	at com.kms.katalon.core.main.TestSuiteExecutor.accessTestSuiteMainPhase(TestSuiteExecutor.java:164)
	at com.kms.katalon.core.main.TestSuiteExecutor.execute(TestSuiteExecutor.java:105)
	at com.kms.katalon.core.main.TestCaseMain.startTestSuite(TestCaseMain.java:181)
	at com.kms.katalon.core.main.TestCaseMain$startTestSuite$0.call(Unknown Source)
	at TempTestSuite1642427552724.run(TempTestSuite1642427552724.groovy:36)
Caused by: com.kms.katalon.core.exception.StepFailedException: No option matched.
	at com.kms.katalon.core.keyword.internal.KeywordMain.stepFailed(KeywordMain.groovy:50)
	at com.kms.katalon.core.keyword.internal.KeywordMain.stepFailed(KeywordMain.groovy)
	at com.kms.katalon.core.keyword.internal.KeywordMain.stepFailed(KeywordMain.groovy:23)
	at com.kms.katalon.core.webui.keyword.builtin.SelectOptionByValueKeyword$_selectOptionByValue_closure1.doCall(SelectOptionByValueKeyword.groovy:92)
	at com.kms.katalon.core.webui.keyword.builtin.SelectOptionByValueKeyword$_selectOptionByValue_closure1.call(SelectOptionByValueKeyword.groovy)
	at com.kms.katalon.core.webui.keyword.internal.WebUIKeywordMain.runKeyword(WebUIKeywordMain.groovy:20)
	at com.kms.katalon.core.webui.keyword.builtin.SelectOptionByValueKeyword.selectOptionByValue(SelectOptionByValueKeyword.groovy:99)
	at com.kms.katalon.core.webui.keyword.builtin.SelectOptionByValueKeyword.execute(SelectOptionByValueKeyword.groovy:71)
	at com.kms.katalon.core.keyword.internal.KeywordExecutor.executeKeywordForPlatform(KeywordExecutor.groovy:74)
	at com.kms.katalon.core.webui.keyword.WebUiBuiltInKeywords.selectOptionByValue(WebUiBuiltInKeywords.groovy:1168)
	at com.kms.katalon.core.webui.keyword.WebUiBuiltInKeywords$selectOptionByValue$2.call(Unknown Source)
	at Script1642402294079.run(Script1642402294079.groovy:26)
	... 16 more
)

2022-01-17 20:53:13 - [MESSAGE][FAILED] - No option matched.

2022-01-17 20:53:14 - [MESSAGE][FAILED] - Unable to select option by value 'login_field_email' of object 'Object Repository/Toan/Page_Element/select_UsernameEmail addressPhone'  using regular expression (Root cause: com.kms.katalon.core.exception.StepFailedException: Unable to select option by value 'login_field_email' of object 'Object Repository/Toan/Page_Element/select_UsernameEmail addressPhone'  using regular expression
	at com.kms.katalon.core.webui.keyword.internal.WebUIKeywordMain.stepFailed(WebUIKeywordMain.groovy:64)
	at com.kms.katalon.core.webui.keyword.internal.WebUIKeywordMain.runKeyword(WebUIKeywordMain.groovy:26)
	at com.kms.katalon.core.webui.keyword.builtin.SelectOptionByValueKeyword.selectOptionByValue(SelectOptionByValueKeyword.groovy:99)
	at com.kms.katalon.core.webui.keyword.builtin.SelectOptionByValueKeyword.execute(SelectOptionByValueKeyword.groovy:71)
	at com.kms.katalon.core.keyword.internal.KeywordExecutor.executeKeywordForPlatform(KeywordExecutor.groovy:74)
	at com.kms.katalon.core.webui.keyword.WebUiBuiltInKeywords.selectOptionByValue(WebUiBuiltInKeywords.groovy:1168)
	at com.kms.katalon.core.webui.keyword.WebUiBuiltInKeywords$selectOptionByValue$2.call(Unknown Source)
	at Login with email.run(Login with email:26)
	at com.kms.katalon.core.main.ScriptEngine.run(ScriptEngine.java:194)
	at com.kms.katalon.core.main.ScriptEngine.runScriptAsRawText(ScriptEngine.java:119)
	at com.kms.katalon.core.main.TestCaseExecutor.runScript(TestCaseExecutor.java:442)
	at com.kms.katalon.core.main.TestCaseExecutor.doExecute(TestCaseExecutor.java:433)
	at com.kms.katalon.core.main.TestCaseExecutor.processExecutionPhase(TestCaseExecutor.java:412)
	at com.kms.katalon.core.main.TestCaseExecutor.accessMainPhase(TestCaseExecutor.java:404)
	at com.kms.katalon.core.main.TestCaseExecutor.execute(TestCaseExecutor.java:281)
	at com.kms.katalon.core.main.TestCaseExecutor.execute(TestCaseExecutor.java:363)
	at com.kms.katalon.core.main.TestCaseExecutor.execute(TestCaseExecutor.java:363)
	at com.kms.katalon.core.main.TestCaseExecutor.execute(TestCaseExecutor.java:363)
	at com.kms.katalon.core.main.TestSuiteExecutor.accessTestCaseMainPhase(TestSuiteExecutor.java:202)
	at com.kms.katalon.core.main.TestSuiteExecutor.accessTestSuiteMainPhase(TestSuiteExecutor.java:164)
	at com.kms.katalon.core.main.TestSuiteExecutor.execute(TestSuiteExecutor.java:105)
	at com.kms.katalon.core.main.TestCaseMain.startTestSuite(TestCaseMain.java:181)
	at com.kms.katalon.core.main.TestCaseMain$startTestSuite$0.call(Unknown Source)
	at TempTestSuite1642427552724.run(TempTestSuite1642427552724.groovy:36)
Caused by: com.kms.katalon.core.exception.StepFailedException: No option matched.
	at com.kms.katalon.core.keyword.internal.KeywordMain.stepFailed(KeywordMain.groovy:50)
	at com.kms.katalon.core.keyword.internal.KeywordMain.stepFailed(KeywordMain.groovy)
	at com.kms.katalon.core.keyword.internal.KeywordMain.stepFailed(KeywordMain.groovy:23)
	at com.kms.katalon.core.webui.keyword.builtin.SelectOptionByValueKeyword$_selectOptionByValue_closure1.doCall(SelectOptionByValueKeyword.groovy:92)
	at com.kms.katalon.core.webui.keyword.builtin.SelectOptionByValueKeyword$_selectOptionByValue_closure1.call(SelectOptionByValueKeyword.groovy)
	at com.kms.katalon.core.webui.keyword.internal.WebUIKeywordMain.runKeyword(WebUIKeywordMain.groovy:20)
	at com.kms.katalon.core.webui.keyword.builtin.SelectOptionByValueKeyword.selectOptionByValue(SelectOptionByValueKeyword.groovy:99)
	at com.kms.katalon.core.webui.keyword.builtin.SelectOptionByValueKeyword.execute(SelectOptionByValueKeyword.groovy:71)
	at com.kms.katalon.core.keyword.internal.KeywordExecutor.executeKeywordForPlatform(KeywordExecutor.groovy:74)
	at com.kms.katalon.core.webui.keyword.WebUiBuiltInKeywords.selectOptionByValue(WebUiBuiltInKeywords.groovy:1168)
	at com.kms.katalon.core.webui.keyword.WebUiBuiltInKeywords$selectOptionByValue$2.call(Unknown Source)
	at Script1642402294079.run(Script1642402294079.groovy:26)
	... 16 more
)
[[ATTACHMENT|/home/mml/Code/Katalon-Test-2/Reports/20220117_205231/Run all test cases/20220117_205232/1642427593794.png]]]]></system-out>
         <system-err><![CDATA[2022-01-17 20:53:05 - [TEST_CASE][FAILED] - Test Cases/6. Login/Login with email: Test Cases/6. Login/Login with email FAILED.
Reason:
com.kms.katalon.core.exception.StepFailedException: Unable to select option by value 'login_field_email' of object 'Object Repository/Toan/Page_Element/select_UsernameEmail addressPhone'  using regular expression
	at com.kms.katalon.core.webui.keyword.internal.WebUIKeywordMain.stepFailed(WebUIKeywordMain.groovy:64)
	at com.kms.katalon.core.webui.keyword.internal.WebUIKeywordMain.runKeyword(WebUIKeywordMain.groovy:26)
	at com.kms.katalon.core.webui.keyword.builtin.SelectOptionByValueKeyword.selectOptionByValue(SelectOptionByValueKeyword.groovy:99)
	at com.kms.katalon.core.webui.keyword.builtin.SelectOptionByValueKeyword.execute(SelectOptionByValueKeyword.groovy:71)
	at com.kms.katalon.core.keyword.internal.KeywordExecutor.executeKeywordForPlatform(KeywordExecutor.groovy:74)
	at com.kms.katalon.core.webui.keyword.WebUiBuiltInKeywords.selectOptionByValue(WebUiBuiltInKeywords.groovy:1168)
	at com.kms.katalon.core.webui.keyword.WebUiBuiltInKeywords$selectOptionByValue$2.call(Unknown Source)
	at Login with email.run(Login with email:26)
	at com.kms.katalon.core.main.ScriptEngine.run(ScriptEngine.java:194)
	at com.kms.katalon.core.main.ScriptEngine.runScriptAsRawText(ScriptEngine.java:119)
	at com.kms.katalon.core.main.TestCaseExecutor.runScript(TestCaseExecutor.java:442)
	at com.kms.katalon.core.main.TestCaseExecutor.doExecute(TestCaseExecutor.java:433)
	at com.kms.katalon.core.main.TestCaseExecutor.processExecutionPhase(TestCaseExecutor.java:412)
	at com.kms.katalon.core.main.TestCaseExecutor.accessMainPhase(TestCaseExecutor.java:404)
	at com.kms.katalon.core.main.TestCaseExecutor.execute(TestCaseExecutor.java:281)
	at com.kms.katalon.core.main.TestCaseExecutor.execute(TestCaseExecutor.java:363)
	at com.kms.katalon.core.main.TestCaseExecutor.execute(TestCaseExecutor.java:363)
	at com.kms.katalon.core.main.TestCaseExecutor.execute(TestCaseExecutor.java:363)
	at com.kms.katalon.core.main.TestSuiteExecutor.accessTestCaseMainPhase(TestSuiteExecutor.java:202)
	at com.kms.katalon.core.main.TestSuiteExecutor.accessTestSuiteMainPhase(TestSuiteExecutor.java:164)
	at com.kms.katalon.core.main.TestSuiteExecutor.execute(TestSuiteExecutor.java:105)
	at com.kms.katalon.core.main.TestCaseMain.startTestSuite(TestCaseMain.java:181)
	at com.kms.katalon.core.main.TestCaseMain$startTestSuite$0.call(Unknown Source)
	at TempTestSuite1642427552724.run(TempTestSuite1642427552724.groovy:36)
Caused by: com.kms.katalon.core.exception.StepFailedException: No option matched.
	at com.kms.katalon.core.keyword.internal.KeywordMain.stepFailed(KeywordMain.groovy:50)
	at com.kms.katalon.core.keyword.internal.KeywordMain.stepFailed(KeywordMain.groovy)
	at com.kms.katalon.core.keyword.internal.KeywordMain.stepFailed(KeywordMain.groovy:23)
	at com.kms.katalon.core.webui.keyword.builtin.SelectOptionByValueKeyword$_selectOptionByValue_closure1.doCall(SelectOptionByValueKeyword.groovy:92)
	at com.kms.katalon.core.webui.keyword.builtin.SelectOptionByValueKeyword$_selectOptionByValue_closure1.call(SelectOptionByValueKeyword.groovy)
	at com.kms.katalon.core.webui.keyword.internal.WebUIKeywordMain.runKeyword(WebUIKeywordMain.groovy:20)
	... 22 more]]></system-err>
      </testcase>
      <testcase name="Test Cases/6. Login/Login with email fail (invalid user)" time="9.077" classname="Test Cases/6. Login/Login with email fail (invalid user)" status="FAILED">
         <failure type="FAILED" message="Test Cases/6. Login/Login with email fail (invalid user) FAILED.
Reason:
com.kms.katalon.core.exception.StepFailedException: Unable to select option by value 'login_field_email' of object 'Object Repository/Thang/Page_Element/select_UsernameEmail addressPhone'  using regular expression
	at com.kms.katalon.core.webui.keyword.internal.WebUIKeywordMain.stepFailed(WebUIKeywordMain.groovy:64)
	at com.kms.katalon.core.webui.keyword.internal.WebUIKeywordMain.runKeyword(WebUIKeywordMain.groovy:26)
	at com.kms.katalon.core.webui.keyword.builtin.SelectOptionByValueKeyword.selectOptionByValue(SelectOptionByValueKeyword.groovy:99)
	at com.kms.katalon.core.webui.keyword.builtin.SelectOptionByValueKeyword.execute(SelectOptionByValueKeyword.groovy:71)
	at com.kms.katalon.core.keyword.internal.KeywordExecutor.executeKeywordForPlatform(KeywordExecutor.groovy:74)
	at com.kms.katalon.core.webui.keyword.WebUiBuiltInKeywords.selectOptionByValue(WebUiBuiltInKeywords.groovy:1168)
	at com.kms.katalon.core.webui.keyword.WebUiBuiltInKeywords$selectOptionByValue$2.call(Unknown Source)
	at Login with email fail (invalid user).run(Login with email fail (invalid user):26)
	at com.kms.katalon.core.main.ScriptEngine.run(ScriptEngine.java:194)
	at com.kms.katalon.core.main.ScriptEngine.runScriptAsRawText(ScriptEngine.java:119)
	at com.kms.katalon.core.main.TestCaseExecutor.runScript(TestCaseExecutor.java:442)
	at com.kms.katalon.core.main.TestCaseExecutor.doExecute(TestCaseExecutor.java:433)
	at com.kms.katalon.core.main.TestCaseExecutor.processExecutionPhase(TestCaseExecutor.java:412)
	at com.kms.katalon.core.main.TestCaseExecutor.accessMainPhase(TestCaseExecutor.java:404)
	at com.kms.katalon.core.main.TestCaseExecutor.execute(TestCaseExecutor.java:281)
	at com.kms.katalon.core.main.TestCaseExecutor.execute(TestCaseExecutor.java:363)
	at com.kms.katalon.core.main.TestCaseExecutor.execute(TestCaseExecutor.java:363)
	at com.kms.katalon.core.main.TestCaseExecutor.execute(TestCaseExecutor.java:363)
	at com.kms.katalon.core.main.TestSuiteExecutor.accessTestCaseMainPhase(TestSuiteExecutor.java:202)
	at com.kms.katalon.core.main.TestSuiteExecutor.accessTestSuiteMainPhase(TestSuiteExecutor.java:164)
	at com.kms.katalon.core.main.TestSuiteExecutor.execute(TestSuiteExecutor.java:105)
	at com.kms.katalon.core.main.TestCaseMain.startTestSuite(TestCaseMain.java:181)
	at com.kms.katalon.core.main.TestCaseMain$startTestSuite$0.call(Unknown Source)
	at TempTestSuite1642427552724.run(TempTestSuite1642427552724.groovy:36)
Caused by: com.kms.katalon.core.exception.StepFailedException: No option matched.
	at com.kms.katalon.core.keyword.internal.KeywordMain.stepFailed(KeywordMain.groovy:50)
	at com.kms.katalon.core.keyword.internal.KeywordMain.stepFailed(KeywordMain.groovy)
	at com.kms.katalon.core.keyword.internal.KeywordMain.stepFailed(KeywordMain.groovy:23)
	at com.kms.katalon.core.webui.keyword.builtin.SelectOptionByValueKeyword$_selectOptionByValue_closure1.doCall(SelectOptionByValueKeyword.groovy:92)
	at com.kms.katalon.core.webui.keyword.builtin.SelectOptionByValueKeyword$_selectOptionByValue_closure1.call(SelectOptionByValueKeyword.groovy)
	at com.kms.katalon.core.webui.keyword.internal.WebUIKeywordMain.runKeyword(WebUIKeywordMain.groovy:20)
	... 22 more
"/>
         <system-out><![CDATA[2022-01-17 20:53:44 - [TEST_CASE][FAILED] - Test Cases/6. Login/Login with email fail (invalid user): Test Cases/6. Login/Login with email fail (invalid user) FAILED.
Reason:
com.kms.katalon.core.exception.StepFailedException: Unable to select option by value 'login_field_email' of object 'Object Repository/Thang/Page_Element/select_UsernameEmail addressPhone'  using regular expression
	at com.kms.katalon.core.webui.keyword.internal.WebUIKeywordMain.stepFailed(WebUIKeywordMain.groovy:64)
	at com.kms.katalon.core.webui.keyword.internal.WebUIKeywordMain.runKeyword(WebUIKeywordMain.groovy:26)
	at com.kms.katalon.core.webui.keyword.builtin.SelectOptionByValueKeyword.selectOptionByValue(SelectOptionByValueKeyword.groovy:99)
	at com.kms.katalon.core.webui.keyword.builtin.SelectOptionByValueKeyword.execute(SelectOptionByValueKeyword.groovy:71)
	at com.kms.katalon.core.keyword.internal.KeywordExecutor.executeKeywordForPlatform(KeywordExecutor.groovy:74)
	at com.kms.katalon.core.webui.keyword.WebUiBuiltInKeywords.selectOptionByValue(WebUiBuiltInKeywords.groovy:1168)
	at com.kms.katalon.core.webui.keyword.WebUiBuiltInKeywords$selectOptionByValue$2.call(Unknown Source)
	at Login with email fail (invalid user).run(Login with email fail (invalid user):26)
	at com.kms.katalon.core.main.ScriptEngine.run(ScriptEngine.java:194)
	at com.kms.katalon.core.main.ScriptEngine.runScriptAsRawText(ScriptEngine.java:119)
	at com.kms.katalon.core.main.TestCaseExecutor.runScript(TestCaseExecutor.java:442)
	at com.kms.katalon.core.main.TestCaseExecutor.doExecute(TestCaseExecutor.java:433)
	at com.kms.katalon.core.main.TestCaseExecutor.processExecutionPhase(TestCaseExecutor.java:412)
	at com.kms.katalon.core.main.TestCaseExecutor.accessMainPhase(TestCaseExecutor.java:404)
	at com.kms.katalon.core.main.TestCaseExecutor.execute(TestCaseExecutor.java:281)
	at com.kms.katalon.core.main.TestCaseExecutor.execute(TestCaseExecutor.java:363)
	at com.kms.katalon.core.main.TestCaseExecutor.execute(TestCaseExecutor.java:363)
	at com.kms.katalon.core.main.TestCaseExecutor.execute(TestCaseExecutor.java:363)
	at com.kms.katalon.core.main.TestSuiteExecutor.accessTestCaseMainPhase(TestSuiteExecutor.java:202)
	at com.kms.katalon.core.main.TestSuiteExecutor.accessTestSuiteMainPhase(TestSuiteExecutor.java:164)
	at com.kms.katalon.core.main.TestSuiteExecutor.execute(TestSuiteExecutor.java:105)
	at com.kms.katalon.core.main.TestCaseMain.startTestSuite(TestCaseMain.java:181)
	at com.kms.katalon.core.main.TestCaseMain$startTestSuite$0.call(Unknown Source)
	at TempTestSuite1642427552724.run(TempTestSuite1642427552724.groovy:36)
Caused by: com.kms.katalon.core.exception.StepFailedException: No option matched.
	at com.kms.katalon.core.keyword.internal.KeywordMain.stepFailed(KeywordMain.groovy:50)
	at com.kms.katalon.core.keyword.internal.KeywordMain.stepFailed(KeywordMain.groovy)
	at com.kms.katalon.core.keyword.internal.KeywordMain.stepFailed(KeywordMain.groovy:23)
	at com.kms.katalon.core.webui.keyword.builtin.SelectOptionByValueKeyword$_selectOptionByValue_closure1.doCall(SelectOptionByValueKeyword.groovy:92)
	at com.kms.katalon.core.webui.keyword.builtin.SelectOptionByValueKeyword$_selectOptionByValue_closure1.call(SelectOptionByValueKeyword.groovy)
	at com.kms.katalon.core.webui.keyword.internal.WebUIKeywordMain.runKeyword(WebUIKeywordMain.groovy:20)
	... 22 more


2022-01-17 20:53:44 - [TEST_STEP][PASSED] - openBrowser(""): Browser is opened with url: ''

2022-01-17 20:53:44 - [MESSAGE][WARNING] - A browser is already opened. Closing browser and opening a new one

2022-01-17 20:53:44 - [MESSAGE][INFO] - Starting 'Chrome' driver

2022-01-17 20:53:44 - [MESSAGE][INFO] - Action delay is set to 100 milliseconds

2022-01-17 20:53:45 - [MESSAGE][PASSED] - Browser is opened with url: ''

2022-01-17 20:53:45 - [TEST_STEP][PASSED] - navigateToUrl("http://localhost:8080/"): Navigate to 'http://localhost:8080/' successfully

2022-01-17 20:53:48 - [MESSAGE][PASSED] - Navigate to 'http://localhost:8080/' successfully

2022-01-17 20:53:48 - [TEST_STEP][PASSED] - click(findTestObject("Object Repository/Thang/Page_Element/a_Sign In")): Object: 'Object Repository/Thang/Page_Element/a_Sign In' is clicked on

2022-01-17 20:53:52 - [MESSAGE][PASSED] - Object: 'Object Repository/Thang/Page_Element/a_Sign In' is clicked on

2022-01-17 20:53:52 - [TEST_STEP][FAILED] - selectOptionByValue(findTestObject("Object Repository/Thang/Page_Element/select_UsernameEmail addressPhone"), "login_field_email", true): Unable to select option by value 'login_field_email' of object 'Object Repository/Thang/Page_Element/select_UsernameEmail addressPhone'  using regular expression (Root cause: com.kms.katalon.core.exception.StepFailedException: Unable to select option by value 'login_field_email' of object 'Object Repository/Thang/Page_Element/select_UsernameEmail addressPhone'  using regular expression
	at com.kms.katalon.core.webui.keyword.internal.WebUIKeywordMain.stepFailed(WebUIKeywordMain.groovy:64)
	at com.kms.katalon.core.webui.keyword.internal.WebUIKeywordMain.runKeyword(WebUIKeywordMain.groovy:26)
	at com.kms.katalon.core.webui.keyword.builtin.SelectOptionByValueKeyword.selectOptionByValue(SelectOptionByValueKeyword.groovy:99)
	at com.kms.katalon.core.webui.keyword.builtin.SelectOptionByValueKeyword.execute(SelectOptionByValueKeyword.groovy:71)
	at com.kms.katalon.core.keyword.internal.KeywordExecutor.executeKeywordForPlatform(KeywordExecutor.groovy:74)
	at com.kms.katalon.core.webui.keyword.WebUiBuiltInKeywords.selectOptionByValue(WebUiBuiltInKeywords.groovy:1168)
	at com.kms.katalon.core.webui.keyword.WebUiBuiltInKeywords$selectOptionByValue$2.call(Unknown Source)
	at Login with email fail (invalid user).run(Login with email fail (invalid user):26)
	at com.kms.katalon.core.main.ScriptEngine.run(ScriptEngine.java:194)
	at com.kms.katalon.core.main.ScriptEngine.runScriptAsRawText(ScriptEngine.java:119)
	at com.kms.katalon.core.main.TestCaseExecutor.runScript(TestCaseExecutor.java:442)
	at com.kms.katalon.core.main.TestCaseExecutor.doExecute(TestCaseExecutor.java:433)
	at com.kms.katalon.core.main.TestCaseExecutor.processExecutionPhase(TestCaseExecutor.java:412)
	at com.kms.katalon.core.main.TestCaseExecutor.accessMainPhase(TestCaseExecutor.java:404)
	at com.kms.katalon.core.main.TestCaseExecutor.execute(TestCaseExecutor.java:281)
	at com.kms.katalon.core.main.TestCaseExecutor.execute(TestCaseExecutor.java:363)
	at com.kms.katalon.core.main.TestCaseExecutor.execute(TestCaseExecutor.java:363)
	at com.kms.katalon.core.main.TestCaseExecutor.execute(TestCaseExecutor.java:363)
	at com.kms.katalon.core.main.TestSuiteExecutor.accessTestCaseMainPhase(TestSuiteExecutor.java:202)
	at com.kms.katalon.core.main.TestSuiteExecutor.accessTestSuiteMainPhase(TestSuiteExecutor.java:164)
	at com.kms.katalon.core.main.TestSuiteExecutor.execute(TestSuiteExecutor.java:105)
	at com.kms.katalon.core.main.TestCaseMain.startTestSuite(TestCaseMain.java:181)
	at com.kms.katalon.core.main.TestCaseMain$startTestSuite$0.call(Unknown Source)
	at TempTestSuite1642427552724.run(TempTestSuite1642427552724.groovy:36)
Caused by: com.kms.katalon.core.exception.StepFailedException: No option matched.
	at com.kms.katalon.core.keyword.internal.KeywordMain.stepFailed(KeywordMain.groovy:50)
	at com.kms.katalon.core.keyword.internal.KeywordMain.stepFailed(KeywordMain.groovy)
	at com.kms.katalon.core.keyword.internal.KeywordMain.stepFailed(KeywordMain.groovy:23)
	at com.kms.katalon.core.webui.keyword.builtin.SelectOptionByValueKeyword$_selectOptionByValue_closure1.doCall(SelectOptionByValueKeyword.groovy:92)
	at com.kms.katalon.core.webui.keyword.builtin.SelectOptionByValueKeyword$_selectOptionByValue_closure1.call(SelectOptionByValueKeyword.groovy)
	at com.kms.katalon.core.webui.keyword.internal.WebUIKeywordMain.runKeyword(WebUIKeywordMain.groovy:20)
	at com.kms.katalon.core.webui.keyword.builtin.SelectOptionByValueKeyword.selectOptionByValue(SelectOptionByValueKeyword.groovy:99)
	at com.kms.katalon.core.webui.keyword.builtin.SelectOptionByValueKeyword.execute(SelectOptionByValueKeyword.groovy:71)
	at com.kms.katalon.core.keyword.internal.KeywordExecutor.executeKeywordForPlatform(KeywordExecutor.groovy:74)
	at com.kms.katalon.core.webui.keyword.WebUiBuiltInKeywords.selectOptionByValue(WebUiBuiltInKeywords.groovy:1168)
	at com.kms.katalon.core.webui.keyword.WebUiBuiltInKeywords$selectOptionByValue$2.call(Unknown Source)
	at Script1642402294064.run(Script1642402294064.groovy:26)
	... 16 more
)

2022-01-17 20:53:53 - [MESSAGE][FAILED] - No option matched.

2022-01-17 20:53:53 - [MESSAGE][FAILED] - Unable to select option by value 'login_field_email' of object 'Object Repository/Thang/Page_Element/select_UsernameEmail addressPhone'  using regular expression (Root cause: com.kms.katalon.core.exception.StepFailedException: Unable to select option by value 'login_field_email' of object 'Object Repository/Thang/Page_Element/select_UsernameEmail addressPhone'  using regular expression
	at com.kms.katalon.core.webui.keyword.internal.WebUIKeywordMain.stepFailed(WebUIKeywordMain.groovy:64)
	at com.kms.katalon.core.webui.keyword.internal.WebUIKeywordMain.runKeyword(WebUIKeywordMain.groovy:26)
	at com.kms.katalon.core.webui.keyword.builtin.SelectOptionByValueKeyword.selectOptionByValue(SelectOptionByValueKeyword.groovy:99)
	at com.kms.katalon.core.webui.keyword.builtin.SelectOptionByValueKeyword.execute(SelectOptionByValueKeyword.groovy:71)
	at com.kms.katalon.core.keyword.internal.KeywordExecutor.executeKeywordForPlatform(KeywordExecutor.groovy:74)
	at com.kms.katalon.core.webui.keyword.WebUiBuiltInKeywords.selectOptionByValue(WebUiBuiltInKeywords.groovy:1168)
	at com.kms.katalon.core.webui.keyword.WebUiBuiltInKeywords$selectOptionByValue$2.call(Unknown Source)
	at Login with email fail (invalid user).run(Login with email fail (invalid user):26)
	at com.kms.katalon.core.main.ScriptEngine.run(ScriptEngine.java:194)
	at com.kms.katalon.core.main.ScriptEngine.runScriptAsRawText(ScriptEngine.java:119)
	at com.kms.katalon.core.main.TestCaseExecutor.runScript(TestCaseExecutor.java:442)
	at com.kms.katalon.core.main.TestCaseExecutor.doExecute(TestCaseExecutor.java:433)
	at com.kms.katalon.core.main.TestCaseExecutor.processExecutionPhase(TestCaseExecutor.java:412)
	at com.kms.katalon.core.main.TestCaseExecutor.accessMainPhase(TestCaseExecutor.java:404)
	at com.kms.katalon.core.main.TestCaseExecutor.execute(TestCaseExecutor.java:281)
	at com.kms.katalon.core.main.TestCaseExecutor.execute(TestCaseExecutor.java:363)
	at com.kms.katalon.core.main.TestCaseExecutor.execute(TestCaseExecutor.java:363)
	at com.kms.katalon.core.main.TestCaseExecutor.execute(TestCaseExecutor.java:363)
	at com.kms.katalon.core.main.TestSuiteExecutor.accessTestCaseMainPhase(TestSuiteExecutor.java:202)
	at com.kms.katalon.core.main.TestSuiteExecutor.accessTestSuiteMainPhase(TestSuiteExecutor.java:164)
	at com.kms.katalon.core.main.TestSuiteExecutor.execute(TestSuiteExecutor.java:105)
	at com.kms.katalon.core.main.TestCaseMain.startTestSuite(TestCaseMain.java:181)
	at com.kms.katalon.core.main.TestCaseMain$startTestSuite$0.call(Unknown Source)
	at TempTestSuite1642427552724.run(TempTestSuite1642427552724.groovy:36)
Caused by: com.kms.katalon.core.exception.StepFailedException: No option matched.
	at com.kms.katalon.core.keyword.internal.KeywordMain.stepFailed(KeywordMain.groovy:50)
	at com.kms.katalon.core.keyword.internal.KeywordMain.stepFailed(KeywordMain.groovy)
	at com.kms.katalon.core.keyword.internal.KeywordMain.stepFailed(KeywordMain.groovy:23)
	at com.kms.katalon.core.webui.keyword.builtin.SelectOptionByValueKeyword$_selectOptionByValue_closure1.doCall(SelectOptionByValueKeyword.groovy:92)
	at com.kms.katalon.core.webui.keyword.builtin.SelectOptionByValueKeyword$_selectOptionByValue_closure1.call(SelectOptionByValueKeyword.groovy)
	at com.kms.katalon.core.webui.keyword.internal.WebUIKeywordMain.runKeyword(WebUIKeywordMain.groovy:20)
	at com.kms.katalon.core.webui.keyword.builtin.SelectOptionByValueKeyword.selectOptionByValue(SelectOptionByValueKeyword.groovy:99)
	at com.kms.katalon.core.webui.keyword.builtin.SelectOptionByValueKeyword.execute(SelectOptionByValueKeyword.groovy:71)
	at com.kms.katalon.core.keyword.internal.KeywordExecutor.executeKeywordForPlatform(KeywordExecutor.groovy:74)
	at com.kms.katalon.core.webui.keyword.WebUiBuiltInKeywords.selectOptionByValue(WebUiBuiltInKeywords.groovy:1168)
	at com.kms.katalon.core.webui.keyword.WebUiBuiltInKeywords$selectOptionByValue$2.call(Unknown Source)
	at Script1642402294064.run(Script1642402294064.groovy:26)
	... 16 more
)
[[ATTACHMENT|/home/mml/Code/Katalon-Test-2/Reports/20220117_205231/Run all test cases/20220117_205232/1642427633194.png]]]]></system-out>
         <system-err><![CDATA[2022-01-17 20:53:44 - [TEST_CASE][FAILED] - Test Cases/6. Login/Login with email fail (invalid user): Test Cases/6. Login/Login with email fail (invalid user) FAILED.
Reason:
com.kms.katalon.core.exception.StepFailedException: Unable to select option by value 'login_field_email' of object 'Object Repository/Thang/Page_Element/select_UsernameEmail addressPhone'  using regular expression
	at com.kms.katalon.core.webui.keyword.internal.WebUIKeywordMain.stepFailed(WebUIKeywordMain.groovy:64)
	at com.kms.katalon.core.webui.keyword.internal.WebUIKeywordMain.runKeyword(WebUIKeywordMain.groovy:26)
	at com.kms.katalon.core.webui.keyword.builtin.SelectOptionByValueKeyword.selectOptionByValue(SelectOptionByValueKeyword.groovy:99)
	at com.kms.katalon.core.webui.keyword.builtin.SelectOptionByValueKeyword.execute(SelectOptionByValueKeyword.groovy:71)
	at com.kms.katalon.core.keyword.internal.KeywordExecutor.executeKeywordForPlatform(KeywordExecutor.groovy:74)
	at com.kms.katalon.core.webui.keyword.WebUiBuiltInKeywords.selectOptionByValue(WebUiBuiltInKeywords.groovy:1168)
	at com.kms.katalon.core.webui.keyword.WebUiBuiltInKeywords$selectOptionByValue$2.call(Unknown Source)
	at Login with email fail (invalid user).run(Login with email fail (invalid user):26)
	at com.kms.katalon.core.main.ScriptEngine.run(ScriptEngine.java:194)
	at com.kms.katalon.core.main.ScriptEngine.runScriptAsRawText(ScriptEngine.java:119)
	at com.kms.katalon.core.main.TestCaseExecutor.runScript(TestCaseExecutor.java:442)
	at com.kms.katalon.core.main.TestCaseExecutor.doExecute(TestCaseExecutor.java:433)
	at com.kms.katalon.core.main.TestCaseExecutor.processExecutionPhase(TestCaseExecutor.java:412)
	at com.kms.katalon.core.main.TestCaseExecutor.accessMainPhase(TestCaseExecutor.java:404)
	at com.kms.katalon.core.main.TestCaseExecutor.execute(TestCaseExecutor.java:281)
	at com.kms.katalon.core.main.TestCaseExecutor.execute(TestCaseExecutor.java:363)
	at com.kms.katalon.core.main.TestCaseExecutor.execute(TestCaseExecutor.java:363)
	at com.kms.katalon.core.main.TestCaseExecutor.execute(TestCaseExecutor.java:363)
	at com.kms.katalon.core.main.TestSuiteExecutor.accessTestCaseMainPhase(TestSuiteExecutor.java:202)
	at com.kms.katalon.core.main.TestSuiteExecutor.accessTestSuiteMainPhase(TestSuiteExecutor.java:164)
	at com.kms.katalon.core.main.TestSuiteExecutor.execute(TestSuiteExecutor.java:105)
	at com.kms.katalon.core.main.TestCaseMain.startTestSuite(TestCaseMain.java:181)
	at com.kms.katalon.core.main.TestCaseMain$startTestSuite$0.call(Unknown Source)
	at TempTestSuite1642427552724.run(TempTestSuite1642427552724.groovy:36)
Caused by: com.kms.katalon.core.exception.StepFailedException: No option matched.
	at com.kms.katalon.core.keyword.internal.KeywordMain.stepFailed(KeywordMain.groovy:50)
	at com.kms.katalon.core.keyword.internal.KeywordMain.stepFailed(KeywordMain.groovy)
	at com.kms.katalon.core.keyword.internal.KeywordMain.stepFailed(KeywordMain.groovy:23)
	at com.kms.katalon.core.webui.keyword.builtin.SelectOptionByValueKeyword$_selectOptionByValue_closure1.doCall(SelectOptionByValueKeyword.groovy:92)
	at com.kms.katalon.core.webui.keyword.builtin.SelectOptionByValueKeyword$_selectOptionByValue_closure1.call(SelectOptionByValueKeyword.groovy)
	at com.kms.katalon.core.webui.keyword.internal.WebUIKeywordMain.runKeyword(WebUIKeywordMain.groovy:20)
	... 22 more]]></system-err>
      </testcase>
      <testcase name="Test Cases/6. Login/Login with email fail (wrong password)" time="9.577" classname="Test Cases/6. Login/Login with email fail (wrong password)" status="FAILED">
         <failure type="FAILED" message="Test Cases/6. Login/Login with email fail (wrong password) FAILED.
Reason:
com.kms.katalon.core.exception.StepFailedException: Unable to select option by value 'login_field_email' of object 'Object Repository/Thang/Page_Element/select_UsernameEmail addressPhone'  using regular expression
	at com.kms.katalon.core.webui.keyword.internal.WebUIKeywordMain.stepFailed(WebUIKeywordMain.groovy:64)
	at com.kms.katalon.core.webui.keyword.internal.WebUIKeywordMain.runKeyword(WebUIKeywordMain.groovy:26)
	at com.kms.katalon.core.webui.keyword.builtin.SelectOptionByValueKeyword.selectOptionByValue(SelectOptionByValueKeyword.groovy:99)
	at com.kms.katalon.core.webui.keyword.builtin.SelectOptionByValueKeyword.execute(SelectOptionByValueKeyword.groovy:71)
	at com.kms.katalon.core.keyword.internal.KeywordExecutor.executeKeywordForPlatform(KeywordExecutor.groovy:74)
	at com.kms.katalon.core.webui.keyword.WebUiBuiltInKeywords.selectOptionByValue(WebUiBuiltInKeywords.groovy:1168)
	at com.kms.katalon.core.webui.keyword.WebUiBuiltInKeywords$selectOptionByValue$2.call(Unknown Source)
	at Login with email fail (wrong password).run(Login with email fail (wrong password):26)
	at com.kms.katalon.core.main.ScriptEngine.run(ScriptEngine.java:194)
	at com.kms.katalon.core.main.ScriptEngine.runScriptAsRawText(ScriptEngine.java:119)
	at com.kms.katalon.core.main.TestCaseExecutor.runScript(TestCaseExecutor.java:442)
	at com.kms.katalon.core.main.TestCaseExecutor.doExecute(TestCaseExecutor.java:433)
	at com.kms.katalon.core.main.TestCaseExecutor.processExecutionPhase(TestCaseExecutor.java:412)
	at com.kms.katalon.core.main.TestCaseExecutor.accessMainPhase(TestCaseExecutor.java:404)
	at com.kms.katalon.core.main.TestCaseExecutor.execute(TestCaseExecutor.java:281)
	at com.kms.katalon.core.main.TestCaseExecutor.execute(TestCaseExecutor.java:363)
	at com.kms.katalon.core.main.TestCaseExecutor.execute(TestCaseExecutor.java:363)
	at com.kms.katalon.core.main.TestCaseExecutor.execute(TestCaseExecutor.java:363)
	at com.kms.katalon.core.main.TestSuiteExecutor.accessTestCaseMainPhase(TestSuiteExecutor.java:202)
	at com.kms.katalon.core.main.TestSuiteExecutor.accessTestSuiteMainPhase(TestSuiteExecutor.java:164)
	at com.kms.katalon.core.main.TestSuiteExecutor.execute(TestSuiteExecutor.java:105)
	at com.kms.katalon.core.main.TestCaseMain.startTestSuite(TestCaseMain.java:181)
	at com.kms.katalon.core.main.TestCaseMain$startTestSuite$0.call(Unknown Source)
	at TempTestSuite1642427552724.run(TempTestSuite1642427552724.groovy:36)
Caused by: com.kms.katalon.core.exception.StepFailedException: No option matched.
	at com.kms.katalon.core.keyword.internal.KeywordMain.stepFailed(KeywordMain.groovy:50)
	at com.kms.katalon.core.keyword.internal.KeywordMain.stepFailed(KeywordMain.groovy)
	at com.kms.katalon.core.keyword.internal.KeywordMain.stepFailed(KeywordMain.groovy:23)
	at com.kms.katalon.core.webui.keyword.builtin.SelectOptionByValueKeyword$_selectOptionByValue_closure1.doCall(SelectOptionByValueKeyword.groovy:92)
	at com.kms.katalon.core.webui.keyword.builtin.SelectOptionByValueKeyword$_selectOptionByValue_closure1.call(SelectOptionByValueKeyword.groovy)
	at com.kms.katalon.core.webui.keyword.internal.WebUIKeywordMain.runKeyword(WebUIKeywordMain.groovy:20)
	... 22 more
"/>
         <system-out><![CDATA[2022-01-17 20:54:25 - [TEST_CASE][FAILED] - Test Cases/6. Login/Login with email fail (wrong password): Test Cases/6. Login/Login with email fail (wrong password) FAILED.
Reason:
com.kms.katalon.core.exception.StepFailedException: Unable to select option by value 'login_field_email' of object 'Object Repository/Thang/Page_Element/select_UsernameEmail addressPhone'  using regular expression
	at com.kms.katalon.core.webui.keyword.internal.WebUIKeywordMain.stepFailed(WebUIKeywordMain.groovy:64)
	at com.kms.katalon.core.webui.keyword.internal.WebUIKeywordMain.runKeyword(WebUIKeywordMain.groovy:26)
	at com.kms.katalon.core.webui.keyword.builtin.SelectOptionByValueKeyword.selectOptionByValue(SelectOptionByValueKeyword.groovy:99)
	at com.kms.katalon.core.webui.keyword.builtin.SelectOptionByValueKeyword.execute(SelectOptionByValueKeyword.groovy:71)
	at com.kms.katalon.core.keyword.internal.KeywordExecutor.executeKeywordForPlatform(KeywordExecutor.groovy:74)
	at com.kms.katalon.core.webui.keyword.WebUiBuiltInKeywords.selectOptionByValue(WebUiBuiltInKeywords.groovy:1168)
	at com.kms.katalon.core.webui.keyword.WebUiBuiltInKeywords$selectOptionByValue$2.call(Unknown Source)
	at Login with email fail (wrong password).run(Login with email fail (wrong password):26)
	at com.kms.katalon.core.main.ScriptEngine.run(ScriptEngine.java:194)
	at com.kms.katalon.core.main.ScriptEngine.runScriptAsRawText(ScriptEngine.java:119)
	at com.kms.katalon.core.main.TestCaseExecutor.runScript(TestCaseExecutor.java:442)
	at com.kms.katalon.core.main.TestCaseExecutor.doExecute(TestCaseExecutor.java:433)
	at com.kms.katalon.core.main.TestCaseExecutor.processExecutionPhase(TestCaseExecutor.java:412)
	at com.kms.katalon.core.main.TestCaseExecutor.accessMainPhase(TestCaseExecutor.java:404)
	at com.kms.katalon.core.main.TestCaseExecutor.execute(TestCaseExecutor.java:281)
	at com.kms.katalon.core.main.TestCaseExecutor.execute(TestCaseExecutor.java:363)
	at com.kms.katalon.core.main.TestCaseExecutor.execute(TestCaseExecutor.java:363)
	at com.kms.katalon.core.main.TestCaseExecutor.execute(TestCaseExecutor.java:363)
	at com.kms.katalon.core.main.TestSuiteExecutor.accessTestCaseMainPhase(TestSuiteExecutor.java:202)
	at com.kms.katalon.core.main.TestSuiteExecutor.accessTestSuiteMainPhase(TestSuiteExecutor.java:164)
	at com.kms.katalon.core.main.TestSuiteExecutor.execute(TestSuiteExecutor.java:105)
	at com.kms.katalon.core.main.TestCaseMain.startTestSuite(TestCaseMain.java:181)
	at com.kms.katalon.core.main.TestCaseMain$startTestSuite$0.call(Unknown Source)
	at TempTestSuite1642427552724.run(TempTestSuite1642427552724.groovy:36)
Caused by: com.kms.katalon.core.exception.StepFailedException: No option matched.
	at com.kms.katalon.core.keyword.internal.KeywordMain.stepFailed(KeywordMain.groovy:50)
	at com.kms.katalon.core.keyword.internal.KeywordMain.stepFailed(KeywordMain.groovy)
	at com.kms.katalon.core.keyword.internal.KeywordMain.stepFailed(KeywordMain.groovy:23)
	at com.kms.katalon.core.webui.keyword.builtin.SelectOptionByValueKeyword$_selectOptionByValue_closure1.doCall(SelectOptionByValueKeyword.groovy:92)
	at com.kms.katalon.core.webui.keyword.builtin.SelectOptionByValueKeyword$_selectOptionByValue_closure1.call(SelectOptionByValueKeyword.groovy)
	at com.kms.katalon.core.webui.keyword.internal.WebUIKeywordMain.runKeyword(WebUIKeywordMain.groovy:20)
	... 22 more


2022-01-17 20:54:25 - [TEST_STEP][PASSED] - openBrowser(""): Browser is opened with url: ''

2022-01-17 20:54:25 - [MESSAGE][WARNING] - A browser is already opened. Closing browser and opening a new one

2022-01-17 20:54:25 - [MESSAGE][INFO] - Starting 'Chrome' driver

2022-01-17 20:54:25 - [MESSAGE][INFO] - Action delay is set to 100 milliseconds

2022-01-17 20:54:26 - [MESSAGE][PASSED] - Browser is opened with url: ''

2022-01-17 20:54:26 - [TEST_STEP][PASSED] - navigateToUrl("http://localhost:8080/"): Navigate to 'http://localhost:8080/' successfully

2022-01-17 20:54:30 - [MESSAGE][PASSED] - Navigate to 'http://localhost:8080/' successfully

2022-01-17 20:54:30 - [TEST_STEP][PASSED] - click(findTestObject("Object Repository/Thang/Page_Element/a_Sign In")): Object: 'Object Repository/Thang/Page_Element/a_Sign In' is clicked on

2022-01-17 20:54:33 - [MESSAGE][PASSED] - Object: 'Object Repository/Thang/Page_Element/a_Sign In' is clicked on

2022-01-17 20:54:33 - [TEST_STEP][FAILED] - selectOptionByValue(findTestObject("Object Repository/Thang/Page_Element/select_UsernameEmail addressPhone"), "login_field_email", true): Unable to select option by value 'login_field_email' of object 'Object Repository/Thang/Page_Element/select_UsernameEmail addressPhone'  using regular expression (Root cause: com.kms.katalon.core.exception.StepFailedException: Unable to select option by value 'login_field_email' of object 'Object Repository/Thang/Page_Element/select_UsernameEmail addressPhone'  using regular expression
	at com.kms.katalon.core.webui.keyword.internal.WebUIKeywordMain.stepFailed(WebUIKeywordMain.groovy:64)
	at com.kms.katalon.core.webui.keyword.internal.WebUIKeywordMain.runKeyword(WebUIKeywordMain.groovy:26)
	at com.kms.katalon.core.webui.keyword.builtin.SelectOptionByValueKeyword.selectOptionByValue(SelectOptionByValueKeyword.groovy:99)
	at com.kms.katalon.core.webui.keyword.builtin.SelectOptionByValueKeyword.execute(SelectOptionByValueKeyword.groovy:71)
	at com.kms.katalon.core.keyword.internal.KeywordExecutor.executeKeywordForPlatform(KeywordExecutor.groovy:74)
	at com.kms.katalon.core.webui.keyword.WebUiBuiltInKeywords.selectOptionByValue(WebUiBuiltInKeywords.groovy:1168)
	at com.kms.katalon.core.webui.keyword.WebUiBuiltInKeywords$selectOptionByValue$2.call(Unknown Source)
	at Login with email fail (wrong password).run(Login with email fail (wrong password):26)
	at com.kms.katalon.core.main.ScriptEngine.run(ScriptEngine.java:194)
	at com.kms.katalon.core.main.ScriptEngine.runScriptAsRawText(ScriptEngine.java:119)
	at com.kms.katalon.core.main.TestCaseExecutor.runScript(TestCaseExecutor.java:442)
	at com.kms.katalon.core.main.TestCaseExecutor.doExecute(TestCaseExecutor.java:433)
	at com.kms.katalon.core.main.TestCaseExecutor.processExecutionPhase(TestCaseExecutor.java:412)
	at com.kms.katalon.core.main.TestCaseExecutor.accessMainPhase(TestCaseExecutor.java:404)
	at com.kms.katalon.core.main.TestCaseExecutor.execute(TestCaseExecutor.java:281)
	at com.kms.katalon.core.main.TestCaseExecutor.execute(TestCaseExecutor.java:363)
	at com.kms.katalon.core.main.TestCaseExecutor.execute(TestCaseExecutor.java:363)
	at com.kms.katalon.core.main.TestCaseExecutor.execute(TestCaseExecutor.java:363)
	at com.kms.katalon.core.main.TestSuiteExecutor.accessTestCaseMainPhase(TestSuiteExecutor.java:202)
	at com.kms.katalon.core.main.TestSuiteExecutor.accessTestSuiteMainPhase(TestSuiteExecutor.java:164)
	at com.kms.katalon.core.main.TestSuiteExecutor.execute(TestSuiteExecutor.java:105)
	at com.kms.katalon.core.main.TestCaseMain.startTestSuite(TestCaseMain.java:181)
	at com.kms.katalon.core.main.TestCaseMain$startTestSuite$0.call(Unknown Source)
	at TempTestSuite1642427552724.run(TempTestSuite1642427552724.groovy:36)
Caused by: com.kms.katalon.core.exception.StepFailedException: No option matched.
	at com.kms.katalon.core.keyword.internal.KeywordMain.stepFailed(KeywordMain.groovy:50)
	at com.kms.katalon.core.keyword.internal.KeywordMain.stepFailed(KeywordMain.groovy)
	at com.kms.katalon.core.keyword.internal.KeywordMain.stepFailed(KeywordMain.groovy:23)
	at com.kms.katalon.core.webui.keyword.builtin.SelectOptionByValueKeyword$_selectOptionByValue_closure1.doCall(SelectOptionByValueKeyword.groovy:92)
	at com.kms.katalon.core.webui.keyword.builtin.SelectOptionByValueKeyword$_selectOptionByValue_closure1.call(SelectOptionByValueKeyword.groovy)
	at com.kms.katalon.core.webui.keyword.internal.WebUIKeywordMain.runKeyword(WebUIKeywordMain.groovy:20)
	at com.kms.katalon.core.webui.keyword.builtin.SelectOptionByValueKeyword.selectOptionByValue(SelectOptionByValueKeyword.groovy:99)
	at com.kms.katalon.core.webui.keyword.builtin.SelectOptionByValueKeyword.execute(SelectOptionByValueKeyword.groovy:71)
	at com.kms.katalon.core.keyword.internal.KeywordExecutor.executeKeywordForPlatform(KeywordExecutor.groovy:74)
	at com.kms.katalon.core.webui.keyword.WebUiBuiltInKeywords.selectOptionByValue(WebUiBuiltInKeywords.groovy:1168)
	at com.kms.katalon.core.webui.keyword.WebUiBuiltInKeywords$selectOptionByValue$2.call(Unknown Source)
	at Script1642402294075.run(Script1642402294075.groovy:26)
	... 16 more
)

2022-01-17 20:54:34 - [MESSAGE][FAILED] - No option matched.

2022-01-17 20:54:35 - [MESSAGE][FAILED] - Unable to select option by value 'login_field_email' of object 'Object Repository/Thang/Page_Element/select_UsernameEmail addressPhone'  using regular expression (Root cause: com.kms.katalon.core.exception.StepFailedException: Unable to select option by value 'login_field_email' of object 'Object Repository/Thang/Page_Element/select_UsernameEmail addressPhone'  using regular expression
	at com.kms.katalon.core.webui.keyword.internal.WebUIKeywordMain.stepFailed(WebUIKeywordMain.groovy:64)
	at com.kms.katalon.core.webui.keyword.internal.WebUIKeywordMain.runKeyword(WebUIKeywordMain.groovy:26)
	at com.kms.katalon.core.webui.keyword.builtin.SelectOptionByValueKeyword.selectOptionByValue(SelectOptionByValueKeyword.groovy:99)
	at com.kms.katalon.core.webui.keyword.builtin.SelectOptionByValueKeyword.execute(SelectOptionByValueKeyword.groovy:71)
	at com.kms.katalon.core.keyword.internal.KeywordExecutor.executeKeywordForPlatform(KeywordExecutor.groovy:74)
	at com.kms.katalon.core.webui.keyword.WebUiBuiltInKeywords.selectOptionByValue(WebUiBuiltInKeywords.groovy:1168)
	at com.kms.katalon.core.webui.keyword.WebUiBuiltInKeywords$selectOptionByValue$2.call(Unknown Source)
	at Login with email fail (wrong password).run(Login with email fail (wrong password):26)
	at com.kms.katalon.core.main.ScriptEngine.run(ScriptEngine.java:194)
	at com.kms.katalon.core.main.ScriptEngine.runScriptAsRawText(ScriptEngine.java:119)
	at com.kms.katalon.core.main.TestCaseExecutor.runScript(TestCaseExecutor.java:442)
	at com.kms.katalon.core.main.TestCaseExecutor.doExecute(TestCaseExecutor.java:433)
	at com.kms.katalon.core.main.TestCaseExecutor.processExecutionPhase(TestCaseExecutor.java:412)
	at com.kms.katalon.core.main.TestCaseExecutor.accessMainPhase(TestCaseExecutor.java:404)
	at com.kms.katalon.core.main.TestCaseExecutor.execute(TestCaseExecutor.java:281)
	at com.kms.katalon.core.main.TestCaseExecutor.execute(TestCaseExecutor.java:363)
	at com.kms.katalon.core.main.TestCaseExecutor.execute(TestCaseExecutor.java:363)
	at com.kms.katalon.core.main.TestCaseExecutor.execute(TestCaseExecutor.java:363)
	at com.kms.katalon.core.main.TestSuiteExecutor.accessTestCaseMainPhase(TestSuiteExecutor.java:202)
	at com.kms.katalon.core.main.TestSuiteExecutor.accessTestSuiteMainPhase(TestSuiteExecutor.java:164)
	at com.kms.katalon.core.main.TestSuiteExecutor.execute(TestSuiteExecutor.java:105)
	at com.kms.katalon.core.main.TestCaseMain.startTestSuite(TestCaseMain.java:181)
	at com.kms.katalon.core.main.TestCaseMain$startTestSuite$0.call(Unknown Source)
	at TempTestSuite1642427552724.run(TempTestSuite1642427552724.groovy:36)
Caused by: com.kms.katalon.core.exception.StepFailedException: No option matched.
	at com.kms.katalon.core.keyword.internal.KeywordMain.stepFailed(KeywordMain.groovy:50)
	at com.kms.katalon.core.keyword.internal.KeywordMain.stepFailed(KeywordMain.groovy)
	at com.kms.katalon.core.keyword.internal.KeywordMain.stepFailed(KeywordMain.groovy:23)
	at com.kms.katalon.core.webui.keyword.builtin.SelectOptionByValueKeyword$_selectOptionByValue_closure1.doCall(SelectOptionByValueKeyword.groovy:92)
	at com.kms.katalon.core.webui.keyword.builtin.SelectOptionByValueKeyword$_selectOptionByValue_closure1.call(SelectOptionByValueKeyword.groovy)
	at com.kms.katalon.core.webui.keyword.internal.WebUIKeywordMain.runKeyword(WebUIKeywordMain.groovy:20)
	at com.kms.katalon.core.webui.keyword.builtin.SelectOptionByValueKeyword.selectOptionByValue(SelectOptionByValueKeyword.groovy:99)
	at com.kms.katalon.core.webui.keyword.builtin.SelectOptionByValueKeyword.execute(SelectOptionByValueKeyword.groovy:71)
	at com.kms.katalon.core.keyword.internal.KeywordExecutor.executeKeywordForPlatform(KeywordExecutor.groovy:74)
	at com.kms.katalon.core.webui.keyword.WebUiBuiltInKeywords.selectOptionByValue(WebUiBuiltInKeywords.groovy:1168)
	at com.kms.katalon.core.webui.keyword.WebUiBuiltInKeywords$selectOptionByValue$2.call(Unknown Source)
	at Script1642402294075.run(Script1642402294075.groovy:26)
	... 16 more
)
[[ATTACHMENT|/home/mml/Code/Katalon-Test-2/Reports/20220117_205231/Run all test cases/20220117_205232/1642427674842.png]]]]></system-out>
         <system-err><![CDATA[2022-01-17 20:54:25 - [TEST_CASE][FAILED] - Test Cases/6. Login/Login with email fail (wrong password): Test Cases/6. Login/Login with email fail (wrong password) FAILED.
Reason:
com.kms.katalon.core.exception.StepFailedException: Unable to select option by value 'login_field_email' of object 'Object Repository/Thang/Page_Element/select_UsernameEmail addressPhone'  using regular expression
	at com.kms.katalon.core.webui.keyword.internal.WebUIKeywordMain.stepFailed(WebUIKeywordMain.groovy:64)
	at com.kms.katalon.core.webui.keyword.internal.WebUIKeywordMain.runKeyword(WebUIKeywordMain.groovy:26)
	at com.kms.katalon.core.webui.keyword.builtin.SelectOptionByValueKeyword.selectOptionByValue(SelectOptionByValueKeyword.groovy:99)
	at com.kms.katalon.core.webui.keyword.builtin.SelectOptionByValueKeyword.execute(SelectOptionByValueKeyword.groovy:71)
	at com.kms.katalon.core.keyword.internal.KeywordExecutor.executeKeywordForPlatform(KeywordExecutor.groovy:74)
	at com.kms.katalon.core.webui.keyword.WebUiBuiltInKeywords.selectOptionByValue(WebUiBuiltInKeywords.groovy:1168)
	at com.kms.katalon.core.webui.keyword.WebUiBuiltInKeywords$selectOptionByValue$2.call(Unknown Source)
	at Login with email fail (wrong password).run(Login with email fail (wrong password):26)
	at com.kms.katalon.core.main.ScriptEngine.run(ScriptEngine.java:194)
	at com.kms.katalon.core.main.ScriptEngine.runScriptAsRawText(ScriptEngine.java:119)
	at com.kms.katalon.core.main.TestCaseExecutor.runScript(TestCaseExecutor.java:442)
	at com.kms.katalon.core.main.TestCaseExecutor.doExecute(TestCaseExecutor.java:433)
	at com.kms.katalon.core.main.TestCaseExecutor.processExecutionPhase(TestCaseExecutor.java:412)
	at com.kms.katalon.core.main.TestCaseExecutor.accessMainPhase(TestCaseExecutor.java:404)
	at com.kms.katalon.core.main.TestCaseExecutor.execute(TestCaseExecutor.java:281)
	at com.kms.katalon.core.main.TestCaseExecutor.execute(TestCaseExecutor.java:363)
	at com.kms.katalon.core.main.TestCaseExecutor.execute(TestCaseExecutor.java:363)
	at com.kms.katalon.core.main.TestCaseExecutor.execute(TestCaseExecutor.java:363)
	at com.kms.katalon.core.main.TestSuiteExecutor.accessTestCaseMainPhase(TestSuiteExecutor.java:202)
	at com.kms.katalon.core.main.TestSuiteExecutor.accessTestSuiteMainPhase(TestSuiteExecutor.java:164)
	at com.kms.katalon.core.main.TestSuiteExecutor.execute(TestSuiteExecutor.java:105)
	at com.kms.katalon.core.main.TestCaseMain.startTestSuite(TestCaseMain.java:181)
	at com.kms.katalon.core.main.TestCaseMain$startTestSuite$0.call(Unknown Source)
	at TempTestSuite1642427552724.run(TempTestSuite1642427552724.groovy:36)
Caused by: com.kms.katalon.core.exception.StepFailedException: No option matched.
	at com.kms.katalon.core.keyword.internal.KeywordMain.stepFailed(KeywordMain.groovy:50)
	at com.kms.katalon.core.keyword.internal.KeywordMain.stepFailed(KeywordMain.groovy)
	at com.kms.katalon.core.keyword.internal.KeywordMain.stepFailed(KeywordMain.groovy:23)
	at com.kms.katalon.core.webui.keyword.builtin.SelectOptionByValueKeyword$_selectOptionByValue_closure1.doCall(SelectOptionByValueKeyword.groovy:92)
	at com.kms.katalon.core.webui.keyword.builtin.SelectOptionByValueKeyword$_selectOptionByValue_closure1.call(SelectOptionByValueKeyword.groovy)
	at com.kms.katalon.core.webui.keyword.internal.WebUIKeywordMain.runKeyword(WebUIKeywordMain.groovy:20)
	... 22 more]]></system-err>
      </testcase>
      <testcase name="Test Cases/6. Login/Login with phone fail" time="9.652" classname="Test Cases/6. Login/Login with phone fail" status="FAILED">
         <failure type="FAILED" message="Test Cases/6. Login/Login with phone fail FAILED.
Reason:
com.kms.katalon.core.exception.StepFailedException: Unable to select option by value 'login_field_phone' of object 'Object Repository/Thang/Page_Element/select_UsernameEmail addressPhone'  using regular expression
	at com.kms.katalon.core.webui.keyword.internal.WebUIKeywordMain.stepFailed(WebUIKeywordMain.groovy:64)
	at com.kms.katalon.core.webui.keyword.internal.WebUIKeywordMain.runKeyword(WebUIKeywordMain.groovy:26)
	at com.kms.katalon.core.webui.keyword.builtin.SelectOptionByValueKeyword.selectOptionByValue(SelectOptionByValueKeyword.groovy:99)
	at com.kms.katalon.core.webui.keyword.builtin.SelectOptionByValueKeyword.execute(SelectOptionByValueKeyword.groovy:71)
	at com.kms.katalon.core.keyword.internal.KeywordExecutor.executeKeywordForPlatform(KeywordExecutor.groovy:74)
	at com.kms.katalon.core.webui.keyword.WebUiBuiltInKeywords.selectOptionByValue(WebUiBuiltInKeywords.groovy:1168)
	at com.kms.katalon.core.webui.keyword.WebUiBuiltInKeywords$selectOptionByValue$2.call(Unknown Source)
	at Login with phone fail.run(Login with phone fail:26)
	at com.kms.katalon.core.main.ScriptEngine.run(ScriptEngine.java:194)
	at com.kms.katalon.core.main.ScriptEngine.runScriptAsRawText(ScriptEngine.java:119)
	at com.kms.katalon.core.main.TestCaseExecutor.runScript(TestCaseExecutor.java:442)
	at com.kms.katalon.core.main.TestCaseExecutor.doExecute(TestCaseExecutor.java:433)
	at com.kms.katalon.core.main.TestCaseExecutor.processExecutionPhase(TestCaseExecutor.java:412)
	at com.kms.katalon.core.main.TestCaseExecutor.accessMainPhase(TestCaseExecutor.java:404)
	at com.kms.katalon.core.main.TestCaseExecutor.execute(TestCaseExecutor.java:281)
	at com.kms.katalon.core.main.TestCaseExecutor.execute(TestCaseExecutor.java:363)
	at com.kms.katalon.core.main.TestCaseExecutor.execute(TestCaseExecutor.java:363)
	at com.kms.katalon.core.main.TestCaseExecutor.execute(TestCaseExecutor.java:363)
	at com.kms.katalon.core.main.TestSuiteExecutor.accessTestCaseMainPhase(TestSuiteExecutor.java:202)
	at com.kms.katalon.core.main.TestSuiteExecutor.accessTestSuiteMainPhase(TestSuiteExecutor.java:164)
	at com.kms.katalon.core.main.TestSuiteExecutor.execute(TestSuiteExecutor.java:105)
	at com.kms.katalon.core.main.TestCaseMain.startTestSuite(TestCaseMain.java:181)
	at com.kms.katalon.core.main.TestCaseMain$startTestSuite$0.call(Unknown Source)
	at TempTestSuite1642427552724.run(TempTestSuite1642427552724.groovy:36)
Caused by: com.kms.katalon.core.exception.StepFailedException: No option matched.
	at com.kms.katalon.core.keyword.internal.KeywordMain.stepFailed(KeywordMain.groovy:50)
	at com.kms.katalon.core.keyword.internal.KeywordMain.stepFailed(KeywordMain.groovy)
	at com.kms.katalon.core.keyword.internal.KeywordMain.stepFailed(KeywordMain.groovy:23)
	at com.kms.katalon.core.webui.keyword.builtin.SelectOptionByValueKeyword$_selectOptionByValue_closure1.doCall(SelectOptionByValueKeyword.groovy:92)
	at com.kms.katalon.core.webui.keyword.builtin.SelectOptionByValueKeyword$_selectOptionByValue_closure1.call(SelectOptionByValueKeyword.groovy)
	at com.kms.katalon.core.webui.keyword.internal.WebUIKeywordMain.runKeyword(WebUIKeywordMain.groovy:20)
	... 22 more
"/>
         <system-out><![CDATA[2022-01-17 20:55:01 - [TEST_CASE][FAILED] - Test Cases/6. Login/Login with phone fail: Test Cases/6. Login/Login with phone fail FAILED.
Reason:
com.kms.katalon.core.exception.StepFailedException: Unable to select option by value 'login_field_phone' of object 'Object Repository/Thang/Page_Element/select_UsernameEmail addressPhone'  using regular expression
	at com.kms.katalon.core.webui.keyword.internal.WebUIKeywordMain.stepFailed(WebUIKeywordMain.groovy:64)
	at com.kms.katalon.core.webui.keyword.internal.WebUIKeywordMain.runKeyword(WebUIKeywordMain.groovy:26)
	at com.kms.katalon.core.webui.keyword.builtin.SelectOptionByValueKeyword.selectOptionByValue(SelectOptionByValueKeyword.groovy:99)
	at com.kms.katalon.core.webui.keyword.builtin.SelectOptionByValueKeyword.execute(SelectOptionByValueKeyword.groovy:71)
	at com.kms.katalon.core.keyword.internal.KeywordExecutor.executeKeywordForPlatform(KeywordExecutor.groovy:74)
	at com.kms.katalon.core.webui.keyword.WebUiBuiltInKeywords.selectOptionByValue(WebUiBuiltInKeywords.groovy:1168)
	at com.kms.katalon.core.webui.keyword.WebUiBuiltInKeywords$selectOptionByValue$2.call(Unknown Source)
	at Login with phone fail.run(Login with phone fail:26)
	at com.kms.katalon.core.main.ScriptEngine.run(ScriptEngine.java:194)
	at com.kms.katalon.core.main.ScriptEngine.runScriptAsRawText(ScriptEngine.java:119)
	at com.kms.katalon.core.main.TestCaseExecutor.runScript(TestCaseExecutor.java:442)
	at com.kms.katalon.core.main.TestCaseExecutor.doExecute(TestCaseExecutor.java:433)
	at com.kms.katalon.core.main.TestCaseExecutor.processExecutionPhase(TestCaseExecutor.java:412)
	at com.kms.katalon.core.main.TestCaseExecutor.accessMainPhase(TestCaseExecutor.java:404)
	at com.kms.katalon.core.main.TestCaseExecutor.execute(TestCaseExecutor.java:281)
	at com.kms.katalon.core.main.TestCaseExecutor.execute(TestCaseExecutor.java:363)
	at com.kms.katalon.core.main.TestCaseExecutor.execute(TestCaseExecutor.java:363)
	at com.kms.katalon.core.main.TestCaseExecutor.execute(TestCaseExecutor.java:363)
	at com.kms.katalon.core.main.TestSuiteExecutor.accessTestCaseMainPhase(TestSuiteExecutor.java:202)
	at com.kms.katalon.core.main.TestSuiteExecutor.accessTestSuiteMainPhase(TestSuiteExecutor.java:164)
	at com.kms.katalon.core.main.TestSuiteExecutor.execute(TestSuiteExecutor.java:105)
	at com.kms.katalon.core.main.TestCaseMain.startTestSuite(TestCaseMain.java:181)
	at com.kms.katalon.core.main.TestCaseMain$startTestSuite$0.call(Unknown Source)
	at TempTestSuite1642427552724.run(TempTestSuite1642427552724.groovy:36)
Caused by: com.kms.katalon.core.exception.StepFailedException: No option matched.
	at com.kms.katalon.core.keyword.internal.KeywordMain.stepFailed(KeywordMain.groovy:50)
	at com.kms.katalon.core.keyword.internal.KeywordMain.stepFailed(KeywordMain.groovy)
	at com.kms.katalon.core.keyword.internal.KeywordMain.stepFailed(KeywordMain.groovy:23)
	at com.kms.katalon.core.webui.keyword.builtin.SelectOptionByValueKeyword$_selectOptionByValue_closure1.doCall(SelectOptionByValueKeyword.groovy:92)
	at com.kms.katalon.core.webui.keyword.builtin.SelectOptionByValueKeyword$_selectOptionByValue_closure1.call(SelectOptionByValueKeyword.groovy)
	at com.kms.katalon.core.webui.keyword.internal.WebUIKeywordMain.runKeyword(WebUIKeywordMain.groovy:20)
	... 22 more


2022-01-17 20:55:01 - [TEST_STEP][PASSED] - openBrowser(""): Browser is opened with url: ''

2022-01-17 20:55:01 - [MESSAGE][WARNING] - A browser is already opened. Closing browser and opening a new one

2022-01-17 20:55:01 - [MESSAGE][INFO] - Starting 'Chrome' driver

2022-01-17 20:55:01 - [MESSAGE][INFO] - Action delay is set to 100 milliseconds

2022-01-17 20:55:02 - [MESSAGE][PASSED] - Browser is opened with url: ''

2022-01-17 20:55:02 - [TEST_STEP][PASSED] - navigateToUrl("http://localhost:8080/"): Navigate to 'http://localhost:8080/' successfully

2022-01-17 20:55:04 - [MESSAGE][PASSED] - Navigate to 'http://localhost:8080/' successfully

2022-01-17 20:55:04 - [TEST_STEP][PASSED] - click(findTestObject("Object Repository/Thang/Page_Element/a_Sign In")): Object: 'Object Repository/Thang/Page_Element/a_Sign In' is clicked on

2022-01-17 20:55:09 - [MESSAGE][PASSED] - Object: 'Object Repository/Thang/Page_Element/a_Sign In' is clicked on

2022-01-17 20:55:09 - [TEST_STEP][FAILED] - selectOptionByValue(findTestObject("Object Repository/Thang/Page_Element/select_UsernameEmail addressPhone"), "login_field_phone", true): Unable to select option by value 'login_field_phone' of object 'Object Repository/Thang/Page_Element/select_UsernameEmail addressPhone'  using regular expression (Root cause: com.kms.katalon.core.exception.StepFailedException: Unable to select option by value 'login_field_phone' of object 'Object Repository/Thang/Page_Element/select_UsernameEmail addressPhone'  using regular expression
	at com.kms.katalon.core.webui.keyword.internal.WebUIKeywordMain.stepFailed(WebUIKeywordMain.groovy:64)
	at com.kms.katalon.core.webui.keyword.internal.WebUIKeywordMain.runKeyword(WebUIKeywordMain.groovy:26)
	at com.kms.katalon.core.webui.keyword.builtin.SelectOptionByValueKeyword.selectOptionByValue(SelectOptionByValueKeyword.groovy:99)
	at com.kms.katalon.core.webui.keyword.builtin.SelectOptionByValueKeyword.execute(SelectOptionByValueKeyword.groovy:71)
	at com.kms.katalon.core.keyword.internal.KeywordExecutor.executeKeywordForPlatform(KeywordExecutor.groovy:74)
	at com.kms.katalon.core.webui.keyword.WebUiBuiltInKeywords.selectOptionByValue(WebUiBuiltInKeywords.groovy:1168)
	at com.kms.katalon.core.webui.keyword.WebUiBuiltInKeywords$selectOptionByValue$2.call(Unknown Source)
	at Login with phone fail.run(Login with phone fail:26)
	at com.kms.katalon.core.main.ScriptEngine.run(ScriptEngine.java:194)
	at com.kms.katalon.core.main.ScriptEngine.runScriptAsRawText(ScriptEngine.java:119)
	at com.kms.katalon.core.main.TestCaseExecutor.runScript(TestCaseExecutor.java:442)
	at com.kms.katalon.core.main.TestCaseExecutor.doExecute(TestCaseExecutor.java:433)
	at com.kms.katalon.core.main.TestCaseExecutor.processExecutionPhase(TestCaseExecutor.java:412)
	at com.kms.katalon.core.main.TestCaseExecutor.accessMainPhase(TestCaseExecutor.java:404)
	at com.kms.katalon.core.main.TestCaseExecutor.execute(TestCaseExecutor.java:281)
	at com.kms.katalon.core.main.TestCaseExecutor.execute(TestCaseExecutor.java:363)
	at com.kms.katalon.core.main.TestCaseExecutor.execute(TestCaseExecutor.java:363)
	at com.kms.katalon.core.main.TestCaseExecutor.execute(TestCaseExecutor.java:363)
	at com.kms.katalon.core.main.TestSuiteExecutor.accessTestCaseMainPhase(TestSuiteExecutor.java:202)
	at com.kms.katalon.core.main.TestSuiteExecutor.accessTestSuiteMainPhase(TestSuiteExecutor.java:164)
	at com.kms.katalon.core.main.TestSuiteExecutor.execute(TestSuiteExecutor.java:105)
	at com.kms.katalon.core.main.TestCaseMain.startTestSuite(TestCaseMain.java:181)
	at com.kms.katalon.core.main.TestCaseMain$startTestSuite$0.call(Unknown Source)
	at TempTestSuite1642427552724.run(TempTestSuite1642427552724.groovy:36)
Caused by: com.kms.katalon.core.exception.StepFailedException: No option matched.
	at com.kms.katalon.core.keyword.internal.KeywordMain.stepFailed(KeywordMain.groovy:50)
	at com.kms.katalon.core.keyword.internal.KeywordMain.stepFailed(KeywordMain.groovy)
	at com.kms.katalon.core.keyword.internal.KeywordMain.stepFailed(KeywordMain.groovy:23)
	at com.kms.katalon.core.webui.keyword.builtin.SelectOptionByValueKeyword$_selectOptionByValue_closure1.doCall(SelectOptionByValueKeyword.groovy:92)
	at com.kms.katalon.core.webui.keyword.builtin.SelectOptionByValueKeyword$_selectOptionByValue_closure1.call(SelectOptionByValueKeyword.groovy)
	at com.kms.katalon.core.webui.keyword.internal.WebUIKeywordMain.runKeyword(WebUIKeywordMain.groovy:20)
	at com.kms.katalon.core.webui.keyword.builtin.SelectOptionByValueKeyword.selectOptionByValue(SelectOptionByValueKeyword.groovy:99)
	at com.kms.katalon.core.webui.keyword.builtin.SelectOptionByValueKeyword.execute(SelectOptionByValueKeyword.groovy:71)
	at com.kms.katalon.core.keyword.internal.KeywordExecutor.executeKeywordForPlatform(KeywordExecutor.groovy:74)
	at com.kms.katalon.core.webui.keyword.WebUiBuiltInKeywords.selectOptionByValue(WebUiBuiltInKeywords.groovy:1168)
	at com.kms.katalon.core.webui.keyword.WebUiBuiltInKeywords$selectOptionByValue$2.call(Unknown Source)
	at Script1642402294086.run(Script1642402294086.groovy:26)
	... 16 more
)

2022-01-17 20:55:10 - [MESSAGE][FAILED] - No option matched.

2022-01-17 20:55:11 - [MESSAGE][FAILED] - Unable to select option by value 'login_field_phone' of object 'Object Repository/Thang/Page_Element/select_UsernameEmail addressPhone'  using regular expression (Root cause: com.kms.katalon.core.exception.StepFailedException: Unable to select option by value 'login_field_phone' of object 'Object Repository/Thang/Page_Element/select_UsernameEmail addressPhone'  using regular expression
	at com.kms.katalon.core.webui.keyword.internal.WebUIKeywordMain.stepFailed(WebUIKeywordMain.groovy:64)
	at com.kms.katalon.core.webui.keyword.internal.WebUIKeywordMain.runKeyword(WebUIKeywordMain.groovy:26)
	at com.kms.katalon.core.webui.keyword.builtin.SelectOptionByValueKeyword.selectOptionByValue(SelectOptionByValueKeyword.groovy:99)
	at com.kms.katalon.core.webui.keyword.builtin.SelectOptionByValueKeyword.execute(SelectOptionByValueKeyword.groovy:71)
	at com.kms.katalon.core.keyword.internal.KeywordExecutor.executeKeywordForPlatform(KeywordExecutor.groovy:74)
	at com.kms.katalon.core.webui.keyword.WebUiBuiltInKeywords.selectOptionByValue(WebUiBuiltInKeywords.groovy:1168)
	at com.kms.katalon.core.webui.keyword.WebUiBuiltInKeywords$selectOptionByValue$2.call(Unknown Source)
	at Login with phone fail.run(Login with phone fail:26)
	at com.kms.katalon.core.main.ScriptEngine.run(ScriptEngine.java:194)
	at com.kms.katalon.core.main.ScriptEngine.runScriptAsRawText(ScriptEngine.java:119)
	at com.kms.katalon.core.main.TestCaseExecutor.runScript(TestCaseExecutor.java:442)
	at com.kms.katalon.core.main.TestCaseExecutor.doExecute(TestCaseExecutor.java:433)
	at com.kms.katalon.core.main.TestCaseExecutor.processExecutionPhase(TestCaseExecutor.java:412)
	at com.kms.katalon.core.main.TestCaseExecutor.accessMainPhase(TestCaseExecutor.java:404)
	at com.kms.katalon.core.main.TestCaseExecutor.execute(TestCaseExecutor.java:281)
	at com.kms.katalon.core.main.TestCaseExecutor.execute(TestCaseExecutor.java:363)
	at com.kms.katalon.core.main.TestCaseExecutor.execute(TestCaseExecutor.java:363)
	at com.kms.katalon.core.main.TestCaseExecutor.execute(TestCaseExecutor.java:363)
	at com.kms.katalon.core.main.TestSuiteExecutor.accessTestCaseMainPhase(TestSuiteExecutor.java:202)
	at com.kms.katalon.core.main.TestSuiteExecutor.accessTestSuiteMainPhase(TestSuiteExecutor.java:164)
	at com.kms.katalon.core.main.TestSuiteExecutor.execute(TestSuiteExecutor.java:105)
	at com.kms.katalon.core.main.TestCaseMain.startTestSuite(TestCaseMain.java:181)
	at com.kms.katalon.core.main.TestCaseMain$startTestSuite$0.call(Unknown Source)
	at TempTestSuite1642427552724.run(TempTestSuite1642427552724.groovy:36)
Caused by: com.kms.katalon.core.exception.StepFailedException: No option matched.
	at com.kms.katalon.core.keyword.internal.KeywordMain.stepFailed(KeywordMain.groovy:50)
	at com.kms.katalon.core.keyword.internal.KeywordMain.stepFailed(KeywordMain.groovy)
	at com.kms.katalon.core.keyword.internal.KeywordMain.stepFailed(KeywordMain.groovy:23)
	at com.kms.katalon.core.webui.keyword.builtin.SelectOptionByValueKeyword$_selectOptionByValue_closure1.doCall(SelectOptionByValueKeyword.groovy:92)
	at com.kms.katalon.core.webui.keyword.builtin.SelectOptionByValueKeyword$_selectOptionByValue_closure1.call(SelectOptionByValueKeyword.groovy)
	at com.kms.katalon.core.webui.keyword.internal.WebUIKeywordMain.runKeyword(WebUIKeywordMain.groovy:20)
	at com.kms.katalon.core.webui.keyword.builtin.SelectOptionByValueKeyword.selectOptionByValue(SelectOptionByValueKeyword.groovy:99)
	at com.kms.katalon.core.webui.keyword.builtin.SelectOptionByValueKeyword.execute(SelectOptionByValueKeyword.groovy:71)
	at com.kms.katalon.core.keyword.internal.KeywordExecutor.executeKeywordForPlatform(KeywordExecutor.groovy:74)
	at com.kms.katalon.core.webui.keyword.WebUiBuiltInKeywords.selectOptionByValue(WebUiBuiltInKeywords.groovy:1168)
	at com.kms.katalon.core.webui.keyword.WebUiBuiltInKeywords$selectOptionByValue$2.call(Unknown Source)
	at Script1642402294086.run(Script1642402294086.groovy:26)
	... 16 more
)
[[ATTACHMENT|/home/mml/Code/Katalon-Test-2/Reports/20220117_205231/Run all test cases/20220117_205232/1642427710859.png]]]]></system-out>
         <system-err><![CDATA[2022-01-17 20:55:01 - [TEST_CASE][FAILED] - Test Cases/6. Login/Login with phone fail: Test Cases/6. Login/Login with phone fail FAILED.
Reason:
com.kms.katalon.core.exception.StepFailedException: Unable to select option by value 'login_field_phone' of object 'Object Repository/Thang/Page_Element/select_UsernameEmail addressPhone'  using regular expression
	at com.kms.katalon.core.webui.keyword.internal.WebUIKeywordMain.stepFailed(WebUIKeywordMain.groovy:64)
	at com.kms.katalon.core.webui.keyword.internal.WebUIKeywordMain.runKeyword(WebUIKeywordMain.groovy:26)
	at com.kms.katalon.core.webui.keyword.builtin.SelectOptionByValueKeyword.selectOptionByValue(SelectOptionByValueKeyword.groovy:99)
	at com.kms.katalon.core.webui.keyword.builtin.SelectOptionByValueKeyword.execute(SelectOptionByValueKeyword.groovy:71)
	at com.kms.katalon.core.keyword.internal.KeywordExecutor.executeKeywordForPlatform(KeywordExecutor.groovy:74)
	at com.kms.katalon.core.webui.keyword.WebUiBuiltInKeywords.selectOptionByValue(WebUiBuiltInKeywords.groovy:1168)
	at com.kms.katalon.core.webui.keyword.WebUiBuiltInKeywords$selectOptionByValue$2.call(Unknown Source)
	at Login with phone fail.run(Login with phone fail:26)
	at com.kms.katalon.core.main.ScriptEngine.run(ScriptEngine.java:194)
	at com.kms.katalon.core.main.ScriptEngine.runScriptAsRawText(ScriptEngine.java:119)
	at com.kms.katalon.core.main.TestCaseExecutor.runScript(TestCaseExecutor.java:442)
	at com.kms.katalon.core.main.TestCaseExecutor.doExecute(TestCaseExecutor.java:433)
	at com.kms.katalon.core.main.TestCaseExecutor.processExecutionPhase(TestCaseExecutor.java:412)
	at com.kms.katalon.core.main.TestCaseExecutor.accessMainPhase(TestCaseExecutor.java:404)
	at com.kms.katalon.core.main.TestCaseExecutor.execute(TestCaseExecutor.java:281)
	at com.kms.katalon.core.main.TestCaseExecutor.execute(TestCaseExecutor.java:363)
	at com.kms.katalon.core.main.TestCaseExecutor.execute(TestCaseExecutor.java:363)
	at com.kms.katalon.core.main.TestCaseExecutor.execute(TestCaseExecutor.java:363)
	at com.kms.katalon.core.main.TestSuiteExecutor.accessTestCaseMainPhase(TestSuiteExecutor.java:202)
	at com.kms.katalon.core.main.TestSuiteExecutor.accessTestSuiteMainPhase(TestSuiteExecutor.java:164)
	at com.kms.katalon.core.main.TestSuiteExecutor.execute(TestSuiteExecutor.java:105)
	at com.kms.katalon.core.main.TestCaseMain.startTestSuite(TestCaseMain.java:181)
	at com.kms.katalon.core.main.TestCaseMain$startTestSuite$0.call(Unknown Source)
	at TempTestSuite1642427552724.run(TempTestSuite1642427552724.groovy:36)
Caused by: com.kms.katalon.core.exception.StepFailedException: No option matched.
	at com.kms.katalon.core.keyword.internal.KeywordMain.stepFailed(KeywordMain.groovy:50)
	at com.kms.katalon.core.keyword.internal.KeywordMain.stepFailed(KeywordMain.groovy)
	at com.kms.katalon.core.keyword.internal.KeywordMain.stepFailed(KeywordMain.groovy:23)
	at com.kms.katalon.core.webui.keyword.builtin.SelectOptionByValueKeyword$_selectOptionByValue_closure1.doCall(SelectOptionByValueKeyword.groovy:92)
	at com.kms.katalon.core.webui.keyword.builtin.SelectOptionByValueKeyword$_selectOptionByValue_closure1.call(SelectOptionByValueKeyword.groovy)
	at com.kms.katalon.core.webui.keyword.internal.WebUIKeywordMain.runKeyword(WebUIKeywordMain.groovy:20)
	... 22 more]]></system-err>
      </testcase>
      <testcase name="Test Cases/6. Login/Login with username" time="22.254" classname="Test Cases/6. Login/Login with username" status="PASSED">
         <system-out><![CDATA[2022-01-17 20:55:11 - [TEST_CASE][PASSED] - Test Cases/6. Login/Login with username: Test Cases/6. Login/Login with username

2022-01-17 20:55:11 - [TEST_STEP][PASSED] - openBrowser(""): Browser is opened with url: ''

2022-01-17 20:55:11 - [MESSAGE][WARNING] - A browser is already opened. Closing browser and opening a new one

2022-01-17 20:55:11 - [MESSAGE][INFO] - Starting 'Chrome' driver

2022-01-17 20:55:11 - [MESSAGE][INFO] - Action delay is set to 100 milliseconds

2022-01-17 20:55:12 - [MESSAGE][PASSED] - Browser is opened with url: ''

2022-01-17 20:55:12 - [TEST_STEP][PASSED] - maximizeWindow(): Current window maximized

2022-01-17 20:55:12 - [MESSAGE][PASSED] - Current window maximized

2022-01-17 20:55:12 - [TEST_STEP][PASSED] - navigateToUrl("http://localhost:8080/"): Navigate to 'http://localhost:8080/' successfully

2022-01-17 20:55:15 - [MESSAGE][PASSED] - Navigate to 'http://localhost:8080/' successfully

2022-01-17 20:55:15 - [TEST_STEP][PASSED] - click(findTestObject("Object Repository/Thang/Page_Element/a_Sign In")): Object: 'Object Repository/Thang/Page_Element/a_Sign In' is clicked on

2022-01-17 20:55:20 - [MESSAGE][PASSED] - Object: 'Object Repository/Thang/Page_Element/a_Sign In' is clicked on

2022-01-17 20:55:20 - [TEST_STEP][PASSED] - setText(findTestObject("Object Repository/Thang/Page_Element/input_Sign in with_username"), "catalontest1"): Text 'catalontest1' is set on object 'Object Repository/Thang/Page_Element/input_Sign in with_username'

2022-01-17 20:55:22 - [MESSAGE][PASSED] - Text 'catalontest1' is set on object 'Object Repository/Thang/Page_Element/input_Sign in with_username'

2022-01-17 20:55:22 - [TEST_STEP][PASSED] - setEncryptedText(findTestObject("Object Repository/Thang/Page_Element/input_Username_password"), "IVP3EFuX5Soi+L5J3PmWRw=="): Text ****** has been set on object 'Object Repository/Thang/Page_Element/input_Username_password'

2022-01-17 20:55:23 - [MESSAGE][PASSED] - Text ****** has been set on object 'Object Repository/Thang/Page_Element/input_Username_password'

2022-01-17 20:55:23 - [TEST_STEP][PASSED] - click(findTestObject("Object Repository/Thang/Page_Element/input_Forgot password_mx_Login_submit")): Object: 'Object Repository/Thang/Page_Element/input_Forgot password_mx_Login_submit' is clicked on

2022-01-17 20:55:23 - [MESSAGE][PASSED] - Object: 'Object Repository/Thang/Page_Element/input_Forgot password_mx_Login_submit' is clicked on

2022-01-17 20:55:23 - [TEST_STEP][PASSED] - click(findTestObject("Object Repository/Thang/Page_Element/div_Verify with Security Key")): Object: 'Object Repository/Thang/Page_Element/div_Verify with Security Key' is clicked on

2022-01-17 20:55:31 - [MESSAGE][PASSED] - Object: 'Object Repository/Thang/Page_Element/div_Verify with Security Key' is clicked on

2022-01-17 20:55:31 - [TEST_STEP][PASSED] - setEncryptedText(findTestObject("Object Repository/Thang/Page_Element/input_Security Key_mx_Field_4"), "KcTIxEe86JlbIbDMhEOGDxm8TOo5sVjpulf8hwfL6DCmnHQLN2q0ty2pbg9r9Jrm7267l8Wa9qCJrW4e/iwRSw=="): Text ****** has been set on object 'Object Repository/Thang/Page_Element/input_Security Key_mx_Field_4'

2022-01-17 20:55:32 - [MESSAGE][PASSED] - Text ****** has been set on object 'Object Repository/Thang/Page_Element/input_Security Key_mx_Field_4'

2022-01-17 20:55:32 - [TEST_STEP][PASSED] - click(findTestObject("Object Repository/Thang/Page_Element/button_Continue")): Object: 'Object Repository/Thang/Page_Element/button_Continue' is clicked on

2022-01-17 20:55:32 - [MESSAGE][PASSED] - Object: 'Object Repository/Thang/Page_Element/button_Continue' is clicked on

2022-01-17 20:55:32 - [TEST_STEP][PASSED] - click(findTestObject("Object Repository/Thang/Page_Element/div_Done")): Object: 'Object Repository/Thang/Page_Element/div_Done' is clicked on

2022-01-17 20:55:33 - [MESSAGE][PASSED] - Object: 'Object Repository/Thang/Page_Element/div_Done' is clicked on]]></system-out>
         <system-err><![CDATA[]]></system-err>
      </testcase>
      <testcase name="Test Cases/6. Login/Login with username fail (invalid user)" time="13.5" classname="Test Cases/6. Login/Login with username fail (invalid user)" status="PASSED">
         <system-out><![CDATA[2022-01-17 20:55:33 - [TEST_CASE][PASSED] - Test Cases/6. Login/Login with username fail (invalid user): Test Cases/6. Login/Login with username fail (invalid user)

2022-01-17 20:55:34 - [TEST_STEP][PASSED] - openBrowser(""): Browser is opened with url: ''

2022-01-17 20:55:34 - [MESSAGE][WARNING] - A browser is already opened. Closing browser and opening a new one

2022-01-17 20:55:34 - [MESSAGE][INFO] - Starting 'Chrome' driver

2022-01-17 20:55:34 - [MESSAGE][INFO] - Action delay is set to 100 milliseconds

2022-01-17 20:55:34 - [MESSAGE][PASSED] - Browser is opened with url: ''

2022-01-17 20:55:34 - [TEST_STEP][PASSED] - navigateToUrl("http://localhost:8080/"): Navigate to 'http://localhost:8080/' successfully

2022-01-17 20:55:38 - [MESSAGE][PASSED] - Navigate to 'http://localhost:8080/' successfully

2022-01-17 20:55:38 - [TEST_STEP][PASSED] - click(findTestObject("Object Repository/Thang/Page_Element/a_Sign In")): Object: 'Object Repository/Thang/Page_Element/a_Sign In' is clicked on

2022-01-17 20:55:41 - [MESSAGE][PASSED] - Object: 'Object Repository/Thang/Page_Element/a_Sign In' is clicked on

2022-01-17 20:55:41 - [TEST_STEP][PASSED] - setText(findTestObject("Object Repository/Thang/Page_Element/input_Sign in with_username"), "catalontest123"): Text 'catalontest123' is set on object 'Object Repository/Thang/Page_Element/input_Sign in with_username'

2022-01-17 20:55:46 - [MESSAGE][PASSED] - Text 'catalontest123' is set on object 'Object Repository/Thang/Page_Element/input_Sign in with_username'

2022-01-17 20:55:46 - [TEST_STEP][PASSED] - setEncryptedText(findTestObject("Object Repository/Thang/Page_Element/input_Username_password"), "RigbBhfdqODKcAsiUrg+1Q=="): Text ****** has been set on object 'Object Repository/Thang/Page_Element/input_Username_password'

2022-01-17 20:55:46 - [MESSAGE][PASSED] - Text ****** has been set on object 'Object Repository/Thang/Page_Element/input_Username_password'

2022-01-17 20:55:46 - [TEST_STEP][PASSED] - click(findTestObject("Object Repository/Thang/Page_Element/input_Forgot password_mx_Login_submit")): Object: 'Object Repository/Thang/Page_Element/input_Forgot password_mx_Login_submit' is clicked on

2022-01-17 20:55:47 - [MESSAGE][PASSED] - Object: 'Object Repository/Thang/Page_Element/input_Forgot password_mx_Login_submit' is clicked on

2022-01-17 20:55:47 - [TEST_STEP][PASSED] - click(findTestObject("Object Repository/Thang/Page_Element/div_Incorrect username andor password")): Object: 'Object Repository/Thang/Page_Element/div_Incorrect username andor password' is clicked on

2022-01-17 20:55:47 - [MESSAGE][PASSED] - Object: 'Object Repository/Thang/Page_Element/div_Incorrect username andor password' is clicked on

2022-01-17 20:55:47 - [TEST_STEP][PASSED] - verifyElementVisible(findTestObject("Object Repository/Thang/Page_Element/div_Incorrect username andor password")): Object 'Object Repository/Thang/Page_Element/div_Incorrect username andor password' is visible

2022-01-17 20:55:47 - [MESSAGE][PASSED] - Object 'Object Repository/Thang/Page_Element/div_Incorrect username andor password' is visible]]></system-out>
         <system-err><![CDATA[]]></system-err>
      </testcase>
      <testcase name="Test Cases/6. Login/Login with username fail (wrong password)" time="12.82" classname="Test Cases/6. Login/Login with username fail (wrong password)" status="PASSED">
         <system-out><![CDATA[2022-01-17 20:55:47 - [TEST_CASE][PASSED] - Test Cases/6. Login/Login with username fail (wrong password): Test Cases/6. Login/Login with username fail (wrong password)

2022-01-17 20:55:47 - [TEST_STEP][PASSED] - openBrowser(""): Browser is opened with url: ''

2022-01-17 20:55:47 - [MESSAGE][WARNING] - A browser is already opened. Closing browser and opening a new one

2022-01-17 20:55:48 - [MESSAGE][INFO] - Starting 'Chrome' driver

2022-01-17 20:55:48 - [MESSAGE][INFO] - Action delay is set to 100 milliseconds

2022-01-17 20:55:48 - [MESSAGE][PASSED] - Browser is opened with url: ''

2022-01-17 20:55:48 - [TEST_STEP][PASSED] - navigateToUrl("http://localhost:8080/"): Navigate to 'http://localhost:8080/' successfully

2022-01-17 20:55:52 - [MESSAGE][PASSED] - Navigate to 'http://localhost:8080/' successfully

2022-01-17 20:55:52 - [TEST_STEP][PASSED] - click(findTestObject("Object Repository/Thang/Page_Element/a_Sign In")): Object: 'Object Repository/Thang/Page_Element/a_Sign In' is clicked on

2022-01-17 20:55:57 - [MESSAGE][PASSED] - Object: 'Object Repository/Thang/Page_Element/a_Sign In' is clicked on

2022-01-17 20:55:57 - [TEST_STEP][PASSED] - setText(findTestObject("Object Repository/Thang/Page_Element/input_Sign in with_username"), "catalontest1"): Text 'catalontest1' is set on object 'Object Repository/Thang/Page_Element/input_Sign in with_username'

2022-01-17 20:55:59 - [MESSAGE][PASSED] - Text 'catalontest1' is set on object 'Object Repository/Thang/Page_Element/input_Sign in with_username'

2022-01-17 20:55:59 - [TEST_STEP][PASSED] - setEncryptedText(findTestObject("Object Repository/Thang/Page_Element/input_Username_password"), "IVP3EFuX5SrLkSPBvPfvYA=="): Text ****** has been set on object 'Object Repository/Thang/Page_Element/input_Username_password'

2022-01-17 20:55:59 - [MESSAGE][PASSED] - Text ****** has been set on object 'Object Repository/Thang/Page_Element/input_Username_password'

2022-01-17 20:55:59 - [TEST_STEP][PASSED] - click(findTestObject("Object Repository/Thang/Page_Element/input_Forgot password_mx_Login_submit")): Object: 'Object Repository/Thang/Page_Element/input_Forgot password_mx_Login_submit' is clicked on

2022-01-17 20:56:00 - [MESSAGE][PASSED] - Object: 'Object Repository/Thang/Page_Element/input_Forgot password_mx_Login_submit' is clicked on

2022-01-17 20:56:00 - [TEST_STEP][PASSED] - verifyElementVisible(findTestObject("Object Repository/Thang/Page_Element/div_Incorrect username andor password")): Object 'Object Repository/Thang/Page_Element/div_Incorrect username andor password' is visible

2022-01-17 20:56:00 - [MESSAGE][PASSED] - Object 'Object Repository/Thang/Page_Element/div_Incorrect username andor password' is visible]]></system-out>
         <system-err><![CDATA[]]></system-err>
      </testcase>
      <testcase name="Test Cases/6. Login/Logout" time="51.527" classname="Test Cases/6. Login/Logout" status="FAILED">
         <failure type="FAILED" message="Test Cases/6. Login/Logout FAILED.
Reason:
com.kms.katalon.core.exception.StepFailedException: Unable to click on object 'Object Repository/Thang/Logout/Page_Element/span_Sign out'
	at com.kms.katalon.core.webui.keyword.internal.WebUIKeywordMain.stepFailed(WebUIKeywordMain.groovy:64)
	at com.kms.katalon.core.webui.keyword.internal.WebUIKeywordMain.runKeyword(WebUIKeywordMain.groovy:26)
	at com.kms.katalon.core.webui.keyword.builtin.ClickKeyword.click(ClickKeyword.groovy:74)
	at com.kms.katalon.core.webui.keyword.builtin.ClickKeyword.execute(ClickKeyword.groovy:40)
	at com.kms.katalon.core.keyword.internal.KeywordExecutor.executeKeywordForPlatform(KeywordExecutor.groovy:74)
	at com.kms.katalon.core.webui.keyword.WebUiBuiltInKeywords.click(WebUiBuiltInKeywords.groovy:620)
	at com.kms.katalon.core.webui.keyword.WebUiBuiltInKeywords$click$1.call(Unknown Source)
	at Logout.run(Logout:24)
	at com.kms.katalon.core.main.ScriptEngine.run(ScriptEngine.java:194)
	at com.kms.katalon.core.main.ScriptEngine.runScriptAsRawText(ScriptEngine.java:119)
	at com.kms.katalon.core.main.TestCaseExecutor.runScript(TestCaseExecutor.java:442)
	at com.kms.katalon.core.main.TestCaseExecutor.doExecute(TestCaseExecutor.java:433)
	at com.kms.katalon.core.main.TestCaseExecutor.processExecutionPhase(TestCaseExecutor.java:412)
	at com.kms.katalon.core.main.TestCaseExecutor.accessMainPhase(TestCaseExecutor.java:404)
	at com.kms.katalon.core.main.TestCaseExecutor.execute(TestCaseExecutor.java:281)
	at com.kms.katalon.core.main.TestCaseExecutor.execute(TestCaseExecutor.java:363)
	at com.kms.katalon.core.main.TestCaseExecutor.execute(TestCaseExecutor.java:363)
	at com.kms.katalon.core.main.TestCaseExecutor.execute(TestCaseExecutor.java:363)
	at com.kms.katalon.core.main.TestSuiteExecutor.accessTestCaseMainPhase(TestSuiteExecutor.java:202)
	at com.kms.katalon.core.main.TestSuiteExecutor.accessTestSuiteMainPhase(TestSuiteExecutor.java:164)
	at com.kms.katalon.core.main.TestSuiteExecutor.execute(TestSuiteExecutor.java:105)
	at com.kms.katalon.core.main.TestCaseMain.startTestSuite(TestCaseMain.java:181)
	at com.kms.katalon.core.main.TestCaseMain$startTestSuite$0.call(Unknown Source)
	at TempTestSuite1642427552724.run(TempTestSuite1642427552724.groovy:36)
Caused by: com.kms.katalon.core.webui.exception.WebElementNotFoundException: Web element with id: 'Object Repository/Thang/Logout/Page_Element/span_Sign out' located by '//div[@id='mx_ContextualMenu_Container']/div/div[2]/div/div[2]/div[5]/span[2]' not found
	at com.kms.katalon.core.webui.common.WebUiCommonHelper.findWebElement(WebUiCommonHelper.java:1368)
	at com.kms.katalon.core.webui.keyword.internal.WebUIAbstractKeyword.findWebElement(WebUIAbstractKeyword.groovy:27)
	at com.kms.katalon.core.webui.keyword.builtin.ClickKeyword$_click_closure1.doCall(ClickKeyword.groovy:65)
	at com.kms.katalon.core.webui.keyword.builtin.ClickKeyword$_click_closure1.call(ClickKeyword.groovy)
	at com.kms.katalon.core.webui.keyword.internal.WebUIKeywordMain.runKeyword(WebUIKeywordMain.groovy:20)
	... 22 more
"/>
         <system-out><![CDATA[2022-01-17 20:58:35 - [TEST_CASE][FAILED] - Test Cases/6. Login/Logout: Test Cases/6. Login/Logout FAILED.
Reason:
com.kms.katalon.core.exception.StepFailedException: Unable to click on object 'Object Repository/Thang/Logout/Page_Element/span_Sign out'
	at com.kms.katalon.core.webui.keyword.internal.WebUIKeywordMain.stepFailed(WebUIKeywordMain.groovy:64)
	at com.kms.katalon.core.webui.keyword.internal.WebUIKeywordMain.runKeyword(WebUIKeywordMain.groovy:26)
	at com.kms.katalon.core.webui.keyword.builtin.ClickKeyword.click(ClickKeyword.groovy:74)
	at com.kms.katalon.core.webui.keyword.builtin.ClickKeyword.execute(ClickKeyword.groovy:40)
	at com.kms.katalon.core.keyword.internal.KeywordExecutor.executeKeywordForPlatform(KeywordExecutor.groovy:74)
	at com.kms.katalon.core.webui.keyword.WebUiBuiltInKeywords.click(WebUiBuiltInKeywords.groovy:620)
	at com.kms.katalon.core.webui.keyword.WebUiBuiltInKeywords$click$1.call(Unknown Source)
	at Logout.run(Logout:24)
	at com.kms.katalon.core.main.ScriptEngine.run(ScriptEngine.java:194)
	at com.kms.katalon.core.main.ScriptEngine.runScriptAsRawText(ScriptEngine.java:119)
	at com.kms.katalon.core.main.TestCaseExecutor.runScript(TestCaseExecutor.java:442)
	at com.kms.katalon.core.main.TestCaseExecutor.doExecute(TestCaseExecutor.java:433)
	at com.kms.katalon.core.main.TestCaseExecutor.processExecutionPhase(TestCaseExecutor.java:412)
	at com.kms.katalon.core.main.TestCaseExecutor.accessMainPhase(TestCaseExecutor.java:404)
	at com.kms.katalon.core.main.TestCaseExecutor.execute(TestCaseExecutor.java:281)
	at com.kms.katalon.core.main.TestCaseExecutor.execute(TestCaseExecutor.java:363)
	at com.kms.katalon.core.main.TestCaseExecutor.execute(TestCaseExecutor.java:363)
	at com.kms.katalon.core.main.TestCaseExecutor.execute(TestCaseExecutor.java:363)
	at com.kms.katalon.core.main.TestSuiteExecutor.accessTestCaseMainPhase(TestSuiteExecutor.java:202)
	at com.kms.katalon.core.main.TestSuiteExecutor.accessTestSuiteMainPhase(TestSuiteExecutor.java:164)
	at com.kms.katalon.core.main.TestSuiteExecutor.execute(TestSuiteExecutor.java:105)
	at com.kms.katalon.core.main.TestCaseMain.startTestSuite(TestCaseMain.java:181)
	at com.kms.katalon.core.main.TestCaseMain$startTestSuite$0.call(Unknown Source)
	at TempTestSuite1642427552724.run(TempTestSuite1642427552724.groovy:36)
Caused by: com.kms.katalon.core.webui.exception.WebElementNotFoundException: Web element with id: 'Object Repository/Thang/Logout/Page_Element/span_Sign out' located by '//div[@id='mx_ContextualMenu_Container']/div/div[2]/div/div[2]/div[5]/span[2]' not found
	at com.kms.katalon.core.webui.common.WebUiCommonHelper.findWebElement(WebUiCommonHelper.java:1368)
	at com.kms.katalon.core.webui.keyword.internal.WebUIAbstractKeyword.findWebElement(WebUIAbstractKeyword.groovy:27)
	at com.kms.katalon.core.webui.keyword.builtin.ClickKeyword$_click_closure1.doCall(ClickKeyword.groovy:65)
	at com.kms.katalon.core.webui.keyword.builtin.ClickKeyword$_click_closure1.call(ClickKeyword.groovy)
	at com.kms.katalon.core.webui.keyword.internal.WebUIKeywordMain.runKeyword(WebUIKeywordMain.groovy:20)
	... 22 more


2022-01-17 20:58:35 - [TEST_STEP][PASSED] - callTestCase(findTestCase("6. Login/Login with username"), [:], STOP_ON_FAILURE): Call Test Case 'Test Cases/6. Login/Login with username' successfully

2022-01-17 20:58:35 - [TEST_CASE][PASSED] - Test Cases/6. Login/Login with username: Test Cases/6. Login/Login with username

2022-01-17 20:58:35 - [TEST_STEP][PASSED] - openBrowser(""): Browser is opened with url: ''

2022-01-17 20:58:35 - [MESSAGE][WARNING] - A browser is already opened. Closing browser and opening a new one

2022-01-17 20:58:35 - [MESSAGE][INFO] - Starting 'Chrome' driver

2022-01-17 20:58:35 - [MESSAGE][INFO] - Action delay is set to 100 milliseconds

2022-01-17 20:58:36 - [MESSAGE][PASSED] - Browser is opened with url: ''

2022-01-17 20:58:36 - [TEST_STEP][PASSED] - maximizeWindow(): Current window maximized

2022-01-17 20:58:36 - [MESSAGE][PASSED] - Current window maximized

2022-01-17 20:58:36 - [TEST_STEP][PASSED] - navigateToUrl("http://localhost:8080/"): Navigate to 'http://localhost:8080/' successfully

2022-01-17 20:58:39 - [MESSAGE][PASSED] - Navigate to 'http://localhost:8080/' successfully

2022-01-17 20:58:39 - [TEST_STEP][PASSED] - click(findTestObject("Object Repository/Thang/Page_Element/a_Sign In")): Object: 'Object Repository/Thang/Page_Element/a_Sign In' is clicked on

2022-01-17 20:58:42 - [MESSAGE][PASSED] - Object: 'Object Repository/Thang/Page_Element/a_Sign In' is clicked on

2022-01-17 20:58:42 - [TEST_STEP][PASSED] - setText(findTestObject("Object Repository/Thang/Page_Element/input_Sign in with_username"), "catalontest1"): Text 'catalontest1' is set on object 'Object Repository/Thang/Page_Element/input_Sign in with_username'

2022-01-17 20:58:44 - [MESSAGE][PASSED] - Text 'catalontest1' is set on object 'Object Repository/Thang/Page_Element/input_Sign in with_username'

2022-01-17 20:58:44 - [TEST_STEP][PASSED] - setEncryptedText(findTestObject("Object Repository/Thang/Page_Element/input_Username_password"), "IVP3EFuX5Soi+L5J3PmWRw=="): Text ****** has been set on object 'Object Repository/Thang/Page_Element/input_Username_password'

2022-01-17 20:58:44 - [MESSAGE][PASSED] - Text ****** has been set on object 'Object Repository/Thang/Page_Element/input_Username_password'

2022-01-17 20:58:44 - [TEST_STEP][PASSED] - click(findTestObject("Object Repository/Thang/Page_Element/input_Forgot password_mx_Login_submit")): Object: 'Object Repository/Thang/Page_Element/input_Forgot password_mx_Login_submit' is clicked on

2022-01-17 20:58:44 - [MESSAGE][PASSED] - Object: 'Object Repository/Thang/Page_Element/input_Forgot password_mx_Login_submit' is clicked on

2022-01-17 20:58:44 - [TEST_STEP][PASSED] - click(findTestObject("Object Repository/Thang/Page_Element/div_Verify with Security Key")): Object: 'Object Repository/Thang/Page_Element/div_Verify with Security Key' is clicked on

2022-01-17 20:58:49 - [MESSAGE][PASSED] - Object: 'Object Repository/Thang/Page_Element/div_Verify with Security Key' is clicked on

2022-01-17 20:58:49 - [TEST_STEP][PASSED] - setEncryptedText(findTestObject("Object Repository/Thang/Page_Element/input_Security Key_mx_Field_4"), "KcTIxEe86JlbIbDMhEOGDxm8TOo5sVjpulf8hwfL6DCmnHQLN2q0ty2pbg9r9Jrm7267l8Wa9qCJrW4e/iwRSw=="): Text ****** has been set on object 'Object Repository/Thang/Page_Element/input_Security Key_mx_Field_4'

2022-01-17 20:58:50 - [MESSAGE][PASSED] - Text ****** has been set on object 'Object Repository/Thang/Page_Element/input_Security Key_mx_Field_4'

2022-01-17 20:58:50 - [TEST_STEP][PASSED] - click(findTestObject("Object Repository/Thang/Page_Element/button_Continue")): Object: 'Object Repository/Thang/Page_Element/button_Continue' is clicked on

2022-01-17 20:58:51 - [MESSAGE][PASSED] - Object: 'Object Repository/Thang/Page_Element/button_Continue' is clicked on

2022-01-17 20:58:51 - [TEST_STEP][PASSED] - click(findTestObject("Object Repository/Thang/Page_Element/div_Done")): Object: 'Object Repository/Thang/Page_Element/div_Done' is clicked on

2022-01-17 20:58:52 - [MESSAGE][PASSED] - Object: 'Object Repository/Thang/Page_Element/div_Done' is clicked on

2022-01-17 20:58:52 - [MESSAGE][PASSED] - Call Test Case 'Test Cases/6. Login/Login with username' successfully

2022-01-17 20:58:52 - [TEST_STEP][PASSED] - click(findTestObject("Object Repository/Thang/Logout/Page_Element/img_Review_mx_BaseAvatar_image")): Object: 'Object Repository/Thang/Logout/Page_Element/img_Review_mx_BaseAvatar_image' is clicked on

2022-01-17 20:58:53 - [MESSAGE][PASSED] - Object: 'Object Repository/Thang/Logout/Page_Element/img_Review_mx_BaseAvatar_image' is clicked on

2022-01-17 20:58:53 - [TEST_STEP][FAILED] - click(findTestObject("Object Repository/Thang/Logout/Page_Element/span_Sign out")): Unable to click on object 'Object Repository/Thang/Logout/Page_Element/span_Sign out' (Root cause: com.kms.katalon.core.exception.StepFailedException: Unable to click on object 'Object Repository/Thang/Logout/Page_Element/span_Sign out'
	at com.kms.katalon.core.webui.keyword.internal.WebUIKeywordMain.stepFailed(WebUIKeywordMain.groovy:64)
	at com.kms.katalon.core.webui.keyword.internal.WebUIKeywordMain.runKeyword(WebUIKeywordMain.groovy:26)
	at com.kms.katalon.core.webui.keyword.builtin.ClickKeyword.click(ClickKeyword.groovy:74)
	at com.kms.katalon.core.webui.keyword.builtin.ClickKeyword.execute(ClickKeyword.groovy:40)
	at com.kms.katalon.core.keyword.internal.KeywordExecutor.executeKeywordForPlatform(KeywordExecutor.groovy:74)
	at com.kms.katalon.core.webui.keyword.WebUiBuiltInKeywords.click(WebUiBuiltInKeywords.groovy:620)
	at com.kms.katalon.core.webui.keyword.WebUiBuiltInKeywords$click$1.call(Unknown Source)
	at Logout.run(Logout:24)
	at com.kms.katalon.core.main.ScriptEngine.run(ScriptEngine.java:194)
	at com.kms.katalon.core.main.ScriptEngine.runScriptAsRawText(ScriptEngine.java:119)
	at com.kms.katalon.core.main.TestCaseExecutor.runScript(TestCaseExecutor.java:442)
	at com.kms.katalon.core.main.TestCaseExecutor.doExecute(TestCaseExecutor.java:433)
	at com.kms.katalon.core.main.TestCaseExecutor.processExecutionPhase(TestCaseExecutor.java:412)
	at com.kms.katalon.core.main.TestCaseExecutor.accessMainPhase(TestCaseExecutor.java:404)
	at com.kms.katalon.core.main.TestCaseExecutor.execute(TestCaseExecutor.java:281)
	at com.kms.katalon.core.main.TestCaseExecutor.execute(TestCaseExecutor.java:363)
	at com.kms.katalon.core.main.TestCaseExecutor.execute(TestCaseExecutor.java:363)
	at com.kms.katalon.core.main.TestCaseExecutor.execute(TestCaseExecutor.java:363)
	at com.kms.katalon.core.main.TestSuiteExecutor.accessTestCaseMainPhase(TestSuiteExecutor.java:202)
	at com.kms.katalon.core.main.TestSuiteExecutor.accessTestSuiteMainPhase(TestSuiteExecutor.java:164)
	at com.kms.katalon.core.main.TestSuiteExecutor.execute(TestSuiteExecutor.java:105)
	at com.kms.katalon.core.main.TestCaseMain.startTestSuite(TestCaseMain.java:181)
	at com.kms.katalon.core.main.TestCaseMain$startTestSuite$0.call(Unknown Source)
	at TempTestSuite1642427552724.run(TempTestSuite1642427552724.groovy:36)
Caused by: com.kms.katalon.core.webui.exception.WebElementNotFoundException: Web element with id: 'Object Repository/Thang/Logout/Page_Element/span_Sign out' located by '//div[@id='mx_ContextualMenu_Container']/div/div[2]/div/div[2]/div[5]/span[2]' not found
	at com.kms.katalon.core.webui.common.WebUiCommonHelper.findWebElement(WebUiCommonHelper.java:1368)
	at com.kms.katalon.core.webui.keyword.internal.WebUIAbstractKeyword.findWebElement(WebUIAbstractKeyword.groovy:27)
	at com.kms.katalon.core.webui.keyword.builtin.ClickKeyword$_click_closure1.doCall(ClickKeyword.groovy:65)
	at com.kms.katalon.core.webui.keyword.builtin.ClickKeyword$_click_closure1.call(ClickKeyword.groovy)
	at com.kms.katalon.core.webui.keyword.internal.WebUIKeywordMain.runKeyword(WebUIKeywordMain.groovy:20)
	at com.kms.katalon.core.webui.keyword.builtin.ClickKeyword.click(ClickKeyword.groovy:74)
	at com.kms.katalon.core.webui.keyword.builtin.ClickKeyword.execute(ClickKeyword.groovy:40)
	at com.kms.katalon.core.keyword.internal.KeywordExecutor.executeKeywordForPlatform(KeywordExecutor.groovy:74)
	at com.kms.katalon.core.webui.keyword.WebUiBuiltInKeywords.click(WebUiBuiltInKeywords.groovy:620)
	at com.kms.katalon.core.webui.keyword.WebUiBuiltInKeywords$click$1.call(Unknown Source)
	at Script1642402294089.run(Script1642402294089.groovy:24)
	... 16 more
)

2022-01-17 20:59:24 - [MESSAGE][INFO] - Unable to find the element located by 'By.xpath: //div[@id='mx_ContextualMenu_Container']/div/div[2]/div/div[2]/div[5]/span[2]'. Please recheck the objects properties to make sure the desired element is located. 

2022-01-17 20:59:24 - [MESSAGE][WARNING] - [SELF-HEALING] Failed to find element with id 'Object Repository/Thang/Logout/Page_Element/span_Sign out'. Try using Self-healing.

2022-01-17 20:59:24 - [MESSAGE][INFO] - [SELF-HEALING] Failed Locator: '//div[@id='mx_ContextualMenu_Container']/div/div[2]/div/div[2]/div[5]/span[2]'.

2022-01-17 20:59:24 - [MESSAGE][INFO] - [SELF-HEALING] Failed Locator: '(.//*[normalize-space(text()) and normalize-space(.)='Feedback'])[1]/following::span[2]'.

2022-01-17 20:59:24 - [MESSAGE][INFO] - [SELF-HEALING] Failed Locator: '(.//*[normalize-space(text()) and normalize-space(.)='All settings'])[1]/following::span[4]'.

2022-01-17 20:59:24 - [MESSAGE][INFO] - [SELF-HEALING] Failed Locator: '//*/text()[normalize-space(.)='Sign out']/parent::*'.

2022-01-17 20:59:24 - [MESSAGE][INFO] - [SELF-HEALING] Failed Locator: '//div[5]/span[2]'.

2022-01-17 20:59:24 - [MESSAGE][INFO] - [SELF-HEALING] Failed Locator: '//div[@id='mx_ContextualMenu_Container']/div/div[2]/div/div[2]/div[5]/span[2]'.

2022-01-17 20:59:24 - [MESSAGE][INFO] - [SELF-HEALING] Failed Locator: '(.//*[normalize-space(text()) and normalize-space(.)='Feedback'])[1]/following::span[2]'.

2022-01-17 20:59:24 - [MESSAGE][INFO] - [SELF-HEALING] Failed Locator: '(.//*[normalize-space(text()) and normalize-space(.)='All settings'])[1]/following::span[4]'.

2022-01-17 20:59:24 - [MESSAGE][INFO] - [SELF-HEALING] Failed Locator: '//*/text()[normalize-space(.)='Sign out']/parent::*'.

2022-01-17 20:59:24 - [MESSAGE][INFO] - [SELF-HEALING] Failed Locator: '//div[5]/span[2]'.

2022-01-17 20:59:24 - [MESSAGE][INFO] - [SELF-HEALING] Failed Locator: '//div[@id='mx_ContextualMenu_Container']/div/div[2]/div/div[2]/div[5]/span[2]'.

2022-01-17 20:59:24 - [MESSAGE][INFO] - [SELF-HEALING] Failed Locator: '(.//*[normalize-space(text()) and normalize-space(.)='Feedback'])[1]/following::span[2]'.

2022-01-17 20:59:24 - [MESSAGE][INFO] - [SELF-HEALING] Failed Locator: '(.//*[normalize-space(text()) and normalize-space(.)='All settings'])[1]/following::span[4]'.

2022-01-17 20:59:24 - [MESSAGE][INFO] - [SELF-HEALING] Failed Locator: '//*/text()[normalize-space(.)='Sign out']/parent::*'.

2022-01-17 20:59:24 - [MESSAGE][INFO] - [SELF-HEALING] Failed Locator: '//div[5]/span[2]'.

2022-01-17 20:59:24 - [MESSAGE][INFO] - [SELF-HEALING] Failed Locator: '//div[@id='mx_ContextualMenu_Container']/div/div[2]/div/div[2]/div[5]/span[2]'.

2022-01-17 20:59:24 - [MESSAGE][INFO] - [SELF-HEALING] Failed Locator: '(.//*[normalize-space(text()) and normalize-space(.)='Feedback'])[1]/following::span[2]'.

2022-01-17 20:59:24 - [MESSAGE][INFO] - [SELF-HEALING] Failed Locator: '(.//*[normalize-space(text()) and normalize-space(.)='All settings'])[1]/following::span[4]'.

2022-01-17 20:59:24 - [MESSAGE][INFO] - [SELF-HEALING] Failed Locator: '//*/text()[normalize-space(.)='Sign out']/parent::*'.

2022-01-17 20:59:24 - [MESSAGE][INFO] - [SELF-HEALING] Failed Locator: '//div[5]/span[2]'.

2022-01-17 20:59:24 - [MESSAGE][INFO] - [SELF-HEALING] Failed Locator: '//div[@id='mx_ContextualMenu_Container']/div/div[2]/div/div[2]/div[5]/span[2]'.

2022-01-17 20:59:24 - [MESSAGE][INFO] - [SELF-HEALING] Failed Locator: '(.//*[normalize-space(text()) and normalize-space(.)='Feedback'])[1]/following::span[2]'.

2022-01-17 20:59:24 - [MESSAGE][INFO] - [SELF-HEALING] Failed Locator: '(.//*[normalize-space(text()) and normalize-space(.)='All settings'])[1]/following::span[4]'.

2022-01-17 20:59:24 - [MESSAGE][INFO] - [SELF-HEALING] Failed Locator: '//*/text()[normalize-space(.)='Sign out']/parent::*'.

2022-01-17 20:59:24 - [MESSAGE][INFO] - [SELF-HEALING] Failed Locator: '//div[5]/span[2]'.

2022-01-17 20:59:24 - [MESSAGE][INFO] - [SELF-HEALING] Failed Locator: '//div[@id='mx_ContextualMenu_Container']/div/div[2]/div/div[2]/div[5]/span[2]'.

2022-01-17 20:59:24 - [MESSAGE][INFO] - [SELF-HEALING] Failed Locator: '(.//*[normalize-space(text()) and normalize-space(.)='Feedback'])[1]/following::span[2]'.

2022-01-17 20:59:24 - [MESSAGE][INFO] - [SELF-HEALING] Failed Locator: '(.//*[normalize-space(text()) and normalize-space(.)='All settings'])[1]/following::span[4]'.

2022-01-17 20:59:24 - [MESSAGE][INFO] - [SELF-HEALING] Failed Locator: '//*/text()[normalize-space(.)='Sign out']/parent::*'.

2022-01-17 20:59:24 - [MESSAGE][INFO] - [SELF-HEALING] Failed Locator: '//div[5]/span[2]'.

2022-01-17 20:59:24 - [MESSAGE][INFO] - [SELF-HEALING] Failed Locator: '//div[@id='mx_ContextualMenu_Container']/div/div[2]/div/div[2]/div[5]/span[2]'.

2022-01-17 20:59:24 - [MESSAGE][INFO] - [SELF-HEALING] Failed Locator: '(.//*[normalize-space(text()) and normalize-space(.)='Feedback'])[1]/following::span[2]'.

2022-01-17 20:59:24 - [MESSAGE][INFO] - [SELF-HEALING] Failed Locator: '(.//*[normalize-space(text()) and normalize-space(.)='All settings'])[1]/following::span[4]'.

2022-01-17 20:59:24 - [MESSAGE][INFO] - [SELF-HEALING] Failed Locator: '//*/text()[normalize-space(.)='Sign out']/parent::*'.

2022-01-17 20:59:24 - [MESSAGE][INFO] - [SELF-HEALING] Failed Locator: '//div[5]/span[2]'.

2022-01-17 20:59:24 - [MESSAGE][INFO] - [SELF-HEALING] Failed Locator: '//div[@id='mx_ContextualMenu_Container']/div/div[2]/div/div[2]/div[5]/span[2]'.

2022-01-17 20:59:24 - [MESSAGE][INFO] - [SELF-HEALING] Failed Locator: '(.//*[normalize-space(text()) and normalize-space(.)='Feedback'])[1]/following::span[2]'.

2022-01-17 20:59:24 - [MESSAGE][INFO] - [SELF-HEALING] Failed Locator: '(.//*[normalize-space(text()) and normalize-space(.)='All settings'])[1]/following::span[4]'.

2022-01-17 20:59:24 - [MESSAGE][INFO] - [SELF-HEALING] Failed Locator: '//*/text()[normalize-space(.)='Sign out']/parent::*'.

2022-01-17 20:59:24 - [MESSAGE][INFO] - [SELF-HEALING] Failed Locator: '//div[5]/span[2]'.

2022-01-17 20:59:24 - [MESSAGE][INFO] - [SELF-HEALING] Failed Locator: '//div[@id='mx_ContextualMenu_Container']/div/div[2]/div/div[2]/div[5]/span[2]'.

2022-01-17 20:59:24 - [MESSAGE][INFO] - [SELF-HEALING] Failed Locator: '(.//*[normalize-space(text()) and normalize-space(.)='Feedback'])[1]/following::span[2]'.

2022-01-17 20:59:24 - [MESSAGE][INFO] - [SELF-HEALING] Failed Locator: '(.//*[normalize-space(text()) and normalize-space(.)='All settings'])[1]/following::span[4]'.

2022-01-17 20:59:24 - [MESSAGE][INFO] - [SELF-HEALING] Failed Locator: '//*/text()[normalize-space(.)='Sign out']/parent::*'.

2022-01-17 20:59:24 - [MESSAGE][INFO] - [SELF-HEALING] Failed Locator: '//div[5]/span[2]'.

2022-01-17 20:59:24 - [MESSAGE][INFO] - [SELF-HEALING] Failed Locator: '//div[@id='mx_ContextualMenu_Container']/div/div[2]/div/div[2]/div[5]/span[2]'.

2022-01-17 20:59:24 - [MESSAGE][INFO] - [SELF-HEALING] Failed Locator: '(.//*[normalize-space(text()) and normalize-space(.)='Feedback'])[1]/following::span[2]'.

2022-01-17 20:59:24 - [MESSAGE][INFO] - [SELF-HEALING] Failed Locator: '(.//*[normalize-space(text()) and normalize-space(.)='All settings'])[1]/following::span[4]'.

2022-01-17 20:59:24 - [MESSAGE][INFO] - [SELF-HEALING] Failed Locator: '//*/text()[normalize-space(.)='Sign out']/parent::*'.

2022-01-17 20:59:24 - [MESSAGE][INFO] - [SELF-HEALING] Failed Locator: '//div[5]/span[2]'.

2022-01-17 20:59:24 - [MESSAGE][INFO] - [SELF-HEALING] Failed Locator: '//div[@id='mx_ContextualMenu_Container']/div/div[2]/div/div[2]/div[5]/span[2]'.

2022-01-17 20:59:24 - [MESSAGE][INFO] - [SELF-HEALING] Failed Locator: '(.//*[normalize-space(text()) and normalize-space(.)='Feedback'])[1]/following::span[2]'.

2022-01-17 20:59:24 - [MESSAGE][INFO] - [SELF-HEALING] Failed Locator: '(.//*[normalize-space(text()) and normalize-space(.)='All settings'])[1]/following::span[4]'.

2022-01-17 20:59:24 - [MESSAGE][INFO] - [SELF-HEALING] Failed Locator: '//*/text()[normalize-space(.)='Sign out']/parent::*'.

2022-01-17 20:59:24 - [MESSAGE][INFO] - [SELF-HEALING] Failed Locator: '//div[5]/span[2]'.

2022-01-17 20:59:24 - [MESSAGE][INFO] - [SELF-HEALING] Failed Locator: '//div[@id='mx_ContextualMenu_Container']/div/div[2]/div/div[2]/div[5]/span[2]'.

2022-01-17 20:59:24 - [MESSAGE][INFO] - [SELF-HEALING] Failed Locator: '(.//*[normalize-space(text()) and normalize-space(.)='Feedback'])[1]/following::span[2]'.

2022-01-17 20:59:24 - [MESSAGE][INFO] - [SELF-HEALING] Failed Locator: '(.//*[normalize-space(text()) and normalize-space(.)='All settings'])[1]/following::span[4]'.

2022-01-17 20:59:24 - [MESSAGE][INFO] - [SELF-HEALING] Failed Locator: '//*/text()[normalize-space(.)='Sign out']/parent::*'.

2022-01-17 20:59:24 - [MESSAGE][INFO] - [SELF-HEALING] Failed Locator: '//div[5]/span[2]'.

2022-01-17 20:59:24 - [MESSAGE][INFO] - [SELF-HEALING] Failed Locator: '//div[@id='mx_ContextualMenu_Container']/div/div[2]/div/div[2]/div[5]/span[2]'.

2022-01-17 20:59:24 - [MESSAGE][INFO] - [SELF-HEALING] Failed Locator: '(.//*[normalize-space(text()) and normalize-space(.)='Feedback'])[1]/following::span[2]'.

2022-01-17 20:59:24 - [MESSAGE][INFO] - [SELF-HEALING] Failed Locator: '(.//*[normalize-space(text()) and normalize-space(.)='All settings'])[1]/following::span[4]'.

2022-01-17 20:59:24 - [MESSAGE][INFO] - [SELF-HEALING] Failed Locator: '//*/text()[normalize-space(.)='Sign out']/parent::*'.

2022-01-17 20:59:24 - [MESSAGE][INFO] - [SELF-HEALING] Failed Locator: '//div[5]/span[2]'.

2022-01-17 20:59:24 - [MESSAGE][INFO] - [SELF-HEALING] Failed Locator: '//div[@id='mx_ContextualMenu_Container']/div/div[2]/div/div[2]/div[5]/span[2]'.

2022-01-17 20:59:24 - [MESSAGE][INFO] - [SELF-HEALING] Failed Locator: '(.//*[normalize-space(text()) and normalize-space(.)='Feedback'])[1]/following::span[2]'.

2022-01-17 20:59:24 - [MESSAGE][INFO] - [SELF-HEALING] Failed Locator: '(.//*[normalize-space(text()) and normalize-space(.)='All settings'])[1]/following::span[4]'.

2022-01-17 20:59:24 - [MESSAGE][INFO] - [SELF-HEALING] Failed Locator: '//*/text()[normalize-space(.)='Sign out']/parent::*'.

2022-01-17 20:59:24 - [MESSAGE][INFO] - [SELF-HEALING] Failed Locator: '//div[5]/span[2]'.

2022-01-17 20:59:24 - [MESSAGE][INFO] - [SELF-HEALING] Failed Locator: '//div[@id='mx_ContextualMenu_Container']/div/div[2]/div/div[2]/div[5]/span[2]'.

2022-01-17 20:59:24 - [MESSAGE][INFO] - [SELF-HEALING] Failed Locator: '(.//*[normalize-space(text()) and normalize-space(.)='Feedback'])[1]/following::span[2]'.

2022-01-17 20:59:24 - [MESSAGE][INFO] - [SELF-HEALING] Failed Locator: '(.//*[normalize-space(text()) and normalize-space(.)='All settings'])[1]/following::span[4]'.

2022-01-17 20:59:24 - [MESSAGE][INFO] - [SELF-HEALING] Failed Locator: '//*/text()[normalize-space(.)='Sign out']/parent::*'.

2022-01-17 20:59:24 - [MESSAGE][INFO] - [SELF-HEALING] Failed Locator: '//div[5]/span[2]'.

2022-01-17 20:59:24 - [MESSAGE][INFO] - [SELF-HEALING] Failed Locator: '//div[@id='mx_ContextualMenu_Container']/div/div[2]/div/div[2]/div[5]/span[2]'.

2022-01-17 20:59:24 - [MESSAGE][INFO] - [SELF-HEALING] Failed Locator: '(.//*[normalize-space(text()) and normalize-space(.)='Feedback'])[1]/following::span[2]'.

2022-01-17 20:59:24 - [MESSAGE][INFO] - [SELF-HEALING] Failed Locator: '(.//*[normalize-space(text()) and normalize-space(.)='All settings'])[1]/following::span[4]'.

2022-01-17 20:59:24 - [MESSAGE][INFO] - [SELF-HEALING] Failed Locator: '//*/text()[normalize-space(.)='Sign out']/parent::*'.

2022-01-17 20:59:24 - [MESSAGE][INFO] - [SELF-HEALING] Failed Locator: '//div[5]/span[2]'.

2022-01-17 20:59:24 - [MESSAGE][INFO] - [SELF-HEALING] Failed Locator: '//div[@id='mx_ContextualMenu_Container']/div/div[2]/div/div[2]/div[5]/span[2]'.

2022-01-17 20:59:24 - [MESSAGE][INFO] - [SELF-HEALING] Failed Locator: '(.//*[normalize-space(text()) and normalize-space(.)='Feedback'])[1]/following::span[2]'.

2022-01-17 20:59:24 - [MESSAGE][INFO] - [SELF-HEALING] Failed Locator: '(.//*[normalize-space(text()) and normalize-space(.)='All settings'])[1]/following::span[4]'.

2022-01-17 20:59:24 - [MESSAGE][INFO] - [SELF-HEALING] Failed Locator: '//*/text()[normalize-space(.)='Sign out']/parent::*'.

2022-01-17 20:59:24 - [MESSAGE][INFO] - [SELF-HEALING] Failed Locator: '//div[5]/span[2]'.

2022-01-17 20:59:24 - [MESSAGE][INFO] - [SELF-HEALING] Failed Locator: '//div[@id='mx_ContextualMenu_Container']/div/div[2]/div/div[2]/div[5]/span[2]'.

2022-01-17 20:59:24 - [MESSAGE][INFO] - [SELF-HEALING] Failed Locator: '(.//*[normalize-space(text()) and normalize-space(.)='Feedback'])[1]/following::span[2]'.

2022-01-17 20:59:24 - [MESSAGE][INFO] - [SELF-HEALING] Failed Locator: '(.//*[normalize-space(text()) and normalize-space(.)='All settings'])[1]/following::span[4]'.

2022-01-17 20:59:24 - [MESSAGE][INFO] - [SELF-HEALING] Failed Locator: '//*/text()[normalize-space(.)='Sign out']/parent::*'.

2022-01-17 20:59:24 - [MESSAGE][INFO] - [SELF-HEALING] Failed Locator: '//div[5]/span[2]'.

2022-01-17 20:59:24 - [MESSAGE][INFO] - [SELF-HEALING] Failed Locator: '//div[@id='mx_ContextualMenu_Container']/div/div[2]/div/div[2]/div[5]/span[2]'.

2022-01-17 20:59:24 - [MESSAGE][INFO] - [SELF-HEALING] Failed Locator: '(.//*[normalize-space(text()) and normalize-space(.)='Feedback'])[1]/following::span[2]'.

2022-01-17 20:59:24 - [MESSAGE][INFO] - [SELF-HEALING] Failed Locator: '(.//*[normalize-space(text()) and normalize-space(.)='All settings'])[1]/following::span[4]'.

2022-01-17 20:59:24 - [MESSAGE][INFO] - [SELF-HEALING] Failed Locator: '//*/text()[normalize-space(.)='Sign out']/parent::*'.

2022-01-17 20:59:24 - [MESSAGE][INFO] - [SELF-HEALING] Failed Locator: '//div[5]/span[2]'.

2022-01-17 20:59:24 - [MESSAGE][INFO] - [SELF-HEALING] Failed Locator: '//div[@id='mx_ContextualMenu_Container']/div/div[2]/div/div[2]/div[5]/span[2]'.

2022-01-17 20:59:24 - [MESSAGE][INFO] - [SELF-HEALING] Failed Locator: '(.//*[normalize-space(text()) and normalize-space(.)='Feedback'])[1]/following::span[2]'.

2022-01-17 20:59:24 - [MESSAGE][INFO] - [SELF-HEALING] Failed Locator: '(.//*[normalize-space(text()) and normalize-space(.)='All settings'])[1]/following::span[4]'.

2022-01-17 20:59:24 - [MESSAGE][INFO] - [SELF-HEALING] Failed Locator: '//*/text()[normalize-space(.)='Sign out']/parent::*'.

2022-01-17 20:59:24 - [MESSAGE][INFO] - [SELF-HEALING] Failed Locator: '//div[5]/span[2]'.

2022-01-17 20:59:24 - [MESSAGE][INFO] - [SELF-HEALING] Failed Locator: '//div[@id='mx_ContextualMenu_Container']/div/div[2]/div/div[2]/div[5]/span[2]'.

2022-01-17 20:59:25 - [MESSAGE][INFO] - [SELF-HEALING] Failed Locator: '(.//*[normalize-space(text()) and normalize-space(.)='Feedback'])[1]/following::span[2]'.

2022-01-17 20:59:25 - [MESSAGE][INFO] - [SELF-HEALING] Failed Locator: '(.//*[normalize-space(text()) and normalize-space(.)='All settings'])[1]/following::span[4]'.

2022-01-17 20:59:25 - [MESSAGE][INFO] - [SELF-HEALING] Failed Locator: '//*/text()[normalize-space(.)='Sign out']/parent::*'.

2022-01-17 20:59:25 - [MESSAGE][INFO] - [SELF-HEALING] Failed Locator: '//div[5]/span[2]'.

2022-01-17 20:59:25 - [MESSAGE][INFO] - [SELF-HEALING] Failed Locator: '//div[@id='mx_ContextualMenu_Container']/div/div[2]/div/div[2]/div[5]/span[2]'.

2022-01-17 20:59:25 - [MESSAGE][INFO] - [SELF-HEALING] Failed Locator: '(.//*[normalize-space(text()) and normalize-space(.)='Feedback'])[1]/following::span[2]'.

2022-01-17 20:59:25 - [MESSAGE][INFO] - [SELF-HEALING] Failed Locator: '(.//*[normalize-space(text()) and normalize-space(.)='All settings'])[1]/following::span[4]'.

2022-01-17 20:59:25 - [MESSAGE][INFO] - [SELF-HEALING] Failed Locator: '//*/text()[normalize-space(.)='Sign out']/parent::*'.

2022-01-17 20:59:25 - [MESSAGE][INFO] - [SELF-HEALING] Failed Locator: '//div[5]/span[2]'.

2022-01-17 20:59:26 - [MESSAGE][INFO] - Unable to find the element located by 'By.xpath: //*[(text() = 'Sign out' or . = 'Sign out')]'. Please recheck the objects properties to make sure the desired element is located. 

2022-01-17 20:59:27 - [MESSAGE][INFO] - Unable to find the element located by 'By.cssSelector: div.mx_AccessibleButton.mx_IconizedContextMenu_option_red > span.mx_IconizedContextMenu_label'. Please recheck the objects properties to make sure the desired element is located. 

2022-01-17 20:59:27 - [MESSAGE][FAILED] - Unable to click on object 'Object Repository/Thang/Logout/Page_Element/span_Sign out' (Root cause: com.kms.katalon.core.exception.StepFailedException: Unable to click on object 'Object Repository/Thang/Logout/Page_Element/span_Sign out'
	at com.kms.katalon.core.webui.keyword.internal.WebUIKeywordMain.stepFailed(WebUIKeywordMain.groovy:64)
	at com.kms.katalon.core.webui.keyword.internal.WebUIKeywordMain.runKeyword(WebUIKeywordMain.groovy:26)
	at com.kms.katalon.core.webui.keyword.builtin.ClickKeyword.click(ClickKeyword.groovy:74)
	at com.kms.katalon.core.webui.keyword.builtin.ClickKeyword.execute(ClickKeyword.groovy:40)
	at com.kms.katalon.core.keyword.internal.KeywordExecutor.executeKeywordForPlatform(KeywordExecutor.groovy:74)
	at com.kms.katalon.core.webui.keyword.WebUiBuiltInKeywords.click(WebUiBuiltInKeywords.groovy:620)
	at com.kms.katalon.core.webui.keyword.WebUiBuiltInKeywords$click$1.call(Unknown Source)
	at Logout.run(Logout:24)
	at com.kms.katalon.core.main.ScriptEngine.run(ScriptEngine.java:194)
	at com.kms.katalon.core.main.ScriptEngine.runScriptAsRawText(ScriptEngine.java:119)
	at com.kms.katalon.core.main.TestCaseExecutor.runScript(TestCaseExecutor.java:442)
	at com.kms.katalon.core.main.TestCaseExecutor.doExecute(TestCaseExecutor.java:433)
	at com.kms.katalon.core.main.TestCaseExecutor.processExecutionPhase(TestCaseExecutor.java:412)
	at com.kms.katalon.core.main.TestCaseExecutor.accessMainPhase(TestCaseExecutor.java:404)
	at com.kms.katalon.core.main.TestCaseExecutor.execute(TestCaseExecutor.java:281)
	at com.kms.katalon.core.main.TestCaseExecutor.execute(TestCaseExecutor.java:363)
	at com.kms.katalon.core.main.TestCaseExecutor.execute(TestCaseExecutor.java:363)
	at com.kms.katalon.core.main.TestCaseExecutor.execute(TestCaseExecutor.java:363)
	at com.kms.katalon.core.main.TestSuiteExecutor.accessTestCaseMainPhase(TestSuiteExecutor.java:202)
	at com.kms.katalon.core.main.TestSuiteExecutor.accessTestSuiteMainPhase(TestSuiteExecutor.java:164)
	at com.kms.katalon.core.main.TestSuiteExecutor.execute(TestSuiteExecutor.java:105)
	at com.kms.katalon.core.main.TestCaseMain.startTestSuite(TestCaseMain.java:181)
	at com.kms.katalon.core.main.TestCaseMain$startTestSuite$0.call(Unknown Source)
	at TempTestSuite1642427552724.run(TempTestSuite1642427552724.groovy:36)
Caused by: com.kms.katalon.core.webui.exception.WebElementNotFoundException: Web element with id: 'Object Repository/Thang/Logout/Page_Element/span_Sign out' located by '//div[@id='mx_ContextualMenu_Container']/div/div[2]/div/div[2]/div[5]/span[2]' not found
	at com.kms.katalon.core.webui.common.WebUiCommonHelper.findWebElement(WebUiCommonHelper.java:1368)
	at com.kms.katalon.core.webui.keyword.internal.WebUIAbstractKeyword.findWebElement(WebUIAbstractKeyword.groovy:27)
	at com.kms.katalon.core.webui.keyword.builtin.ClickKeyword$_click_closure1.doCall(ClickKeyword.groovy:65)
	at com.kms.katalon.core.webui.keyword.builtin.ClickKeyword$_click_closure1.call(ClickKeyword.groovy)
	at com.kms.katalon.core.webui.keyword.internal.WebUIKeywordMain.runKeyword(WebUIKeywordMain.groovy:20)
	at com.kms.katalon.core.webui.keyword.builtin.ClickKeyword.click(ClickKeyword.groovy:74)
	at com.kms.katalon.core.webui.keyword.builtin.ClickKeyword.execute(ClickKeyword.groovy:40)
	at com.kms.katalon.core.keyword.internal.KeywordExecutor.executeKeywordForPlatform(KeywordExecutor.groovy:74)
	at com.kms.katalon.core.webui.keyword.WebUiBuiltInKeywords.click(WebUiBuiltInKeywords.groovy:620)
	at com.kms.katalon.core.webui.keyword.WebUiBuiltInKeywords$click$1.call(Unknown Source)
	at Script1642402294089.run(Script1642402294089.groovy:24)
	... 16 more
)
[[ATTACHMENT|/home/mml/Code/Katalon-Test-2/Reports/20220117_205231/Run all test cases/20220117_205232/1642427967086.png]]]]></system-out>
         <system-err><![CDATA[2022-01-17 20:58:35 - [TEST_CASE][FAILED] - Test Cases/6. Login/Logout: Test Cases/6. Login/Logout FAILED.
Reason:
com.kms.katalon.core.exception.StepFailedException: Unable to click on object 'Object Repository/Thang/Logout/Page_Element/span_Sign out'
	at com.kms.katalon.core.webui.keyword.internal.WebUIKeywordMain.stepFailed(WebUIKeywordMain.groovy:64)
	at com.kms.katalon.core.webui.keyword.internal.WebUIKeywordMain.runKeyword(WebUIKeywordMain.groovy:26)
	at com.kms.katalon.core.webui.keyword.builtin.ClickKeyword.click(ClickKeyword.groovy:74)
	at com.kms.katalon.core.webui.keyword.builtin.ClickKeyword.execute(ClickKeyword.groovy:40)
	at com.kms.katalon.core.keyword.internal.KeywordExecutor.executeKeywordForPlatform(KeywordExecutor.groovy:74)
	at com.kms.katalon.core.webui.keyword.WebUiBuiltInKeywords.click(WebUiBuiltInKeywords.groovy:620)
	at com.kms.katalon.core.webui.keyword.WebUiBuiltInKeywords$click$1.call(Unknown Source)
	at Logout.run(Logout:24)
	at com.kms.katalon.core.main.ScriptEngine.run(ScriptEngine.java:194)
	at com.kms.katalon.core.main.ScriptEngine.runScriptAsRawText(ScriptEngine.java:119)
	at com.kms.katalon.core.main.TestCaseExecutor.runScript(TestCaseExecutor.java:442)
	at com.kms.katalon.core.main.TestCaseExecutor.doExecute(TestCaseExecutor.java:433)
	at com.kms.katalon.core.main.TestCaseExecutor.processExecutionPhase(TestCaseExecutor.java:412)
	at com.kms.katalon.core.main.TestCaseExecutor.accessMainPhase(TestCaseExecutor.java:404)
	at com.kms.katalon.core.main.TestCaseExecutor.execute(TestCaseExecutor.java:281)
	at com.kms.katalon.core.main.TestCaseExecutor.execute(TestCaseExecutor.java:363)
	at com.kms.katalon.core.main.TestCaseExecutor.execute(TestCaseExecutor.java:363)
	at com.kms.katalon.core.main.TestCaseExecutor.execute(TestCaseExecutor.java:363)
	at com.kms.katalon.core.main.TestSuiteExecutor.accessTestCaseMainPhase(TestSuiteExecutor.java:202)
	at com.kms.katalon.core.main.TestSuiteExecutor.accessTestSuiteMainPhase(TestSuiteExecutor.java:164)
	at com.kms.katalon.core.main.TestSuiteExecutor.execute(TestSuiteExecutor.java:105)
	at com.kms.katalon.core.main.TestCaseMain.startTestSuite(TestCaseMain.java:181)
	at com.kms.katalon.core.main.TestCaseMain$startTestSuite$0.call(Unknown Source)
	at TempTestSuite1642427552724.run(TempTestSuite1642427552724.groovy:36)
Caused by: com.kms.katalon.core.webui.exception.WebElementNotFoundException: Web element with id: 'Object Repository/Thang/Logout/Page_Element/span_Sign out' located by '//div[@id='mx_ContextualMenu_Container']/div/div[2]/div/div[2]/div[5]/span[2]' not found
	at com.kms.katalon.core.webui.common.WebUiCommonHelper.findWebElement(WebUiCommonHelper.java:1368)
	at com.kms.katalon.core.webui.keyword.internal.WebUIAbstractKeyword.findWebElement(WebUIAbstractKeyword.groovy:27)
	at com.kms.katalon.core.webui.keyword.builtin.ClickKeyword$_click_closure1.doCall(ClickKeyword.groovy:65)
	at com.kms.katalon.core.webui.keyword.builtin.ClickKeyword$_click_closure1.call(ClickKeyword.groovy)
	at com.kms.katalon.core.webui.keyword.internal.WebUIKeywordMain.runKeyword(WebUIKeywordMain.groovy:20)
	... 22 more]]></system-err>
      </testcase>
      <testcase name="Test Cases/1. Create Space/2. Create a private space" time="52.988" classname="Test Cases/1. Create Space/2. Create a private space" status="PASSED">
         <system-out><![CDATA[2022-01-17 20:59:27 - [TEST_CASE][PASSED] - Test Cases/1. Create Space/2. Create a private space: Test Cases/1. Create Space/2. Create a private space

2022-01-17 20:59:27 - [TEST_STEP][PASSED] - openBrowser(""): Browser is opened with url: ''

2022-01-17 20:59:27 - [MESSAGE][WARNING] - A browser is already opened. Closing browser and opening a new one

2022-01-17 20:59:27 - [MESSAGE][INFO] - Starting 'Chrome' driver

2022-01-17 20:59:27 - [MESSAGE][INFO] - Action delay is set to 100 milliseconds

2022-01-17 20:59:28 - [MESSAGE][PASSED] - Browser is opened with url: ''

2022-01-17 20:59:28 - [TEST_STEP][PASSED] - navigateToUrl("http://localhost:8080/#/welcome"): Navigate to 'http://localhost:8080/#/welcome' successfully

2022-01-17 20:59:31 - [MESSAGE][PASSED] - Navigate to 'http://localhost:8080/#/welcome' successfully

2022-01-17 20:59:31 - [TEST_STEP][PASSED] - click(findTestObject("Object Repository/Khoa/Page_Element/a_Sign In")): Object: 'Object Repository/Khoa/Page_Element/a_Sign In' is clicked on

2022-01-17 20:59:34 - [MESSAGE][PASSED] - Object: 'Object Repository/Khoa/Page_Element/a_Sign In' is clicked on

2022-01-17 20:59:34 - [TEST_STEP][PASSED] - setText(findTestObject("Object Repository/Khoa/Page_Element/input_Sign in with_username"), "catalontest1"): Text 'catalontest1' is set on object 'Object Repository/Khoa/Page_Element/input_Sign in with_username'

2022-01-17 20:59:35 - [MESSAGE][PASSED] - Text 'catalontest1' is set on object 'Object Repository/Khoa/Page_Element/input_Sign in with_username'

2022-01-17 20:59:35 - [TEST_STEP][PASSED] - setEncryptedText(findTestObject("Object Repository/Khoa/Page_Element/input_Username_password"), "IVP3EFuX5Soi+L5J3PmWRw=="): Text ****** has been set on object 'Object Repository/Khoa/Page_Element/input_Username_password'

2022-01-17 20:59:36 - [MESSAGE][PASSED] - Text ****** has been set on object 'Object Repository/Khoa/Page_Element/input_Username_password'

2022-01-17 20:59:36 - [TEST_STEP][PASSED] - click(findTestObject("Object Repository/Khoa/Page_Element/input_Forgot password_mx_Login_submit")): Object: 'Object Repository/Khoa/Page_Element/input_Forgot password_mx_Login_submit' is clicked on

2022-01-17 20:59:36 - [MESSAGE][PASSED] - Object: 'Object Repository/Khoa/Page_Element/input_Forgot password_mx_Login_submit' is clicked on

2022-01-17 20:59:36 - [TEST_STEP][PASSED] - click(findTestObject("Object Repository/Khoa/Page_Element/div_Verify with Security Key")): Object: 'Object Repository/Khoa/Page_Element/div_Verify with Security Key' is clicked on

2022-01-17 20:59:42 - [MESSAGE][PASSED] - Object: 'Object Repository/Khoa/Page_Element/div_Verify with Security Key' is clicked on

2022-01-17 20:59:42 - [TEST_STEP][PASSED] - setEncryptedText(findTestObject("Object Repository/Khoa/Page_Element/input_Security Key_mx_Field_4"), "KcTIxEe86JlbIbDMhEOGDxm8TOo5sVjpulf8hwfL6DCmnHQLN2q0ty2pbg9r9Jrm7267l8Wa9qCJrW4e/iwRSw=="): Text ****** has been set on object 'Object Repository/Khoa/Page_Element/input_Security Key_mx_Field_4'

2022-01-17 20:59:43 - [MESSAGE][PASSED] - Text ****** has been set on object 'Object Repository/Khoa/Page_Element/input_Security Key_mx_Field_4'

2022-01-17 20:59:43 - [TEST_STEP][PASSED] - click(findTestObject("Object Repository/Khoa/Page_Element/button_Continue")): Object: 'Object Repository/Khoa/Page_Element/button_Continue' is clicked on

2022-01-17 20:59:43 - [MESSAGE][PASSED] - Object: 'Object Repository/Khoa/Page_Element/button_Continue' is clicked on

2022-01-17 20:59:43 - [TEST_STEP][PASSED] - click(findTestObject("Object Repository/Khoa/Page_Element/div_Done")): Object: 'Object Repository/Khoa/Page_Element/div_Done' is clicked on

2022-01-17 20:59:44 - [MESSAGE][PASSED] - Object: 'Object Repository/Khoa/Page_Element/div_Done' is clicked on

2022-01-17 20:59:44 - [TEST_STEP][PASSED] - click(findTestObject("Object Repository/Khoa/Page_Element/div_Review_mx_SpaceButton_icon")): Object: 'Object Repository/Khoa/Page_Element/div_Review_mx_SpaceButton_icon' is clicked on

2022-01-17 21:00:15 - [MESSAGE][INFO] - Unable to find the element located by 'By.xpath: //section[@id='matrixchat']/div/div[2]/div/ul/div[2]/div/li[4]/div/div/div/div/div'. Please recheck the objects properties to make sure the desired element is located. 

2022-01-17 21:00:15 - [MESSAGE][WARNING] - [SELF-HEALING] Failed to find element with id 'Object Repository/Khoa/Page_Element/div_Review_mx_SpaceButton_icon'. Try using Self-healing.

2022-01-17 21:00:15 - [MESSAGE][WARNING] - [SELF-HEALING] The current locator of test object 'Object Repository/Khoa/Page_Element/div_Review_mx_SpaceButton_icon' was broken. Propose an alternative one: 'id("matrixchat")/div[@class="mx_MatrixChat_wrapper"]/div[@class="mx_MatrixChat"]/div[@class="mx_LeftPanel_wrapper"]/ul[@class="mx_SpacePanel collapsed"]/div[@class="mx_AutoHideScrollbar mx_SpacePanel_spaceTreeWrapper"]/div[@class="mx_SpaceTreeLevel"]/li[@class="mx_SpaceItem mx_SpaceItem_new collapsed"]/div[@class="mx_AccessibleButton mx_SpaceButton mx_SpaceButton_new mx_SpaceButton_narrow"]/div[@class="mx_SpaceButton_selectionWrapper"]/div[@class="mx_SpaceButton_avatarWrapper"]/div[@class="mx_SpaceButton_avatarPlaceholder"]/div[@class="mx_SpaceButton_icon"]'.

2022-01-17 21:00:16 - [MESSAGE][PASSED] - Object: 'Object Repository/Khoa/Page_Element/div_Review_mx_SpaceButton_icon' is clicked on

2022-01-17 21:00:16 - [TEST_STEP][PASSED] - click(findTestObject("Object Repository/Khoa/Page_Element/div_PrivateInvite only, best for yourself or teams")): Object: 'Object Repository/Khoa/Page_Element/div_PrivateInvite only, best for yourself or teams' is clicked on

2022-01-17 21:00:16 - [MESSAGE][PASSED] - Object: 'Object Repository/Khoa/Page_Element/div_PrivateInvite only, best for yourself or teams' is clicked on

2022-01-17 21:00:16 - [TEST_STEP][PASSED] - setText(findTestObject("Object Repository/Khoa/Page_Element/input_Upload_spaceName"), "Private Space 0001"): Text 'Private Space 0001' is set on object 'Object Repository/Khoa/Page_Element/input_Upload_spaceName'

2022-01-17 21:00:16 - [MESSAGE][PASSED] - Text 'Private Space 0001' is set on object 'Object Repository/Khoa/Page_Element/input_Upload_spaceName'

2022-01-17 21:00:16 - [TEST_STEP][PASSED] - click(findTestObject("Object Repository/Khoa/Page_Element/div_Create")): Object: 'Object Repository/Khoa/Page_Element/div_Create' is clicked on

2022-01-17 21:00:17 - [MESSAGE][PASSED] - Object: 'Object Repository/Khoa/Page_Element/div_Create' is clicked on

2022-01-17 21:00:17 - [TEST_STEP][PASSED] - click(findTestObject("Object Repository/Khoa/Page_Element  Empty room/div_Just meA private space to organize your rooms")): Object: 'Object Repository/Khoa/Page_Element  Empty room/div_Just meA private space to organize your rooms' is clicked on

2022-01-17 21:00:19 - [MESSAGE][PASSED] - Object: 'Object Repository/Khoa/Page_Element  Empty room/div_Just meA private space to organize your rooms' is clicked on

2022-01-17 21:00:19 - [TEST_STEP][PASSED] - click(findTestObject("Object Repository/Khoa/Page_Element  Empty room/div_Skip for now")): Object: 'Object Repository/Khoa/Page_Element  Empty room/div_Skip for now' is clicked on

2022-01-17 21:00:19 - [MESSAGE][PASSED] - Object: 'Object Repository/Khoa/Page_Element  Empty room/div_Skip for now' is clicked on

2022-01-17 21:00:19 - [TEST_STEP][PASSED] - click(findTestObject("Object Repository/Khoa/Page_Element  Empty room/div_Invite_mx_AccessibleButton mx_SpaceRoom_87964d")): Object: 'Object Repository/Khoa/Page_Element  Empty room/div_Invite_mx_AccessibleButton mx_SpaceRoom_87964d' is clicked on

2022-01-17 21:00:19 - [MESSAGE][PASSED] - Object: 'Object Repository/Khoa/Page_Element  Empty room/div_Invite_mx_AccessibleButton mx_SpaceRoom_87964d' is clicked on

2022-01-17 21:00:19 - [TEST_STEP][PASSED] - click(findTestObject("Object Repository/Khoa/Page_Element  Empty room/div_Leave Space")): Object: 'Object Repository/Khoa/Page_Element  Empty room/div_Leave Space' is clicked on

2022-01-17 21:00:20 - [MESSAGE][PASSED] - Object: 'Object Repository/Khoa/Page_Element  Empty room/div_Leave Space' is clicked on

2022-01-17 21:00:20 - [TEST_STEP][PASSED] - click(findTestObject("Object Repository/Khoa/Page_Element  Empty room/button_Leave space")): Object: 'Object Repository/Khoa/Page_Element  Empty room/button_Leave space' is clicked on

2022-01-17 21:00:20 - [MESSAGE][PASSED] - Object: 'Object Repository/Khoa/Page_Element  Empty room/button_Leave space' is clicked on]]></system-out>
         <system-err><![CDATA[]]></system-err>
      </testcase>
      <testcase name="Test Cases/1. Create Space/3. Create an existed public space" time="50.989" classname="Test Cases/1. Create Space/3. Create an existed public space" status="PASSED">
         <system-out><![CDATA[2022-01-17 21:00:20 - [TEST_CASE][PASSED] - Test Cases/1. Create Space/3. Create an existed public space: Test Cases/1. Create Space/3. Create an existed public space

2022-01-17 21:00:20 - [TEST_STEP][PASSED] - openBrowser(""): Browser is opened with url: ''

2022-01-17 21:00:20 - [MESSAGE][WARNING] - A browser is already opened. Closing browser and opening a new one

2022-01-17 21:00:20 - [MESSAGE][INFO] - Starting 'Chrome' driver

2022-01-17 21:00:20 - [MESSAGE][INFO] - Action delay is set to 100 milliseconds

2022-01-17 21:00:21 - [MESSAGE][PASSED] - Browser is opened with url: ''

2022-01-17 21:00:21 - [TEST_STEP][PASSED] - navigateToUrl("http://localhost:8080/#/welcome"): Navigate to 'http://localhost:8080/#/welcome' successfully

2022-01-17 21:00:23 - [MESSAGE][PASSED] - Navigate to 'http://localhost:8080/#/welcome' successfully

2022-01-17 21:00:23 - [TEST_STEP][PASSED] - click(findTestObject("Object Repository/Khoa/Page_Element/a_Sign In")): Object: 'Object Repository/Khoa/Page_Element/a_Sign In' is clicked on

2022-01-17 21:00:27 - [MESSAGE][PASSED] - Object: 'Object Repository/Khoa/Page_Element/a_Sign In' is clicked on

2022-01-17 21:00:27 - [TEST_STEP][PASSED] - setText(findTestObject("Object Repository/Khoa/Page_Element/input_Sign in with_username"), "catalontest1"): Text 'catalontest1' is set on object 'Object Repository/Khoa/Page_Element/input_Sign in with_username'

2022-01-17 21:00:29 - [MESSAGE][PASSED] - Text 'catalontest1' is set on object 'Object Repository/Khoa/Page_Element/input_Sign in with_username'

2022-01-17 21:00:29 - [TEST_STEP][PASSED] - setEncryptedText(findTestObject("Object Repository/Khoa/Page_Element/input_Username_password"), "IVP3EFuX5Soi+L5J3PmWRw=="): Text ****** has been set on object 'Object Repository/Khoa/Page_Element/input_Username_password'

2022-01-17 21:00:29 - [MESSAGE][PASSED] - Text ****** has been set on object 'Object Repository/Khoa/Page_Element/input_Username_password'

2022-01-17 21:00:29 - [TEST_STEP][PASSED] - click(findTestObject("Object Repository/Khoa/Page_Element/input_Forgot password_mx_Login_submit")): Object: 'Object Repository/Khoa/Page_Element/input_Forgot password_mx_Login_submit' is clicked on

2022-01-17 21:00:30 - [MESSAGE][PASSED] - Object: 'Object Repository/Khoa/Page_Element/input_Forgot password_mx_Login_submit' is clicked on

2022-01-17 21:00:30 - [TEST_STEP][PASSED] - click(findTestObject("Object Repository/Khoa/Page_Element/div_Verify with Security Key")): Object: 'Object Repository/Khoa/Page_Element/div_Verify with Security Key' is clicked on

2022-01-17 21:00:37 - [MESSAGE][PASSED] - Object: 'Object Repository/Khoa/Page_Element/div_Verify with Security Key' is clicked on

2022-01-17 21:00:37 - [TEST_STEP][PASSED] - setEncryptedText(findTestObject("Object Repository/Khoa/Page_Element/input_Security Key_mx_Field_4"), "KcTIxEe86JlbIbDMhEOGDxm8TOo5sVjpulf8hwfL6DCmnHQLN2q0ty2pbg9r9Jrm7267l8Wa9qCJrW4e/iwRSw=="): Text ****** has been set on object 'Object Repository/Khoa/Page_Element/input_Security Key_mx_Field_4'

2022-01-17 21:00:38 - [MESSAGE][PASSED] - Text ****** has been set on object 'Object Repository/Khoa/Page_Element/input_Security Key_mx_Field_4'

2022-01-17 21:00:38 - [TEST_STEP][PASSED] - click(findTestObject("Object Repository/Khoa/Page_Element/button_Continue")): Object: 'Object Repository/Khoa/Page_Element/button_Continue' is clicked on

2022-01-17 21:00:38 - [MESSAGE][PASSED] - Object: 'Object Repository/Khoa/Page_Element/button_Continue' is clicked on

2022-01-17 21:00:38 - [TEST_STEP][PASSED] - click(findTestObject("Object Repository/Khoa/Page_Element/div_Done")): Object: 'Object Repository/Khoa/Page_Element/div_Done' is clicked on

2022-01-17 21:00:38 - [MESSAGE][PASSED] - Object: 'Object Repository/Khoa/Page_Element/div_Done' is clicked on

2022-01-17 21:00:38 - [TEST_STEP][PASSED] - click(findTestObject("Object Repository/Khoa/Page_Element/div_Review_mx_SpaceButton_icon")): Object: 'Object Repository/Khoa/Page_Element/div_Review_mx_SpaceButton_icon' is clicked on

2022-01-17 21:01:10 - [MESSAGE][INFO] - Unable to find the element located by 'By.xpath: //section[@id='matrixchat']/div/div[2]/div/ul/div[2]/div/li[4]/div/div/div/div/div'. Please recheck the objects properties to make sure the desired element is located. 

2022-01-17 21:01:10 - [MESSAGE][WARNING] - [SELF-HEALING] Failed to find element with id 'Object Repository/Khoa/Page_Element/div_Review_mx_SpaceButton_icon'. Try using Self-healing.

2022-01-17 21:01:10 - [MESSAGE][WARNING] - [SELF-HEALING] The current locator of test object 'Object Repository/Khoa/Page_Element/div_Review_mx_SpaceButton_icon' was broken. Propose an alternative one: 'id("matrixchat")/div[@class="mx_MatrixChat_wrapper"]/div[@class="mx_MatrixChat"]/div[@class="mx_LeftPanel_wrapper"]/ul[@class="mx_SpacePanel collapsed"]/div[@class="mx_AutoHideScrollbar mx_SpacePanel_spaceTreeWrapper"]/div[@class="mx_SpaceTreeLevel"]/li[@class="mx_SpaceItem mx_SpaceItem_new collapsed"]/div[@class="mx_AccessibleButton mx_SpaceButton mx_SpaceButton_new mx_SpaceButton_narrow"]/div[@class="mx_SpaceButton_selectionWrapper"]/div[@class="mx_SpaceButton_avatarWrapper"]/div[@class="mx_SpaceButton_avatarPlaceholder"]/div[@class="mx_SpaceButton_icon"]'.

2022-01-17 21:01:10 - [MESSAGE][PASSED] - Object: 'Object Repository/Khoa/Page_Element/div_Review_mx_SpaceButton_icon' is clicked on

2022-01-17 21:01:10 - [TEST_STEP][PASSED] - click(findTestObject("Object Repository/Khoa/Page_Element/div_PublicOpen space for anyone, best for c_08629a")): Object: 'Object Repository/Khoa/Page_Element/div_PublicOpen space for anyone, best for c_08629a' is clicked on

2022-01-17 21:01:10 - [MESSAGE][PASSED] - Object: 'Object Repository/Khoa/Page_Element/div_PublicOpen space for anyone, best for c_08629a' is clicked on

2022-01-17 21:01:10 - [TEST_STEP][PASSED] - setText(findTestObject("Object Repository/Khoa/Page_Element/input_Upload_spaceName"), "Existed Public Space 00001"): Text 'Existed Public Space 00001' is set on object 'Object Repository/Khoa/Page_Element/input_Upload_spaceName'

2022-01-17 21:01:11 - [MESSAGE][PASSED] - Text 'Existed Public Space 00001' is set on object 'Object Repository/Khoa/Page_Element/input_Upload_spaceName'

2022-01-17 21:01:11 - [TEST_STEP][PASSED] - click(findTestObject("Object Repository/Khoa/Page_Element/div_Create")): Object: 'Object Repository/Khoa/Page_Element/div_Create' is clicked on

2022-01-17 21:01:11 - [MESSAGE][PASSED] - Object: 'Object Repository/Khoa/Page_Element/div_Create' is clicked on]]></system-out>
         <system-err><![CDATA[]]></system-err>
      </testcase>
      <testcase name="Test Cases/1. Create Space/4. Create a space in a space" time="23.6" classname="Test Cases/1. Create Space/4. Create a space in a space" status="PASSED">
         <system-out><![CDATA[2022-01-17 21:01:11 - [TEST_CASE][PASSED] - Test Cases/1. Create Space/4. Create a space in a space: Test Cases/1. Create Space/4. Create a space in a space

2022-01-17 21:01:11 - [TEST_STEP][PASSED] - openBrowser(""): Browser is opened with url: ''

2022-01-17 21:01:11 - [MESSAGE][WARNING] - A browser is already opened. Closing browser and opening a new one

2022-01-17 21:01:11 - [MESSAGE][INFO] - Starting 'Chrome' driver

2022-01-17 21:01:11 - [MESSAGE][INFO] - Action delay is set to 100 milliseconds

2022-01-17 21:01:12 - [MESSAGE][PASSED] - Browser is opened with url: ''

2022-01-17 21:01:12 - [TEST_STEP][PASSED] - navigateToUrl("http://localhost:8080/#/welcome"): Navigate to 'http://localhost:8080/#/welcome' successfully

2022-01-17 21:01:14 - [MESSAGE][PASSED] - Navigate to 'http://localhost:8080/#/welcome' successfully

2022-01-17 21:01:14 - [TEST_STEP][PASSED] - click(findTestObject("Object Repository/Khoa/Page_Element/a_Sign In")): Object: 'Object Repository/Khoa/Page_Element/a_Sign In' is clicked on

2022-01-17 21:01:19 - [MESSAGE][PASSED] - Object: 'Object Repository/Khoa/Page_Element/a_Sign In' is clicked on

2022-01-17 21:01:19 - [TEST_STEP][PASSED] - setText(findTestObject("Object Repository/Khoa/Page_Element/input_Sign in with_username"), "catalontest1"): Text 'catalontest1' is set on object 'Object Repository/Khoa/Page_Element/input_Sign in with_username'

2022-01-17 21:01:21 - [MESSAGE][PASSED] - Text 'catalontest1' is set on object 'Object Repository/Khoa/Page_Element/input_Sign in with_username'

2022-01-17 21:01:21 - [TEST_STEP][PASSED] - setEncryptedText(findTestObject("Object Repository/Khoa/Page_Element/input_Username_password"), "IVP3EFuX5Soi+L5J3PmWRw=="): Text ****** has been set on object 'Object Repository/Khoa/Page_Element/input_Username_password'

2022-01-17 21:01:21 - [MESSAGE][PASSED] - Text ****** has been set on object 'Object Repository/Khoa/Page_Element/input_Username_password'

2022-01-17 21:01:21 - [TEST_STEP][PASSED] - click(findTestObject("Object Repository/Khoa/Page_Element/input_Forgot password_mx_Login_submit")): Object: 'Object Repository/Khoa/Page_Element/input_Forgot password_mx_Login_submit' is clicked on

2022-01-17 21:01:21 - [MESSAGE][PASSED] - Object: 'Object Repository/Khoa/Page_Element/input_Forgot password_mx_Login_submit' is clicked on

2022-01-17 21:01:21 - [TEST_STEP][PASSED] - click(findTestObject("Object Repository/Khoa/Page_Element/div_Verify with Security Key")): Object: 'Object Repository/Khoa/Page_Element/div_Verify with Security Key' is clicked on

2022-01-17 21:01:27 - [MESSAGE][PASSED] - Object: 'Object Repository/Khoa/Page_Element/div_Verify with Security Key' is clicked on

2022-01-17 21:01:27 - [TEST_STEP][PASSED] - setEncryptedText(findTestObject("Object Repository/Khoa/Page_Element/input_Security Key_mx_Field_4"), "KcTIxEe86JlbIbDMhEOGDxm8TOo5sVjpulf8hwfL6DCmnHQLN2q0ty2pbg9r9Jrm7267l8Wa9qCJrW4e/iwRSw=="): Text ****** has been set on object 'Object Repository/Khoa/Page_Element/input_Security Key_mx_Field_4'

2022-01-17 21:01:28 - [MESSAGE][PASSED] - Text ****** has been set on object 'Object Repository/Khoa/Page_Element/input_Security Key_mx_Field_4'

2022-01-17 21:01:28 - [TEST_STEP][PASSED] - click(findTestObject("Object Repository/Khoa/Page_Element/button_Continue")): Object: 'Object Repository/Khoa/Page_Element/button_Continue' is clicked on

2022-01-17 21:01:28 - [MESSAGE][PASSED] - Object: 'Object Repository/Khoa/Page_Element/button_Continue' is clicked on

2022-01-17 21:01:28 - [TEST_STEP][PASSED] - click(findTestObject("Object Repository/Khoa/Page_Element/div_Done")): Object: 'Object Repository/Khoa/Page_Element/div_Done' is clicked on

2022-01-17 21:01:29 - [MESSAGE][PASSED] - Object: 'Object Repository/Khoa/Page_Element/div_Done' is clicked on

2022-01-17 21:01:29 - [TEST_STEP][PASSED] - rightClick(findTestObject("Object Repository/Khoa/Page_Element/span_P")): Object: 'Object Repository/Khoa/Page_Element/span_P' is right clicked on

2022-01-17 21:01:29 - [MESSAGE][PASSED] - Object: 'Object Repository/Khoa/Page_Element/span_P' is right clicked on

2022-01-17 21:01:29 - [TEST_STEP][PASSED] - click(findTestObject("Object Repository/Khoa/Page_Element/span_Space")): Object: 'Object Repository/Khoa/Page_Element/span_Space' is clicked on

2022-01-17 21:01:29 - [MESSAGE][PASSED] - Object: 'Object Repository/Khoa/Page_Element/span_Space' is clicked on

2022-01-17 21:01:29 - [TEST_STEP][PASSED] - setText(findTestObject("Object Repository/Khoa/Page_Element/input_Upload_spaceName"), "Space In Space"): Text 'Space In Space' is set on object 'Object Repository/Khoa/Page_Element/input_Upload_spaceName'

2022-01-17 21:01:30 - [MESSAGE][PASSED] - Text 'Space In Space' is set on object 'Object Repository/Khoa/Page_Element/input_Upload_spaceName'

2022-01-17 21:01:30 - [TEST_STEP][PASSED] - click(findTestObject("Object Repository/Khoa/Page_Element/div_Add")): Object: 'Object Repository/Khoa/Page_Element/div_Add' is clicked on

2022-01-17 21:01:30 - [MESSAGE][PASSED] - Object: 'Object Repository/Khoa/Page_Element/div_Add' is clicked on

2022-01-17 21:01:30 - [TEST_STEP][PASSED] - click(findTestObject("Object Repository/Khoa/Page_Element  Space In Space/div_Just meA private space to organize your rooms")): Object: 'Object Repository/Khoa/Page_Element  Space In Space/div_Just meA private space to organize your rooms' is clicked on

2022-01-17 21:01:34 - [MESSAGE][PASSED] - Object: 'Object Repository/Khoa/Page_Element  Space In Space/div_Just meA private space to organize your rooms' is clicked on

2022-01-17 21:01:34 - [TEST_STEP][PASSED] - click(findTestObject("Object Repository/Khoa/Page_Element  Space In Space/div_Skip for now")): Object: 'Object Repository/Khoa/Page_Element  Space In Space/div_Skip for now' is clicked on

2022-01-17 21:01:34 - [MESSAGE][PASSED] - Object: 'Object Repository/Khoa/Page_Element  Space In Space/div_Skip for now' is clicked on

2022-01-17 21:01:34 - [TEST_STEP][PASSED] - click(findTestObject("Object Repository/Khoa/Page_Element  Space In Space/div_Invite_mx_AccessibleButton mx_SpaceRoom_87964d")): Object: 'Object Repository/Khoa/Page_Element  Space In Space/div_Invite_mx_AccessibleButton mx_SpaceRoom_87964d' is clicked on

2022-01-17 21:01:34 - [MESSAGE][PASSED] - Object: 'Object Repository/Khoa/Page_Element  Space In Space/div_Invite_mx_AccessibleButton mx_SpaceRoom_87964d' is clicked on

2022-01-17 21:01:34 - [TEST_STEP][PASSED] - click(findTestObject("Object Repository/Khoa/Page_Element  Space In Space/div_Leave Space")): Object: 'Object Repository/Khoa/Page_Element  Space In Space/div_Leave Space' is clicked on

2022-01-17 21:01:34 - [MESSAGE][PASSED] - Object: 'Object Repository/Khoa/Page_Element  Space In Space/div_Leave Space' is clicked on

2022-01-17 21:01:34 - [TEST_STEP][PASSED] - click(findTestObject("Object Repository/Khoa/Page_Element  Space In Space/button_Leave space")): Object: 'Object Repository/Khoa/Page_Element  Space In Space/button_Leave space' is clicked on

2022-01-17 21:01:34 - [MESSAGE][PASSED] - Object: 'Object Repository/Khoa/Page_Element  Space In Space/button_Leave space' is clicked on]]></system-out>
         <system-err><![CDATA[]]></system-err>
      </testcase>
      <testcase name="Test Cases/2. Create room/2. Create a private room" time="21.966" classname="Test Cases/2. Create room/2. Create a private room" status="PASSED">
         <system-out><![CDATA[2022-01-17 21:01:35 - [TEST_CASE][PASSED] - Test Cases/2. Create room/2. Create a private room: Test Cases/2. Create room/2. Create a private room

2022-01-17 21:01:35 - [TEST_STEP][PASSED] - openBrowser(""): Browser is opened with url: ''

2022-01-17 21:01:35 - [MESSAGE][WARNING] - A browser is already opened. Closing browser and opening a new one

2022-01-17 21:01:35 - [MESSAGE][INFO] - Starting 'Chrome' driver

2022-01-17 21:01:35 - [MESSAGE][INFO] - Action delay is set to 100 milliseconds

2022-01-17 21:01:35 - [MESSAGE][PASSED] - Browser is opened with url: ''

2022-01-17 21:01:35 - [TEST_STEP][PASSED] - navigateToUrl("http://localhost:8080/#/welcome"): Navigate to 'http://localhost:8080/#/welcome' successfully

2022-01-17 21:01:38 - [MESSAGE][PASSED] - Navigate to 'http://localhost:8080/#/welcome' successfully

2022-01-17 21:01:38 - [TEST_STEP][PASSED] - click(findTestObject("Object Repository/Khoa/Page_Element/a_Sign In")): Object: 'Object Repository/Khoa/Page_Element/a_Sign In' is clicked on

2022-01-17 21:01:42 - [MESSAGE][PASSED] - Object: 'Object Repository/Khoa/Page_Element/a_Sign In' is clicked on

2022-01-17 21:01:42 - [TEST_STEP][PASSED] - setText(findTestObject("Object Repository/Khoa/Page_Element/input_Sign in with_username"), "catalontest1"): Text 'catalontest1' is set on object 'Object Repository/Khoa/Page_Element/input_Sign in with_username'

2022-01-17 21:01:43 - [MESSAGE][PASSED] - Text 'catalontest1' is set on object 'Object Repository/Khoa/Page_Element/input_Sign in with_username'

2022-01-17 21:01:43 - [TEST_STEP][PASSED] - setEncryptedText(findTestObject("Object Repository/Khoa/Page_Element/input_Username_password"), "IVP3EFuX5Soi+L5J3PmWRw=="): Text ****** has been set on object 'Object Repository/Khoa/Page_Element/input_Username_password'

2022-01-17 21:01:44 - [MESSAGE][PASSED] - Text ****** has been set on object 'Object Repository/Khoa/Page_Element/input_Username_password'

2022-01-17 21:01:44 - [TEST_STEP][PASSED] - click(findTestObject("Object Repository/Khoa/Page_Element/input_Forgot password_mx_Login_submit")): Object: 'Object Repository/Khoa/Page_Element/input_Forgot password_mx_Login_submit' is clicked on

2022-01-17 21:01:44 - [MESSAGE][PASSED] - Object: 'Object Repository/Khoa/Page_Element/input_Forgot password_mx_Login_submit' is clicked on

2022-01-17 21:01:44 - [TEST_STEP][PASSED] - click(findTestObject("Object Repository/Khoa/Page_Element/div_Verify with Security Key")): Object: 'Object Repository/Khoa/Page_Element/div_Verify with Security Key' is clicked on

2022-01-17 21:01:49 - [MESSAGE][PASSED] - Object: 'Object Repository/Khoa/Page_Element/div_Verify with Security Key' is clicked on

2022-01-17 21:01:49 - [TEST_STEP][PASSED] - setEncryptedText(findTestObject("Object Repository/Khoa/Page_Element/input_Security Key_mx_Field_4"), "KcTIxEe86JlbIbDMhEOGDxm8TOo5sVjpulf8hwfL6DCmnHQLN2q0ty2pbg9r9Jrm7267l8Wa9qCJrW4e/iwRSw=="): Text ****** has been set on object 'Object Repository/Khoa/Page_Element/input_Security Key_mx_Field_4'

2022-01-17 21:01:50 - [MESSAGE][PASSED] - Text ****** has been set on object 'Object Repository/Khoa/Page_Element/input_Security Key_mx_Field_4'

2022-01-17 21:01:50 - [TEST_STEP][PASSED] - click(findTestObject("Object Repository/Khoa/Page_Element/button_Continue")): Object: 'Object Repository/Khoa/Page_Element/button_Continue' is clicked on

2022-01-17 21:01:51 - [MESSAGE][PASSED] - Object: 'Object Repository/Khoa/Page_Element/button_Continue' is clicked on

2022-01-17 21:01:51 - [TEST_STEP][PASSED] - click(findTestObject("Object Repository/Khoa/Page_Element/div_Done")): Object: 'Object Repository/Khoa/Page_Element/div_Done' is clicked on

2022-01-17 21:01:51 - [MESSAGE][PASSED] - Object: 'Object Repository/Khoa/Page_Element/div_Done' is clicked on

2022-01-17 21:01:51 - [TEST_STEP][PASSED] - click(findTestObject("Object Repository/Khoa/Page_Element/div_Rooms_mx_AccessibleButton mx_RoomSublis_27fc2e")): Object: 'Object Repository/Khoa/Page_Element/div_Rooms_mx_AccessibleButton mx_RoomSublis_27fc2e' is clicked on

2022-01-17 21:01:51 - [MESSAGE][PASSED] - Object: 'Object Repository/Khoa/Page_Element/div_Rooms_mx_AccessibleButton mx_RoomSublis_27fc2e' is clicked on

2022-01-17 21:01:51 - [TEST_STEP][PASSED] - click(findTestObject("Object Repository/Khoa/Page_Element/span_Create new room")): Object: 'Object Repository/Khoa/Page_Element/span_Create new room' is clicked on

2022-01-17 21:01:52 - [MESSAGE][PASSED] - Object: 'Object Repository/Khoa/Page_Element/span_Create new room' is clicked on

2022-01-17 21:01:52 - [TEST_STEP][PASSED] - setText(findTestObject("Object Repository/Khoa/Page_Element/input_Create a private room_mx_Field_5"), "Private Room 0001"): Text 'Private Room 0001' is set on object 'Object Repository/Khoa/Page_Element/input_Create a private room_mx_Field_5'

2022-01-17 21:01:52 - [MESSAGE][PASSED] - Text 'Private Room 0001' is set on object 'Object Repository/Khoa/Page_Element/input_Create a private room_mx_Field_5'

2022-01-17 21:01:52 - [TEST_STEP][PASSED] - setText(findTestObject("Object Repository/Khoa/Page_Element/input_Name_mx_Field_6"), "Private Room 0001"): Text 'Private Room 0001' is set on object 'Object Repository/Khoa/Page_Element/input_Name_mx_Field_6'

2022-01-17 21:01:53 - [MESSAGE][PASSED] - Text 'Private Room 0001' is set on object 'Object Repository/Khoa/Page_Element/input_Name_mx_Field_6'

2022-01-17 21:01:53 - [TEST_STEP][PASSED] - click(findTestObject("Object Repository/Khoa/Page_Element/button_Create Room")): Object: 'Object Repository/Khoa/Page_Element/button_Create Room' is clicked on

2022-01-17 21:01:53 - [MESSAGE][PASSED] - Object: 'Object Repository/Khoa/Page_Element/button_Create Room' is clicked on

2022-01-17 21:01:53 - [TEST_STEP][PASSED] - click(findTestObject("Object Repository/Khoa/Page_Element/div_Private Room 0001_mx_AccessibleButton m_c7edd6")): Object: 'Object Repository/Khoa/Page_Element/div_Private Room 0001_mx_AccessibleButton m_c7edd6' is clicked on

2022-01-17 21:01:56 - [MESSAGE][PASSED] - Object: 'Object Repository/Khoa/Page_Element/div_Private Room 0001_mx_AccessibleButton m_c7edd6' is clicked on

2022-01-17 21:01:56 - [TEST_STEP][PASSED] - click(findTestObject("Object Repository/Khoa/Page_Element/div_Room settings")): Object: 'Object Repository/Khoa/Page_Element/div_Room settings' is clicked on

2022-01-17 21:01:56 - [MESSAGE][PASSED] - Object: 'Object Repository/Khoa/Page_Element/div_Room settings' is clicked on

2022-01-17 21:01:56 - [TEST_STEP][PASSED] - click(findTestObject("Object Repository/Khoa/Page_Element/div_Leave room")): Object: 'Object Repository/Khoa/Page_Element/div_Leave room' is clicked on

2022-01-17 21:01:56 - [MESSAGE][PASSED] - Object: 'Object Repository/Khoa/Page_Element/div_Leave room' is clicked on

2022-01-17 21:01:56 - [TEST_STEP][PASSED] - click(findTestObject("Object Repository/Khoa/Page_Element/button_Leave")): Object: 'Object Repository/Khoa/Page_Element/button_Leave' is clicked on

2022-01-17 21:01:56 - [MESSAGE][PASSED] - Object: 'Object Repository/Khoa/Page_Element/button_Leave' is clicked on]]></system-out>
         <system-err><![CDATA[]]></system-err>
      </testcase>
      <testcase name="Test Cases/2. Create room/3. Create an existed public room" time="22.527" classname="Test Cases/2. Create room/3. Create an existed public room" status="PASSED">
         <system-out><![CDATA[2022-01-17 21:01:57 - [TEST_CASE][PASSED] - Test Cases/2. Create room/3. Create an existed public room: Test Cases/2. Create room/3. Create an existed public room

2022-01-17 21:01:57 - [TEST_STEP][PASSED] - openBrowser(""): Browser is opened with url: ''

2022-01-17 21:01:57 - [MESSAGE][WARNING] - A browser is already opened. Closing browser and opening a new one

2022-01-17 21:01:57 - [MESSAGE][INFO] - Starting 'Chrome' driver

2022-01-17 21:01:57 - [MESSAGE][INFO] - Action delay is set to 100 milliseconds

2022-01-17 21:01:58 - [MESSAGE][PASSED] - Browser is opened with url: ''

2022-01-17 21:01:58 - [TEST_STEP][PASSED] - navigateToUrl("http://localhost:8080/#/welcome"): Navigate to 'http://localhost:8080/#/welcome' successfully

2022-01-17 21:02:01 - [MESSAGE][PASSED] - Navigate to 'http://localhost:8080/#/welcome' successfully

2022-01-17 21:02:01 - [TEST_STEP][PASSED] - click(findTestObject("Object Repository/Khoa/Page_Element/a_Sign In")): Object: 'Object Repository/Khoa/Page_Element/a_Sign In' is clicked on

2022-01-17 21:02:04 - [MESSAGE][PASSED] - Object: 'Object Repository/Khoa/Page_Element/a_Sign In' is clicked on

2022-01-17 21:02:04 - [TEST_STEP][PASSED] - setText(findTestObject("Object Repository/Khoa/Page_Element/input_Sign in with_username"), "catalontest1"): Text 'catalontest1' is set on object 'Object Repository/Khoa/Page_Element/input_Sign in with_username'

2022-01-17 21:02:06 - [MESSAGE][PASSED] - Text 'catalontest1' is set on object 'Object Repository/Khoa/Page_Element/input_Sign in with_username'

2022-01-17 21:02:06 - [TEST_STEP][PASSED] - setEncryptedText(findTestObject("Object Repository/Khoa/Page_Element/input_Username_password"), "IVP3EFuX5Soi+L5J3PmWRw=="): Text ****** has been set on object 'Object Repository/Khoa/Page_Element/input_Username_password'

2022-01-17 21:02:07 - [MESSAGE][PASSED] - Text ****** has been set on object 'Object Repository/Khoa/Page_Element/input_Username_password'

2022-01-17 21:02:07 - [TEST_STEP][PASSED] - click(findTestObject("Object Repository/Khoa/Page_Element/input_Forgot password_mx_Login_submit")): Object: 'Object Repository/Khoa/Page_Element/input_Forgot password_mx_Login_submit' is clicked on

2022-01-17 21:02:07 - [MESSAGE][PASSED] - Object: 'Object Repository/Khoa/Page_Element/input_Forgot password_mx_Login_submit' is clicked on

2022-01-17 21:02:07 - [TEST_STEP][PASSED] - click(findTestObject("Object Repository/Khoa/Page_Element/div_Verify with Security Key")): Object: 'Object Repository/Khoa/Page_Element/div_Verify with Security Key' is clicked on

2022-01-17 21:02:13 - [MESSAGE][PASSED] - Object: 'Object Repository/Khoa/Page_Element/div_Verify with Security Key' is clicked on

2022-01-17 21:02:13 - [TEST_STEP][PASSED] - setEncryptedText(findTestObject("Object Repository/Khoa/Page_Element/input_Security Key_mx_Field_4"), "KcTIxEe86JlbIbDMhEOGDxm8TOo5sVjpulf8hwfL6DCmnHQLN2q0ty2pbg9r9Jrm7267l8Wa9qCJrW4e/iwRSw=="): Text ****** has been set on object 'Object Repository/Khoa/Page_Element/input_Security Key_mx_Field_4'

2022-01-17 21:02:15 - [MESSAGE][PASSED] - Text ****** has been set on object 'Object Repository/Khoa/Page_Element/input_Security Key_mx_Field_4'

2022-01-17 21:02:15 - [TEST_STEP][PASSED] - click(findTestObject("Object Repository/Khoa/Page_Element/button_Continue")): Object: 'Object Repository/Khoa/Page_Element/button_Continue' is clicked on

2022-01-17 21:02:15 - [MESSAGE][PASSED] - Object: 'Object Repository/Khoa/Page_Element/button_Continue' is clicked on

2022-01-17 21:02:15 - [TEST_STEP][PASSED] - click(findTestObject("Object Repository/Khoa/Page_Element/div_Done")): Object: 'Object Repository/Khoa/Page_Element/div_Done' is clicked on

2022-01-17 21:02:16 - [MESSAGE][PASSED] - Object: 'Object Repository/Khoa/Page_Element/div_Done' is clicked on

2022-01-17 21:02:16 - [TEST_STEP][PASSED] - click(findTestObject("Object Repository/Khoa/Page_Element/div_Rooms_mx_AccessibleButton mx_RoomSublis_27fc2e")): Object: 'Object Repository/Khoa/Page_Element/div_Rooms_mx_AccessibleButton mx_RoomSublis_27fc2e' is clicked on

2022-01-17 21:02:16 - [MESSAGE][PASSED] - Object: 'Object Repository/Khoa/Page_Element/div_Rooms_mx_AccessibleButton mx_RoomSublis_27fc2e' is clicked on

2022-01-17 21:02:16 - [TEST_STEP][PASSED] - click(findTestObject("Object Repository/Khoa/Page_Element/span_Create new room")): Object: 'Object Repository/Khoa/Page_Element/span_Create new room' is clicked on

2022-01-17 21:02:16 - [MESSAGE][PASSED] - Object: 'Object Repository/Khoa/Page_Element/span_Create new room' is clicked on

2022-01-17 21:02:16 - [TEST_STEP][PASSED] - setText(findTestObject("Object Repository/Khoa/Page_Element/input_Create a private room_mx_Field_5"), "Existed Public Room 0001"): Text 'Existed Public Room 0001' is set on object 'Object Repository/Khoa/Page_Element/input_Create a private room_mx_Field_5'

2022-01-17 21:02:17 - [MESSAGE][PASSED] - Text 'Existed Public Room 0001' is set on object 'Object Repository/Khoa/Page_Element/input_Create a private room_mx_Field_5'

2022-01-17 21:02:17 - [TEST_STEP][PASSED] - setText(findTestObject("Object Repository/Khoa/Page_Element/input_Name_mx_Field_6"), "Existed Public Room 0001"): Text 'Existed Public Room 0001' is set on object 'Object Repository/Khoa/Page_Element/input_Name_mx_Field_6'

2022-01-17 21:02:17 - [MESSAGE][PASSED] - Text 'Existed Public Room 0001' is set on object 'Object Repository/Khoa/Page_Element/input_Name_mx_Field_6'

2022-01-17 21:02:17 - [TEST_STEP][PASSED] - click(findTestObject("Object Repository/Khoa/Page_Element/div_Private room (invite only)")): Object: 'Object Repository/Khoa/Page_Element/div_Private room (invite only)' is clicked on

2022-01-17 21:02:18 - [MESSAGE][PASSED] - Object: 'Object Repository/Khoa/Page_Element/div_Private room (invite only)' is clicked on

2022-01-17 21:02:18 - [TEST_STEP][PASSED] - click(findTestObject("Object Repository/Khoa/Page_Element/div_Public room")): Object: 'Object Repository/Khoa/Page_Element/div_Public room' is clicked on

2022-01-17 21:02:18 - [MESSAGE][PASSED] - Object: 'Object Repository/Khoa/Page_Element/div_Public room' is clicked on

2022-01-17 21:02:18 - [TEST_STEP][PASSED] - setText(findTestObject("Object Repository/Khoa/Page_Element/input__mx_Field_7"), "existed-public-room-0001"): Text 'existed-public-room-0001' is set on object 'Object Repository/Khoa/Page_Element/input__mx_Field_7'

2022-01-17 21:02:18 - [MESSAGE][PASSED] - Text 'existed-public-room-0001' is set on object 'Object Repository/Khoa/Page_Element/input__mx_Field_7'

2022-01-17 21:02:18 - [TEST_STEP][PASSED] - click(findTestObject("Object Repository/Khoa/Page_Element/button_Create Room")): Object: 'Object Repository/Khoa/Page_Element/button_Create Room' is clicked on

2022-01-17 21:02:19 - [MESSAGE][PASSED] - Object: 'Object Repository/Khoa/Page_Element/button_Create Room' is clicked on

2022-01-17 21:02:19 - [TEST_STEP][PASSED] - click(findTestObject("Object Repository/Khoa/Page_Element/button_Cancel")): Object: 'Object Repository/Khoa/Page_Element/button_Cancel' is clicked on

2022-01-17 21:02:19 - [MESSAGE][PASSED] - Object: 'Object Repository/Khoa/Page_Element/button_Cancel' is clicked on]]></system-out>
         <system-err><![CDATA[]]></system-err>
      </testcase>
      <testcase name="Test Cases/3. Join room/1. Join a public room" time="25.933" classname="Test Cases/3. Join room/1. Join a public room" status="PASSED">
         <system-out><![CDATA[2022-01-17 21:02:19 - [TEST_CASE][PASSED] - Test Cases/3. Join room/1. Join a public room: Test Cases/3. Join room/1. Join a public room

2022-01-17 21:02:19 - [TEST_STEP][PASSED] - openBrowser(""): Browser is opened with url: ''

2022-01-17 21:02:19 - [MESSAGE][WARNING] - A browser is already opened. Closing browser and opening a new one

2022-01-17 21:02:20 - [MESSAGE][INFO] - Starting 'Chrome' driver

2022-01-17 21:02:20 - [MESSAGE][INFO] - Action delay is set to 100 milliseconds

2022-01-17 21:02:20 - [MESSAGE][PASSED] - Browser is opened with url: ''

2022-01-17 21:02:20 - [TEST_STEP][PASSED] - navigateToUrl("http://localhost:8080/#/welcome"): Navigate to 'http://localhost:8080/#/welcome' successfully

2022-01-17 21:02:23 - [MESSAGE][PASSED] - Navigate to 'http://localhost:8080/#/welcome' successfully

2022-01-17 21:02:23 - [TEST_STEP][PASSED] - click(findTestObject("Object Repository/Khoa/Page_Element/a_Sign In")): Object: 'Object Repository/Khoa/Page_Element/a_Sign In' is clicked on

2022-01-17 21:02:27 - [MESSAGE][PASSED] - Object: 'Object Repository/Khoa/Page_Element/a_Sign In' is clicked on

2022-01-17 21:02:27 - [TEST_STEP][PASSED] - setText(findTestObject("Object Repository/Khoa/Page_Element/input_Sign in with_username"), "catalontest1"): Text 'catalontest1' is set on object 'Object Repository/Khoa/Page_Element/input_Sign in with_username'

2022-01-17 21:02:29 - [MESSAGE][PASSED] - Text 'catalontest1' is set on object 'Object Repository/Khoa/Page_Element/input_Sign in with_username'

2022-01-17 21:02:29 - [TEST_STEP][PASSED] - setEncryptedText(findTestObject("Object Repository/Khoa/Page_Element/input_Username_password"), "IVP3EFuX5Soi+L5J3PmWRw=="): Text ****** has been set on object 'Object Repository/Khoa/Page_Element/input_Username_password'

2022-01-17 21:02:30 - [MESSAGE][PASSED] - Text ****** has been set on object 'Object Repository/Khoa/Page_Element/input_Username_password'

2022-01-17 21:02:30 - [TEST_STEP][PASSED] - click(findTestObject("Object Repository/Khoa/Page_Element/input_Forgot password_mx_Login_submit")): Object: 'Object Repository/Khoa/Page_Element/input_Forgot password_mx_Login_submit' is clicked on

2022-01-17 21:02:30 - [MESSAGE][PASSED] - Object: 'Object Repository/Khoa/Page_Element/input_Forgot password_mx_Login_submit' is clicked on

2022-01-17 21:02:30 - [TEST_STEP][PASSED] - click(findTestObject("Object Repository/Khoa/Page_Element/div_Verify with Security Key")): Object: 'Object Repository/Khoa/Page_Element/div_Verify with Security Key' is clicked on

2022-01-17 21:02:36 - [MESSAGE][PASSED] - Object: 'Object Repository/Khoa/Page_Element/div_Verify with Security Key' is clicked on

2022-01-17 21:02:36 - [TEST_STEP][PASSED] - setEncryptedText(findTestObject("Object Repository/Khoa/Page_Element/input_Security Key_mx_Field_4"), "KcTIxEe86JlbIbDMhEOGDxm8TOo5sVjpulf8hwfL6DCmnHQLN2q0ty2pbg9r9Jrm7267l8Wa9qCJrW4e/iwRSw=="): Text ****** has been set on object 'Object Repository/Khoa/Page_Element/input_Security Key_mx_Field_4'

2022-01-17 21:02:37 - [MESSAGE][PASSED] - Text ****** has been set on object 'Object Repository/Khoa/Page_Element/input_Security Key_mx_Field_4'

2022-01-17 21:02:37 - [TEST_STEP][PASSED] - click(findTestObject("Object Repository/Khoa/Page_Element/button_Continue")): Object: 'Object Repository/Khoa/Page_Element/button_Continue' is clicked on

2022-01-17 21:02:37 - [MESSAGE][PASSED] - Object: 'Object Repository/Khoa/Page_Element/button_Continue' is clicked on

2022-01-17 21:02:37 - [TEST_STEP][PASSED] - click(findTestObject("Object Repository/Khoa/Page_Element/div_Done")): Object: 'Object Repository/Khoa/Page_Element/div_Done' is clicked on

2022-01-17 21:02:38 - [MESSAGE][PASSED] - Object: 'Object Repository/Khoa/Page_Element/div_Done' is clicked on

2022-01-17 21:02:38 - [TEST_STEP][PASSED] - click(findTestObject("Object Repository/Khoa/Page_Element/div_Rooms_mx_AccessibleButton mx_RoomSublis_27fc2e")): Object: 'Object Repository/Khoa/Page_Element/div_Rooms_mx_AccessibleButton mx_RoomSublis_27fc2e' is clicked on

2022-01-17 21:02:38 - [MESSAGE][PASSED] - Object: 'Object Repository/Khoa/Page_Element/div_Rooms_mx_AccessibleButton mx_RoomSublis_27fc2e' is clicked on

2022-01-17 21:02:38 - [TEST_STEP][PASSED] - click(findTestObject("Object Repository/Khoa/Page_Element/span_Explore public rooms")): Object: 'Object Repository/Khoa/Page_Element/span_Explore public rooms' is clicked on

2022-01-17 21:02:39 - [MESSAGE][PASSED] - Object: 'Object Repository/Khoa/Page_Element/span_Explore public rooms' is clicked on

2022-01-17 21:02:39 - [TEST_STEP][PASSED] - setText(findTestObject("Object Repository/Khoa/Page_Element/input_Create a new room_dirsearch"), "public-Room"): Text 'public-Room' is set on object 'Object Repository/Khoa/Page_Element/input_Create a new room_dirsearch'

2022-01-17 21:02:40 - [MESSAGE][PASSED] - Text 'public-Room' is set on object 'Object Repository/Khoa/Page_Element/input_Create a new room_dirsearch'

2022-01-17 21:02:40 - [TEST_STEP][PASSED] - click(findTestObject("Object Repository/Khoa/Page_Element/div_Join")): Object: 'Object Repository/Khoa/Page_Element/div_Join' is clicked on

2022-01-17 21:02:41 - [MESSAGE][PASSED] - Object: 'Object Repository/Khoa/Page_Element/div_Join' is clicked on

2022-01-17 21:02:41 - [TEST_STEP][PASSED] - click(findTestObject("Object Repository/Khoa/Page_Element/div_public-room-01_mx_AccessibleButton mx_R_4ce54f")): Object: 'Object Repository/Khoa/Page_Element/div_public-room-01_mx_AccessibleButton mx_R_4ce54f' is clicked on

2022-01-17 21:02:44 - [MESSAGE][PASSED] - Object: 'Object Repository/Khoa/Page_Element/div_public-room-01_mx_AccessibleButton mx_R_4ce54f' is clicked on

2022-01-17 21:02:44 - [TEST_STEP][PASSED] - click(findTestObject("Object Repository/Khoa/Page_Element/div_Room settings")): Object: 'Object Repository/Khoa/Page_Element/div_Room settings' is clicked on

2022-01-17 21:02:45 - [MESSAGE][PASSED] - Object: 'Object Repository/Khoa/Page_Element/div_Room settings' is clicked on

2022-01-17 21:02:45 - [TEST_STEP][PASSED] - click(findTestObject("Object Repository/Khoa/Page_Element/div_Leave room")): Object: 'Object Repository/Khoa/Page_Element/div_Leave room' is clicked on

2022-01-17 21:02:45 - [MESSAGE][PASSED] - Object: 'Object Repository/Khoa/Page_Element/div_Leave room' is clicked on

2022-01-17 21:02:45 - [TEST_STEP][PASSED] - click(findTestObject("Object Repository/Khoa/Page_Element/button_Leave")): Object: 'Object Repository/Khoa/Page_Element/button_Leave' is clicked on

2022-01-17 21:02:45 - [MESSAGE][PASSED] - Object: 'Object Repository/Khoa/Page_Element/button_Leave' is clicked on]]></system-out>
         <system-err><![CDATA[]]></system-err>
      </testcase>
      <testcase name="Test Cases/3. Join room/2. Join a public room with URL" time="52.088" classname="Test Cases/3. Join room/2. Join a public room with URL" status="PASSED">
         <system-out><![CDATA[2022-01-17 21:02:45 - [TEST_CASE][PASSED] - Test Cases/3. Join room/2. Join a public room with URL: Test Cases/3. Join room/2. Join a public room with URL

2022-01-17 21:02:45 - [TEST_STEP][PASSED] - openBrowser(""): Browser is opened with url: ''

2022-01-17 21:02:45 - [MESSAGE][WARNING] - A browser is already opened. Closing browser and opening a new one

2022-01-17 21:02:45 - [MESSAGE][INFO] - Starting 'Chrome' driver

2022-01-17 21:02:45 - [MESSAGE][INFO] - Action delay is set to 100 milliseconds

2022-01-17 21:02:46 - [MESSAGE][PASSED] - Browser is opened with url: ''

2022-01-17 21:02:46 - [TEST_STEP][PASSED] - navigateToUrl("http://localhost:8080/#/welcome"): Navigate to 'http://localhost:8080/#/welcome' successfully

2022-01-17 21:02:49 - [MESSAGE][PASSED] - Navigate to 'http://localhost:8080/#/welcome' successfully

2022-01-17 21:02:49 - [TEST_STEP][PASSED] - click(findTestObject("Object Repository/Khoa/Page_Element/a_Sign In")): Object: 'Object Repository/Khoa/Page_Element/a_Sign In' is clicked on

2022-01-17 21:02:52 - [MESSAGE][PASSED] - Object: 'Object Repository/Khoa/Page_Element/a_Sign In' is clicked on

2022-01-17 21:02:52 - [TEST_STEP][PASSED] - setText(findTestObject("Object Repository/Khoa/Page_Element/input_Sign in with_username"), "catalontest1"): Text 'catalontest1' is set on object 'Object Repository/Khoa/Page_Element/input_Sign in with_username'

2022-01-17 21:02:54 - [MESSAGE][PASSED] - Text 'catalontest1' is set on object 'Object Repository/Khoa/Page_Element/input_Sign in with_username'

2022-01-17 21:02:54 - [TEST_STEP][PASSED] - setEncryptedText(findTestObject("Object Repository/Khoa/Page_Element/input_Username_password"), "IVP3EFuX5Soi+L5J3PmWRw=="): Text ****** has been set on object 'Object Repository/Khoa/Page_Element/input_Username_password'

2022-01-17 21:02:54 - [MESSAGE][PASSED] - Text ****** has been set on object 'Object Repository/Khoa/Page_Element/input_Username_password'

2022-01-17 21:02:54 - [TEST_STEP][PASSED] - click(findTestObject("Object Repository/Khoa/Page_Element/input_Forgot password_mx_Login_submit")): Object: 'Object Repository/Khoa/Page_Element/input_Forgot password_mx_Login_submit' is clicked on

2022-01-17 21:02:55 - [MESSAGE][PASSED] - Object: 'Object Repository/Khoa/Page_Element/input_Forgot password_mx_Login_submit' is clicked on

2022-01-17 21:02:55 - [TEST_STEP][PASSED] - click(findTestObject("Object Repository/Khoa/Page_Element/div_Verify with Security Key")): Object: 'Object Repository/Khoa/Page_Element/div_Verify with Security Key' is clicked on

2022-01-17 21:03:02 - [MESSAGE][PASSED] - Object: 'Object Repository/Khoa/Page_Element/div_Verify with Security Key' is clicked on

2022-01-17 21:03:02 - [TEST_STEP][PASSED] - setEncryptedText(findTestObject("Object Repository/Khoa/Page_Element/input_Security Key_mx_Field_4"), "KcTIxEe86JlbIbDMhEOGDxm8TOo5sVjpulf8hwfL6DCmnHQLN2q0ty2pbg9r9Jrm7267l8Wa9qCJrW4e/iwRSw=="): Text ****** has been set on object 'Object Repository/Khoa/Page_Element/input_Security Key_mx_Field_4'

2022-01-17 21:03:03 - [MESSAGE][PASSED] - Text ****** has been set on object 'Object Repository/Khoa/Page_Element/input_Security Key_mx_Field_4'

2022-01-17 21:03:03 - [TEST_STEP][PASSED] - click(findTestObject("Object Repository/Khoa/Page_Element/button_Continue")): Object: 'Object Repository/Khoa/Page_Element/button_Continue' is clicked on

2022-01-17 21:03:04 - [MESSAGE][PASSED] - Object: 'Object Repository/Khoa/Page_Element/button_Continue' is clicked on

2022-01-17 21:03:04 - [TEST_STEP][PASSED] - click(findTestObject("Object Repository/Khoa/Page_Element/div_Done")): Object: 'Object Repository/Khoa/Page_Element/div_Done' is clicked on

2022-01-17 21:03:05 - [MESSAGE][PASSED] - Object: 'Object Repository/Khoa/Page_Element/div_Done' is clicked on

2022-01-17 21:03:05 - [TEST_STEP][PASSED] - navigateToUrl("http://localhost:8080/#/room/#public-room-01:matrix.org"): Navigate to 'http://localhost:8080/#/room/#public-room-01:matrix.org' successfully

2022-01-17 21:03:05 - [MESSAGE][PASSED] - Navigate to 'http://localhost:8080/#/room/#public-room-01:matrix.org' successfully

2022-01-17 21:03:05 - [TEST_STEP][PASSED] - click(findTestObject("Object Repository/Khoa/Page_Element  public-room-01/div_Join the discussion")): Object: 'Object Repository/Khoa/Page_Element  public-room-01/div_Join the discussion' is clicked on

2022-01-17 21:03:36 - [MESSAGE][INFO] - Unable to find the element located by 'By.xpath: //section[@id='matrixchat']/div/div[2]/div[3]/div/div/div[2]/div'. Please recheck the objects properties to make sure the desired element is located. 

2022-01-17 21:03:36 - [MESSAGE][WARNING] - [SELF-HEALING] Failed to find element with id 'Object Repository/Khoa/Page_Element  public-room-01/div_Join the discussion'. Try using Self-healing.

2022-01-17 21:03:36 - [MESSAGE][WARNING] - [SELF-HEALING] The current locator of test object 'Object Repository/Khoa/Page_Element  public-room-01/div_Join the discussion' was broken. Propose an alternative one: '(.//*[normalize-space(text()) and normalize-space(.)='Historical'])[1]/following::div[10]'.

2022-01-17 21:03:36 - [MESSAGE][PASSED] - Object: 'Object Repository/Khoa/Page_Element  public-room-01/div_Join the discussion' is clicked on

2022-01-17 21:03:36 - [TEST_STEP][PASSED] - click(findTestObject("Object Repository/Khoa/Page_Element  public-room-01/div_public-room-01_mx_AccessibleButton mx_R_4ce54f")): Object: 'Object Repository/Khoa/Page_Element  public-room-01/div_public-room-01_mx_AccessibleButton mx_R_4ce54f' is clicked on

2022-01-17 21:03:36 - [MESSAGE][PASSED] - Object: 'Object Repository/Khoa/Page_Element  public-room-01/div_public-room-01_mx_AccessibleButton mx_R_4ce54f' is clicked on

2022-01-17 21:03:36 - [TEST_STEP][PASSED] - click(findTestObject("Object Repository/Khoa/Page_Element  public-room-01/div_Room settings")): Object: 'Object Repository/Khoa/Page_Element  public-room-01/div_Room settings' is clicked on

2022-01-17 21:03:37 - [MESSAGE][PASSED] - Object: 'Object Repository/Khoa/Page_Element  public-room-01/div_Room settings' is clicked on

2022-01-17 21:03:37 - [TEST_STEP][PASSED] - click(findTestObject("Object Repository/Khoa/Page_Element  public-room-01/div_Leave room")): Object: 'Object Repository/Khoa/Page_Element  public-room-01/div_Leave room' is clicked on

2022-01-17 21:03:37 - [MESSAGE][PASSED] - Object: 'Object Repository/Khoa/Page_Element  public-room-01/div_Leave room' is clicked on

2022-01-17 21:03:37 - [TEST_STEP][PASSED] - click(findTestObject("Object Repository/Khoa/Page_Element  public-room-01/button_Leave")): Object: 'Object Repository/Khoa/Page_Element  public-room-01/button_Leave' is clicked on

2022-01-17 21:03:37 - [MESSAGE][PASSED] - Object: 'Object Repository/Khoa/Page_Element  public-room-01/button_Leave' is clicked on]]></system-out>
         <system-err><![CDATA[]]></system-err>
      </testcase>
      <testcase name="Test Cases/3. Join room/3. Join a not existed public room URL" time="16.74" classname="Test Cases/3. Join room/3. Join a not existed public room URL" status="PASSED">
         <system-out><![CDATA[2022-01-17 21:03:37 - [TEST_CASE][PASSED] - Test Cases/3. Join room/3. Join a not existed public room URL: Test Cases/3. Join room/3. Join a not existed public room URL

2022-01-17 21:03:37 - [TEST_STEP][PASSED] - openBrowser(""): Browser is opened with url: ''

2022-01-17 21:03:37 - [MESSAGE][WARNING] - A browser is already opened. Closing browser and opening a new one

2022-01-17 21:03:38 - [MESSAGE][INFO] - Starting 'Chrome' driver

2022-01-17 21:03:38 - [MESSAGE][INFO] - Action delay is set to 100 milliseconds

2022-01-17 21:03:38 - [MESSAGE][PASSED] - Browser is opened with url: ''

2022-01-17 21:03:38 - [TEST_STEP][PASSED] - navigateToUrl("http://localhost:8080/#/welcome"): Navigate to 'http://localhost:8080/#/welcome' successfully

2022-01-17 21:03:41 - [MESSAGE][PASSED] - Navigate to 'http://localhost:8080/#/welcome' successfully

2022-01-17 21:03:41 - [TEST_STEP][PASSED] - click(findTestObject("Object Repository/Khoa/Page_Element/a_Sign In")): Object: 'Object Repository/Khoa/Page_Element/a_Sign In' is clicked on

2022-01-17 21:03:44 - [MESSAGE][PASSED] - Object: 'Object Repository/Khoa/Page_Element/a_Sign In' is clicked on

2022-01-17 21:03:44 - [TEST_STEP][PASSED] - setText(findTestObject("Object Repository/Khoa/Page_Element/input_Sign in with_username"), "catalontest1"): Text 'catalontest1' is set on object 'Object Repository/Khoa/Page_Element/input_Sign in with_username'

2022-01-17 21:03:45 - [MESSAGE][PASSED] - Text 'catalontest1' is set on object 'Object Repository/Khoa/Page_Element/input_Sign in with_username'

2022-01-17 21:03:45 - [TEST_STEP][PASSED] - setEncryptedText(findTestObject("Object Repository/Khoa/Page_Element/input_Username_password"), "IVP3EFuX5Soi+L5J3PmWRw=="): Text ****** has been set on object 'Object Repository/Khoa/Page_Element/input_Username_password'

2022-01-17 21:03:46 - [MESSAGE][PASSED] - Text ****** has been set on object 'Object Repository/Khoa/Page_Element/input_Username_password'

2022-01-17 21:03:46 - [TEST_STEP][PASSED] - click(findTestObject("Object Repository/Khoa/Page_Element/input_Forgot password_mx_Login_submit")): Object: 'Object Repository/Khoa/Page_Element/input_Forgot password_mx_Login_submit' is clicked on

2022-01-17 21:03:46 - [MESSAGE][PASSED] - Object: 'Object Repository/Khoa/Page_Element/input_Forgot password_mx_Login_submit' is clicked on

2022-01-17 21:03:46 - [TEST_STEP][PASSED] - click(findTestObject("Object Repository/Khoa/Page_Element/div_Verify with Security Key")): Object: 'Object Repository/Khoa/Page_Element/div_Verify with Security Key' is clicked on

2022-01-17 21:03:52 - [MESSAGE][PASSED] - Object: 'Object Repository/Khoa/Page_Element/div_Verify with Security Key' is clicked on

2022-01-17 21:03:52 - [TEST_STEP][PASSED] - setEncryptedText(findTestObject("Object Repository/Khoa/Page_Element/input_Security Key_mx_Field_4"), "KcTIxEe86JlbIbDMhEOGDxm8TOo5sVjpulf8hwfL6DCmnHQLN2q0ty2pbg9r9Jrm7267l8Wa9qCJrW4e/iwRSw=="): Text ****** has been set on object 'Object Repository/Khoa/Page_Element/input_Security Key_mx_Field_4'

2022-01-17 21:03:53 - [MESSAGE][PASSED] - Text ****** has been set on object 'Object Repository/Khoa/Page_Element/input_Security Key_mx_Field_4'

2022-01-17 21:03:53 - [TEST_STEP][PASSED] - click(findTestObject("Object Repository/Khoa/Page_Element/button_Continue")): Object: 'Object Repository/Khoa/Page_Element/button_Continue' is clicked on

2022-01-17 21:03:53 - [MESSAGE][PASSED] - Object: 'Object Repository/Khoa/Page_Element/button_Continue' is clicked on

2022-01-17 21:03:53 - [TEST_STEP][PASSED] - click(findTestObject("Object Repository/Khoa/Page_Element/div_Done")): Object: 'Object Repository/Khoa/Page_Element/div_Done' is clicked on

2022-01-17 21:03:54 - [MESSAGE][PASSED] - Object: 'Object Repository/Khoa/Page_Element/div_Done' is clicked on

2022-01-17 21:03:54 - [TEST_STEP][PASSED] - navigateToUrl("http://localhost:8080/#/room/#public-room-01none:matrix.org"): Navigate to 'http://localhost:8080/#/room/#public-room-01none:matrix.org' successfully

2022-01-17 21:03:54 - [MESSAGE][PASSED] - Navigate to 'http://localhost:8080/#/room/#public-room-01none:matrix.org' successfully]]></system-out>
         <system-err><![CDATA[]]></system-err>
      </testcase>
      <testcase name="Test Cases/4. Room Actions/1. Invite people to Space" time="23.603" classname="Test Cases/4. Room Actions/1. Invite people to Space" status="PASSED">
         <system-out><![CDATA[2022-01-17 21:03:54 - [TEST_CASE][PASSED] - Test Cases/4. Room Actions/1. Invite people to Space: Test Cases/4. Room Actions/1. Invite people to Space

2022-01-17 21:03:54 - [TEST_STEP][PASSED] - openBrowser(""): Browser is opened with url: ''

2022-01-17 21:03:54 - [MESSAGE][WARNING] - A browser is already opened. Closing browser and opening a new one

2022-01-17 21:03:55 - [MESSAGE][INFO] - Starting 'Chrome' driver

2022-01-17 21:03:55 - [MESSAGE][INFO] - Action delay is set to 100 milliseconds

2022-01-17 21:03:55 - [MESSAGE][PASSED] - Browser is opened with url: ''

2022-01-17 21:03:55 - [TEST_STEP][PASSED] - navigateToUrl("http://localhost:8080/#/welcome"): Navigate to 'http://localhost:8080/#/welcome' successfully

2022-01-17 21:03:58 - [MESSAGE][PASSED] - Navigate to 'http://localhost:8080/#/welcome' successfully

2022-01-17 21:03:58 - [TEST_STEP][PASSED] - click(findTestObject("Object Repository/Khoa/Page_Element/a_Sign In")): Object: 'Object Repository/Khoa/Page_Element/a_Sign In' is clicked on

2022-01-17 21:04:02 - [MESSAGE][PASSED] - Object: 'Object Repository/Khoa/Page_Element/a_Sign In' is clicked on

2022-01-17 21:04:02 - [TEST_STEP][PASSED] - setText(findTestObject("Object Repository/Khoa/Page_Element/input_Sign in with_username"), "catalontest1"): Text 'catalontest1' is set on object 'Object Repository/Khoa/Page_Element/input_Sign in with_username'

2022-01-17 21:04:04 - [MESSAGE][PASSED] - Text 'catalontest1' is set on object 'Object Repository/Khoa/Page_Element/input_Sign in with_username'

2022-01-17 21:04:04 - [TEST_STEP][PASSED] - setEncryptedText(findTestObject("Object Repository/Khoa/Page_Element/input_Username_password"), "IVP3EFuX5Soi+L5J3PmWRw=="): Text ****** has been set on object 'Object Repository/Khoa/Page_Element/input_Username_password'

2022-01-17 21:04:04 - [MESSAGE][PASSED] - Text ****** has been set on object 'Object Repository/Khoa/Page_Element/input_Username_password'

2022-01-17 21:04:04 - [TEST_STEP][PASSED] - click(findTestObject("Object Repository/Khoa/Page_Element/input_Forgot password_mx_Login_submit")): Object: 'Object Repository/Khoa/Page_Element/input_Forgot password_mx_Login_submit' is clicked on

2022-01-17 21:04:04 - [MESSAGE][PASSED] - Object: 'Object Repository/Khoa/Page_Element/input_Forgot password_mx_Login_submit' is clicked on

2022-01-17 21:04:04 - [TEST_STEP][PASSED] - click(findTestObject("Object Repository/Khoa/Page_Element/div_Verify with Security Key")): Object: 'Object Repository/Khoa/Page_Element/div_Verify with Security Key' is clicked on

2022-01-17 21:04:11 - [MESSAGE][PASSED] - Object: 'Object Repository/Khoa/Page_Element/div_Verify with Security Key' is clicked on

2022-01-17 21:04:11 - [TEST_STEP][PASSED] - setEncryptedText(findTestObject("Object Repository/Khoa/Page_Element/input_Security Key_mx_Field_4"), "KcTIxEe86JlbIbDMhEOGDxm8TOo5sVjpulf8hwfL6DCmnHQLN2q0ty2pbg9r9Jrm7267l8Wa9qCJrW4e/iwRSw=="): Text ****** has been set on object 'Object Repository/Khoa/Page_Element/input_Security Key_mx_Field_4'

2022-01-17 21:04:12 - [MESSAGE][PASSED] - Text ****** has been set on object 'Object Repository/Khoa/Page_Element/input_Security Key_mx_Field_4'

2022-01-17 21:04:12 - [TEST_STEP][PASSED] - click(findTestObject("Object Repository/Khoa/Page_Element/button_Continue")): Object: 'Object Repository/Khoa/Page_Element/button_Continue' is clicked on

2022-01-17 21:04:12 - [MESSAGE][PASSED] - Object: 'Object Repository/Khoa/Page_Element/button_Continue' is clicked on

2022-01-17 21:04:12 - [TEST_STEP][PASSED] - click(findTestObject("Object Repository/Khoa/Page_Element/div_Done")): Object: 'Object Repository/Khoa/Page_Element/div_Done' is clicked on

2022-01-17 21:04:13 - [MESSAGE][PASSED] - Object: 'Object Repository/Khoa/Page_Element/div_Done' is clicked on

2022-01-17 21:04:13 - [TEST_STEP][PASSED] - click(findTestObject("Object Repository/Khoa/Page_Element/div_Ctrl K_mx_AccessibleButton mx_LeftPanel_88084c")): Object: 'Object Repository/Khoa/Page_Element/div_Ctrl K_mx_AccessibleButton mx_LeftPanel_88084c' is clicked on

2022-01-17 21:04:13 - [MESSAGE][PASSED] - Object: 'Object Repository/Khoa/Page_Element/div_Ctrl K_mx_AccessibleButton mx_LeftPanel_88084c' is clicked on

2022-01-17 21:04:13 - [TEST_STEP][PASSED] - setText(findTestObject("Object Repository/Khoa/Page_Element/input_Create a new room_dirsearch"), "publicroom0001"): Text 'publicroom0001' is set on object 'Object Repository/Khoa/Page_Element/input_Create a new room_dirsearch'

2022-01-17 21:04:14 - [MESSAGE][PASSED] - Text 'publicroom0001' is set on object 'Object Repository/Khoa/Page_Element/input_Create a new room_dirsearch'

2022-01-17 21:04:14 - [TEST_STEP][PASSED] - click(findTestObject("Object Repository/Khoa/Page_Element/div_View")): Object: 'Object Repository/Khoa/Page_Element/div_View' is clicked on

2022-01-17 21:04:16 - [MESSAGE][PASSED] - Object: 'Object Repository/Khoa/Page_Element/div_View' is clicked on

2022-01-17 21:04:16 - [TEST_STEP][PASSED] - click(findTestObject("Object Repository/Khoa/Page_Element  PublicRoom0001/div_Invite to this room")): Object: 'Object Repository/Khoa/Page_Element  PublicRoom0001/div_Invite to this room' is clicked on

2022-01-17 21:04:17 - [MESSAGE][PASSED] - Object: 'Object Repository/Khoa/Page_Element  PublicRoom0001/div_Invite to this room' is clicked on

2022-01-17 21:04:17 - [TEST_STEP][PASSED] - click(findTestObject("Khoa/Page_Element  PublicRoom0001/a_share this room")): Object: 'Object Repository/Khoa/Page_Element  PublicRoom0001/a_share this room' is clicked on

2022-01-17 21:04:18 - [MESSAGE][PASSED] - Object: 'Object Repository/Khoa/Page_Element  PublicRoom0001/a_share this room' is clicked on]]></system-out>
         <system-err><![CDATA[]]></system-err>
      </testcase>
      <testcase name="Test Cases/4. Room Actions/2. Export chat" time="25.924" classname="Test Cases/4. Room Actions/2. Export chat" status="PASSED">
         <system-out><![CDATA[2022-01-17 21:04:18 - [TEST_CASE][PASSED] - Test Cases/4. Room Actions/2. Export chat: Test Cases/4. Room Actions/2. Export chat

2022-01-17 21:04:18 - [TEST_STEP][PASSED] - openBrowser(""): Browser is opened with url: ''

2022-01-17 21:04:18 - [MESSAGE][WARNING] - A browser is already opened. Closing browser and opening a new one

2022-01-17 21:04:18 - [MESSAGE][INFO] - Starting 'Chrome' driver

2022-01-17 21:04:18 - [MESSAGE][INFO] - Action delay is set to 100 milliseconds

2022-01-17 21:04:19 - [MESSAGE][PASSED] - Browser is opened with url: ''

2022-01-17 21:04:19 - [TEST_STEP][PASSED] - navigateToUrl("http://localhost:8080/#/welcome"): Navigate to 'http://localhost:8080/#/welcome' successfully

2022-01-17 21:04:22 - [MESSAGE][PASSED] - Navigate to 'http://localhost:8080/#/welcome' successfully

2022-01-17 21:04:22 - [TEST_STEP][PASSED] - click(findTestObject("Object Repository/Khoa/Page_Element/a_Sign In")): Object: 'Object Repository/Khoa/Page_Element/a_Sign In' is clicked on

2022-01-17 21:04:26 - [MESSAGE][PASSED] - Object: 'Object Repository/Khoa/Page_Element/a_Sign In' is clicked on

2022-01-17 21:04:26 - [TEST_STEP][PASSED] - setText(findTestObject("Object Repository/Khoa/Page_Element/input_Sign in with_username"), "catalontest1"): Text 'catalontest1' is set on object 'Object Repository/Khoa/Page_Element/input_Sign in with_username'

2022-01-17 21:04:29 - [MESSAGE][PASSED] - Text 'catalontest1' is set on object 'Object Repository/Khoa/Page_Element/input_Sign in with_username'

2022-01-17 21:04:29 - [TEST_STEP][PASSED] - setEncryptedText(findTestObject("Object Repository/Khoa/Page_Element/input_Username_password"), "IVP3EFuX5Soi+L5J3PmWRw=="): Text ****** has been set on object 'Object Repository/Khoa/Page_Element/input_Username_password'

2022-01-17 21:04:29 - [MESSAGE][PASSED] - Text ****** has been set on object 'Object Repository/Khoa/Page_Element/input_Username_password'

2022-01-17 21:04:29 - [TEST_STEP][PASSED] - click(findTestObject("Object Repository/Khoa/Page_Element/input_Forgot password_mx_Login_submit")): Object: 'Object Repository/Khoa/Page_Element/input_Forgot password_mx_Login_submit' is clicked on

2022-01-17 21:04:29 - [MESSAGE][PASSED] - Object: 'Object Repository/Khoa/Page_Element/input_Forgot password_mx_Login_submit' is clicked on

2022-01-17 21:04:29 - [TEST_STEP][PASSED] - click(findTestObject("Object Repository/Khoa/Page_Element/div_Verify with Security Key")): Object: 'Object Repository/Khoa/Page_Element/div_Verify with Security Key' is clicked on

2022-01-17 21:04:36 - [MESSAGE][PASSED] - Object: 'Object Repository/Khoa/Page_Element/div_Verify with Security Key' is clicked on

2022-01-17 21:04:36 - [TEST_STEP][PASSED] - setEncryptedText(findTestObject("Object Repository/Khoa/Page_Element/input_Security Key_mx_Field_4"), "KcTIxEe86JlbIbDMhEOGDxm8TOo5sVjpulf8hwfL6DCmnHQLN2q0ty2pbg9r9Jrm7267l8Wa9qCJrW4e/iwRSw=="): Text ****** has been set on object 'Object Repository/Khoa/Page_Element/input_Security Key_mx_Field_4'

2022-01-17 21:04:37 - [MESSAGE][PASSED] - Text ****** has been set on object 'Object Repository/Khoa/Page_Element/input_Security Key_mx_Field_4'

2022-01-17 21:04:37 - [TEST_STEP][PASSED] - click(findTestObject("Object Repository/Khoa/Page_Element/button_Continue")): Object: 'Object Repository/Khoa/Page_Element/button_Continue' is clicked on

2022-01-17 21:04:37 - [MESSAGE][PASSED] - Object: 'Object Repository/Khoa/Page_Element/button_Continue' is clicked on

2022-01-17 21:04:37 - [TEST_STEP][PASSED] - click(findTestObject("Object Repository/Khoa/Page_Element/div_Done")): Object: 'Object Repository/Khoa/Page_Element/div_Done' is clicked on

2022-01-17 21:04:38 - [MESSAGE][PASSED] - Object: 'Object Repository/Khoa/Page_Element/div_Done' is clicked on

2022-01-17 21:04:38 - [TEST_STEP][PASSED] - click(findTestObject("Object Repository/Khoa/Page_Element/div_Ctrl K_mx_AccessibleButton mx_LeftPanel_88084c")): Object: 'Object Repository/Khoa/Page_Element/div_Ctrl K_mx_AccessibleButton mx_LeftPanel_88084c' is clicked on

2022-01-17 21:04:38 - [MESSAGE][PASSED] - Object: 'Object Repository/Khoa/Page_Element/div_Ctrl K_mx_AccessibleButton mx_LeftPanel_88084c' is clicked on

2022-01-17 21:04:38 - [TEST_STEP][PASSED] - setText(findTestObject("Object Repository/Khoa/Page_Element/input_Create a new room_dirsearch"), "publicroom0001"): Text 'publicroom0001' is set on object 'Object Repository/Khoa/Page_Element/input_Create a new room_dirsearch'

2022-01-17 21:04:40 - [MESSAGE][PASSED] - Text 'publicroom0001' is set on object 'Object Repository/Khoa/Page_Element/input_Create a new room_dirsearch'

2022-01-17 21:04:40 - [TEST_STEP][PASSED] - click(findTestObject("Object Repository/Khoa/Page_Element/div_View")): Object: 'Object Repository/Khoa/Page_Element/div_View' is clicked on

2022-01-17 21:04:41 - [MESSAGE][PASSED] - Object: 'Object Repository/Khoa/Page_Element/div_View' is clicked on

2022-01-17 21:04:41 - [TEST_STEP][PASSED] - click(findTestObject("Object Repository/Khoa/Page_Element  PublicRoom0001/div_PublicRoom0001_mx_AccessibleButton mx_R_7d7dc9")): Object: 'Object Repository/Khoa/Page_Element  PublicRoom0001/div_PublicRoom0001_mx_AccessibleButton mx_R_7d7dc9' is clicked on

2022-01-17 21:04:43 - [MESSAGE][PASSED] - Object: 'Object Repository/Khoa/Page_Element  PublicRoom0001/div_PublicRoom0001_mx_AccessibleButton mx_R_7d7dc9' is clicked on

2022-01-17 21:04:43 - [TEST_STEP][PASSED] - click(findTestObject("Object Repository/Khoa/Page_Element  PublicRoom0001/div_Export chat")): Object: 'Object Repository/Khoa/Page_Element  PublicRoom0001/div_Export chat' is clicked on

2022-01-17 21:04:43 - [MESSAGE][PASSED] - Object: 'Object Repository/Khoa/Page_Element  PublicRoom0001/div_Export chat' is clicked on

2022-01-17 21:04:43 - [TEST_STEP][PASSED] - click(findTestObject("Object Repository/Khoa/Page_Element  PublicRoom0001/div_Plain Text")): Object: 'Object Repository/Khoa/Page_Element  PublicRoom0001/div_Plain Text' is clicked on

2022-01-17 21:04:43 - [MESSAGE][PASSED] - Object: 'Object Repository/Khoa/Page_Element  PublicRoom0001/div_Plain Text' is clicked on

2022-01-17 21:04:43 - [TEST_STEP][PASSED] - click(findTestObject("Object Repository/Khoa/Page_Element  PublicRoom0001/button_Export")): Object: 'Object Repository/Khoa/Page_Element  PublicRoom0001/button_Export' is clicked on

2022-01-17 21:04:44 - [MESSAGE][PASSED] - Object: 'Object Repository/Khoa/Page_Element  PublicRoom0001/button_Export' is clicked on]]></system-out>
         <system-err><![CDATA[]]></system-err>
      </testcase>
      <testcase name="Test Cases/4. Room Actions/3. Share room to Facebook" time="22.441" classname="Test Cases/4. Room Actions/3. Share room to Facebook" status="PASSED">
         <system-out><![CDATA[2022-01-17 21:04:44 - [TEST_CASE][PASSED] - Test Cases/4. Room Actions/3. Share room to Facebook: Test Cases/4. Room Actions/3. Share room to Facebook

2022-01-17 21:04:44 - [TEST_STEP][PASSED] - openBrowser(""): Browser is opened with url: ''

2022-01-17 21:04:44 - [MESSAGE][WARNING] - A browser is already opened. Closing browser and opening a new one

2022-01-17 21:04:44 - [MESSAGE][INFO] - Starting 'Chrome' driver

2022-01-17 21:04:44 - [MESSAGE][INFO] - Action delay is set to 100 milliseconds

2022-01-17 21:04:45 - [MESSAGE][PASSED] - Browser is opened with url: ''

2022-01-17 21:04:45 - [TEST_STEP][PASSED] - navigateToUrl("http://localhost:8080/#/welcome"): Navigate to 'http://localhost:8080/#/welcome' successfully

2022-01-17 21:04:48 - [MESSAGE][PASSED] - Navigate to 'http://localhost:8080/#/welcome' successfully

2022-01-17 21:04:48 - [TEST_STEP][PASSED] - click(findTestObject("Object Repository/Khoa/Page_Element/a_Sign In")): Object: 'Object Repository/Khoa/Page_Element/a_Sign In' is clicked on

2022-01-17 21:04:51 - [MESSAGE][PASSED] - Object: 'Object Repository/Khoa/Page_Element/a_Sign In' is clicked on

2022-01-17 21:04:51 - [TEST_STEP][PASSED] - setText(findTestObject("Object Repository/Khoa/Page_Element/input_Sign in with_username"), "catalontest1"): Text 'catalontest1' is set on object 'Object Repository/Khoa/Page_Element/input_Sign in with_username'

2022-01-17 21:04:53 - [MESSAGE][PASSED] - Text 'catalontest1' is set on object 'Object Repository/Khoa/Page_Element/input_Sign in with_username'

2022-01-17 21:04:53 - [TEST_STEP][PASSED] - setEncryptedText(findTestObject("Object Repository/Khoa/Page_Element/input_Username_password"), "IVP3EFuX5Soi+L5J3PmWRw=="): Text ****** has been set on object 'Object Repository/Khoa/Page_Element/input_Username_password'

2022-01-17 21:04:53 - [MESSAGE][PASSED] - Text ****** has been set on object 'Object Repository/Khoa/Page_Element/input_Username_password'

2022-01-17 21:04:53 - [TEST_STEP][PASSED] - click(findTestObject("Object Repository/Khoa/Page_Element/input_Forgot password_mx_Login_submit")): Object: 'Object Repository/Khoa/Page_Element/input_Forgot password_mx_Login_submit' is clicked on

2022-01-17 21:04:53 - [MESSAGE][PASSED] - Object: 'Object Repository/Khoa/Page_Element/input_Forgot password_mx_Login_submit' is clicked on

2022-01-17 21:04:53 - [TEST_STEP][PASSED] - click(findTestObject("Object Repository/Khoa/Page_Element/div_Verify with Security Key")): Object: 'Object Repository/Khoa/Page_Element/div_Verify with Security Key' is clicked on

2022-01-17 21:04:59 - [MESSAGE][PASSED] - Object: 'Object Repository/Khoa/Page_Element/div_Verify with Security Key' is clicked on

2022-01-17 21:04:59 - [TEST_STEP][PASSED] - setEncryptedText(findTestObject("Object Repository/Khoa/Page_Element/input_Security Key_mx_Field_4"), "KcTIxEe86JlbIbDMhEOGDxm8TOo5sVjpulf8hwfL6DCmnHQLN2q0ty2pbg9r9Jrm7267l8Wa9qCJrW4e/iwRSw=="): Text ****** has been set on object 'Object Repository/Khoa/Page_Element/input_Security Key_mx_Field_4'

2022-01-17 21:05:00 - [MESSAGE][PASSED] - Text ****** has been set on object 'Object Repository/Khoa/Page_Element/input_Security Key_mx_Field_4'

2022-01-17 21:05:00 - [TEST_STEP][PASSED] - click(findTestObject("Object Repository/Khoa/Page_Element/button_Continue")): Object: 'Object Repository/Khoa/Page_Element/button_Continue' is clicked on

2022-01-17 21:05:01 - [MESSAGE][PASSED] - Object: 'Object Repository/Khoa/Page_Element/button_Continue' is clicked on

2022-01-17 21:05:01 - [TEST_STEP][PASSED] - click(findTestObject("Object Repository/Khoa/Page_Element/div_Done")): Object: 'Object Repository/Khoa/Page_Element/div_Done' is clicked on

2022-01-17 21:05:01 - [MESSAGE][PASSED] - Object: 'Object Repository/Khoa/Page_Element/div_Done' is clicked on

2022-01-17 21:05:01 - [TEST_STEP][PASSED] - click(findTestObject("Object Repository/Khoa/Page_Element/div_Ctrl K_mx_AccessibleButton mx_LeftPanel_88084c")): Object: 'Object Repository/Khoa/Page_Element/div_Ctrl K_mx_AccessibleButton mx_LeftPanel_88084c' is clicked on

2022-01-17 21:05:01 - [MESSAGE][PASSED] - Object: 'Object Repository/Khoa/Page_Element/div_Ctrl K_mx_AccessibleButton mx_LeftPanel_88084c' is clicked on

2022-01-17 21:05:01 - [TEST_STEP][PASSED] - setText(findTestObject("Object Repository/Khoa/Page_Element/input_Create a new room_dirsearch"), "publicroom0001"): Text 'publicroom0001' is set on object 'Object Repository/Khoa/Page_Element/input_Create a new room_dirsearch'

2022-01-17 21:05:02 - [MESSAGE][PASSED] - Text 'publicroom0001' is set on object 'Object Repository/Khoa/Page_Element/input_Create a new room_dirsearch'

2022-01-17 21:05:02 - [TEST_STEP][PASSED] - click(findTestObject("Object Repository/Khoa/Page_Element/div_View")): Object: 'Object Repository/Khoa/Page_Element/div_View' is clicked on

2022-01-17 21:05:04 - [MESSAGE][PASSED] - Object: 'Object Repository/Khoa/Page_Element/div_View' is clicked on

2022-01-17 21:05:04 - [TEST_STEP][PASSED] - click(findTestObject("Object Repository/Khoa/Page_Element  PublicRoom0001/div_PublicRoom0001_mx_AccessibleButton mx_R_7d7dc9")): Object: 'Object Repository/Khoa/Page_Element  PublicRoom0001/div_PublicRoom0001_mx_AccessibleButton mx_R_7d7dc9' is clicked on

2022-01-17 21:05:05 - [MESSAGE][PASSED] - Object: 'Object Repository/Khoa/Page_Element  PublicRoom0001/div_PublicRoom0001_mx_AccessibleButton mx_R_7d7dc9' is clicked on

2022-01-17 21:05:05 - [TEST_STEP][PASSED] - click(findTestObject("Object Repository/Khoa/Page_Element  PublicRoom0001/div_Share room")): Object: 'Object Repository/Khoa/Page_Element  PublicRoom0001/div_Share room' is clicked on

2022-01-17 21:05:06 - [MESSAGE][PASSED] - Object: 'Object Repository/Khoa/Page_Element  PublicRoom0001/div_Share room' is clicked on

2022-01-17 21:05:06 - [TEST_STEP][PASSED] - click(findTestObject("Object Repository/Khoa/Page_Element  PublicRoom0001/img")): Object: 'Object Repository/Khoa/Page_Element  PublicRoom0001/img' is clicked on

2022-01-17 21:05:06 - [MESSAGE][PASSED] - Object: 'Object Repository/Khoa/Page_Element  PublicRoom0001/img' is clicked on]]></system-out>
         <system-err><![CDATA[]]></system-err>
      </testcase>
      <testcase name="Test Cases/4. Room Actions/4. Turn off room notifications" time="31.133" classname="Test Cases/4. Room Actions/4. Turn off room notifications" status="PASSED">
         <system-out><![CDATA[2022-01-17 21:05:06 - [TEST_CASE][PASSED] - Test Cases/4. Room Actions/4. Turn off room notifications: Test Cases/4. Room Actions/4. Turn off room notifications

2022-01-17 21:05:06 - [TEST_STEP][PASSED] - openBrowser(""): Browser is opened with url: ''

2022-01-17 21:05:07 - [MESSAGE][WARNING] - A browser is already opened. Closing browser and opening a new one

2022-01-17 21:05:07 - [MESSAGE][INFO] - Starting 'Chrome' driver

2022-01-17 21:05:07 - [MESSAGE][INFO] - Action delay is set to 100 milliseconds

2022-01-17 21:05:07 - [MESSAGE][PASSED] - Browser is opened with url: ''

2022-01-17 21:05:07 - [TEST_STEP][PASSED] - navigateToUrl("http://localhost:8080/#/welcome"): Navigate to 'http://localhost:8080/#/welcome' successfully

2022-01-17 21:05:10 - [MESSAGE][PASSED] - Navigate to 'http://localhost:8080/#/welcome' successfully

2022-01-17 21:05:10 - [TEST_STEP][PASSED] - click(findTestObject("Object Repository/Khoa/Page_Element/a_Sign In")): Object: 'Object Repository/Khoa/Page_Element/a_Sign In' is clicked on

2022-01-17 21:05:13 - [MESSAGE][PASSED] - Object: 'Object Repository/Khoa/Page_Element/a_Sign In' is clicked on

2022-01-17 21:05:13 - [TEST_STEP][PASSED] - setText(findTestObject("Object Repository/Khoa/Page_Element/input_Sign in with_username"), "catalontest1"): Text 'catalontest1' is set on object 'Object Repository/Khoa/Page_Element/input_Sign in with_username'

2022-01-17 21:05:22 - [MESSAGE][PASSED] - Text 'catalontest1' is set on object 'Object Repository/Khoa/Page_Element/input_Sign in with_username'

2022-01-17 21:05:22 - [TEST_STEP][PASSED] - setEncryptedText(findTestObject("Object Repository/Khoa/Page_Element/input_Username_password"), "IVP3EFuX5Soi+L5J3PmWRw=="): Text ****** has been set on object 'Object Repository/Khoa/Page_Element/input_Username_password'

2022-01-17 21:05:23 - [MESSAGE][PASSED] - Text ****** has been set on object 'Object Repository/Khoa/Page_Element/input_Username_password'

2022-01-17 21:05:23 - [TEST_STEP][PASSED] - click(findTestObject("Object Repository/Khoa/Page_Element/input_Forgot password_mx_Login_submit")): Object: 'Object Repository/Khoa/Page_Element/input_Forgot password_mx_Login_submit' is clicked on

2022-01-17 21:05:23 - [MESSAGE][PASSED] - Object: 'Object Repository/Khoa/Page_Element/input_Forgot password_mx_Login_submit' is clicked on

2022-01-17 21:05:23 - [TEST_STEP][PASSED] - click(findTestObject("Object Repository/Khoa/Page_Element/div_Verify with Security Key")): Object: 'Object Repository/Khoa/Page_Element/div_Verify with Security Key' is clicked on

2022-01-17 21:05:29 - [MESSAGE][PASSED] - Object: 'Object Repository/Khoa/Page_Element/div_Verify with Security Key' is clicked on

2022-01-17 21:05:29 - [TEST_STEP][PASSED] - setEncryptedText(findTestObject("Object Repository/Khoa/Page_Element/input_Security Key_mx_Field_4"), "KcTIxEe86JlbIbDMhEOGDxm8TOo5sVjpulf8hwfL6DCmnHQLN2q0ty2pbg9r9Jrm7267l8Wa9qCJrW4e/iwRSw=="): Text ****** has been set on object 'Object Repository/Khoa/Page_Element/input_Security Key_mx_Field_4'

2022-01-17 21:05:31 - [MESSAGE][PASSED] - Text ****** has been set on object 'Object Repository/Khoa/Page_Element/input_Security Key_mx_Field_4'

2022-01-17 21:05:31 - [TEST_STEP][PASSED] - click(findTestObject("Object Repository/Khoa/Page_Element/button_Continue")): Object: 'Object Repository/Khoa/Page_Element/button_Continue' is clicked on

2022-01-17 21:05:31 - [MESSAGE][PASSED] - Object: 'Object Repository/Khoa/Page_Element/button_Continue' is clicked on

2022-01-17 21:05:31 - [TEST_STEP][PASSED] - click(findTestObject("Object Repository/Khoa/Page_Element/div_Done")): Object: 'Object Repository/Khoa/Page_Element/div_Done' is clicked on

2022-01-17 21:05:31 - [MESSAGE][PASSED] - Object: 'Object Repository/Khoa/Page_Element/div_Done' is clicked on

2022-01-17 21:05:31 - [TEST_STEP][PASSED] - click(findTestObject("Object Repository/Khoa/Page_Element/div_Ctrl K_mx_AccessibleButton mx_LeftPanel_88084c")): Object: 'Object Repository/Khoa/Page_Element/div_Ctrl K_mx_AccessibleButton mx_LeftPanel_88084c' is clicked on

2022-01-17 21:05:32 - [MESSAGE][PASSED] - Object: 'Object Repository/Khoa/Page_Element/div_Ctrl K_mx_AccessibleButton mx_LeftPanel_88084c' is clicked on

2022-01-17 21:05:32 - [TEST_STEP][PASSED] - setText(findTestObject("Object Repository/Khoa/Page_Element/input_Create a new room_dirsearch"), "publicroom0001"): Text 'publicroom0001' is set on object 'Object Repository/Khoa/Page_Element/input_Create a new room_dirsearch'

2022-01-17 21:05:33 - [MESSAGE][PASSED] - Text 'publicroom0001' is set on object 'Object Repository/Khoa/Page_Element/input_Create a new room_dirsearch'

2022-01-17 21:05:33 - [TEST_STEP][PASSED] - click(findTestObject("Object Repository/Khoa/Page_Element/div_View")): Object: 'Object Repository/Khoa/Page_Element/div_View' is clicked on

2022-01-17 21:05:35 - [MESSAGE][PASSED] - Object: 'Object Repository/Khoa/Page_Element/div_View' is clicked on

2022-01-17 21:05:35 - [TEST_STEP][PASSED] - click(findTestObject("Object Repository/Khoa/Page_Element  PublicRoom0001/div_PublicRoom0001_mx_AccessibleButton mx_R_7d7dc9")): Object: 'Object Repository/Khoa/Page_Element  PublicRoom0001/div_PublicRoom0001_mx_AccessibleButton mx_R_7d7dc9' is clicked on

2022-01-17 21:05:36 - [MESSAGE][PASSED] - Object: 'Object Repository/Khoa/Page_Element  PublicRoom0001/div_PublicRoom0001_mx_AccessibleButton mx_R_7d7dc9' is clicked on

2022-01-17 21:05:36 - [TEST_STEP][PASSED] - click(findTestObject("Object Repository/Khoa/Page_Element  PublicRoom0001/div_Room settings")): Object: 'Object Repository/Khoa/Page_Element  PublicRoom0001/div_Room settings' is clicked on

2022-01-17 21:05:37 - [MESSAGE][PASSED] - Object: 'Object Repository/Khoa/Page_Element  PublicRoom0001/div_Room settings' is clicked on

2022-01-17 21:05:37 - [TEST_STEP][PASSED] - click(findTestObject("Object Repository/Khoa/Page_Element  PublicRoom0001/span_Notifications")): Object: 'Object Repository/Khoa/Page_Element  PublicRoom0001/span_Notifications' is clicked on

2022-01-17 21:05:37 - [MESSAGE][PASSED] - Object: 'Object Repository/Khoa/Page_Element  PublicRoom0001/span_Notifications' is clicked on

2022-01-17 21:05:37 - [TEST_STEP][PASSED] - click(findTestObject("Object Repository/Khoa/Page_Element  PublicRoom0001/label_OffYou wont get any notifications")): Object: 'Object Repository/Khoa/Page_Element  PublicRoom0001/label_OffYou wont get any notifications' is clicked on

2022-01-17 21:05:37 - [MESSAGE][PASSED] - Object: 'Object Repository/Khoa/Page_Element  PublicRoom0001/label_OffYou wont get any notifications' is clicked on

2022-01-17 21:05:37 - [TEST_STEP][PASSED] - click(findTestObject("Object Repository/Khoa/Page_Element  PublicRoom0001/div_Room Settings - PublicRoom0001_mx_Acces_ebd30e")): Object: 'Object Repository/Khoa/Page_Element  PublicRoom0001/div_Room Settings - PublicRoom0001_mx_Acces_ebd30e' is clicked on

2022-01-17 21:05:37 - [MESSAGE][PASSED] - Object: 'Object Repository/Khoa/Page_Element  PublicRoom0001/div_Room Settings - PublicRoom0001_mx_Acces_ebd30e' is clicked on]]></system-out>
         <system-err><![CDATA[]]></system-err>
      </testcase>
      <testcase name="Test Cases/Settings/Set Dark theme" time="23.195" classname="Test Cases/Settings/Set Dark theme" status="PASSED">
         <system-out><![CDATA[2022-01-17 21:05:37 - [TEST_CASE][PASSED] - Test Cases/Settings/Set Dark theme: Test Cases/Settings/Set Dark theme

2022-01-17 21:05:38 - [TEST_STEP][PASSED] - openBrowser(""): Browser is opened with url: ''

2022-01-17 21:05:38 - [MESSAGE][WARNING] - A browser is already opened. Closing browser and opening a new one

2022-01-17 21:05:38 - [MESSAGE][INFO] - Starting 'Chrome' driver

2022-01-17 21:05:38 - [MESSAGE][INFO] - Action delay is set to 100 milliseconds

2022-01-17 21:05:38 - [MESSAGE][PASSED] - Browser is opened with url: ''

2022-01-17 21:05:38 - [TEST_STEP][PASSED] - navigateToUrl("http://localhost:8080/"): Navigate to 'http://localhost:8080/' successfully

2022-01-17 21:05:42 - [MESSAGE][PASSED] - Navigate to 'http://localhost:8080/' successfully

2022-01-17 21:05:42 - [TEST_STEP][PASSED] - click(findTestObject("Object Repository/Thang/Page_Element/a_Sign In")): Object: 'Object Repository/Thang/Page_Element/a_Sign In' is clicked on

2022-01-17 21:05:45 - [MESSAGE][PASSED] - Object: 'Object Repository/Thang/Page_Element/a_Sign In' is clicked on

2022-01-17 21:05:45 - [TEST_STEP][PASSED] - setText(findTestObject("Object Repository/Thang/Page_Element/input_Sign in with_username"), "catalontest1@gmail.com"): Text 'catalontest1@gmail.com' is set on object 'Object Repository/Thang/Page_Element/input_Sign in with_username'

2022-01-17 21:05:47 - [MESSAGE][PASSED] - Text 'catalontest1@gmail.com' is set on object 'Object Repository/Thang/Page_Element/input_Sign in with_username'

2022-01-17 21:05:47 - [TEST_STEP][PASSED] - setEncryptedText(findTestObject("Object Repository/Thang/Page_Element/input_Username_password"), "IVP3EFuX5Soi+L5J3PmWRw=="): Text ****** has been set on object 'Object Repository/Thang/Page_Element/input_Username_password'

2022-01-17 21:05:47 - [MESSAGE][PASSED] - Text ****** has been set on object 'Object Repository/Thang/Page_Element/input_Username_password'

2022-01-17 21:05:47 - [TEST_STEP][PASSED] - sendKeys(findTestObject("Object Repository/Thang/Page_Element/input_Username_password"), Keys.chord(ENTER)): Keys 'ENTER + ' sent to object: 'Object Repository/Thang/Page_Element/input_Username_password'

2022-01-17 21:05:48 - [MESSAGE][PASSED] - Keys 'ENTER + ' sent to object: 'Object Repository/Thang/Page_Element/input_Username_password'

2022-01-17 21:05:48 - [TEST_STEP][PASSED] - click(findTestObject("Object Repository/Thang/Page_Element/div_Verify with Security Key")): Object: 'Object Repository/Thang/Page_Element/div_Verify with Security Key' is clicked on

2022-01-17 21:05:53 - [MESSAGE][PASSED] - Object: 'Object Repository/Thang/Page_Element/div_Verify with Security Key' is clicked on

2022-01-17 21:05:53 - [TEST_STEP][PASSED] - setEncryptedText(findTestObject("Object Repository/Thang/Page_Element/input_Security Key_mx_Field_4"), "KcTIxEe86JlbIbDMhEOGDxm8TOo5sVjpulf8hwfL6DCmnHQLN2q0ty2pbg9r9Jrm7267l8Wa9qCJrW4e/iwRSw=="): Text ****** has been set on object 'Object Repository/Thang/Page_Element/input_Security Key_mx_Field_4'

2022-01-17 21:05:59 - [MESSAGE][PASSED] - Text ****** has been set on object 'Object Repository/Thang/Page_Element/input_Security Key_mx_Field_4'

2022-01-17 21:05:59 - [TEST_STEP][PASSED] - click(findTestObject("Object Repository/Thang/Page_Element/button_Continue")): Object: 'Object Repository/Thang/Page_Element/button_Continue' is clicked on

2022-01-17 21:05:59 - [MESSAGE][PASSED] - Object: 'Object Repository/Thang/Page_Element/button_Continue' is clicked on

2022-01-17 21:05:59 - [TEST_STEP][PASSED] - click(findTestObject("Object Repository/Thang/Page_Element/div_Done")): Object: 'Object Repository/Thang/Page_Element/div_Done' is clicked on

2022-01-17 21:05:59 - [MESSAGE][PASSED] - Object: 'Object Repository/Thang/Page_Element/div_Done' is clicked on

2022-01-17 21:05:59 - [TEST_STEP][PASSED] - click(findTestObject("Object Repository/Thang/Page_Element/img_Review_mx_BaseAvatar_image")): Object: 'Object Repository/Thang/Page_Element/img_Review_mx_BaseAvatar_image' is clicked on

2022-01-17 21:06:00 - [MESSAGE][PASSED] - Object: 'Object Repository/Thang/Page_Element/img_Review_mx_BaseAvatar_image' is clicked on

2022-01-17 21:06:00 - [TEST_STEP][PASSED] - click(findTestObject("Object Repository/Thang/Page_Element/span_All settings")): Object: 'Object Repository/Thang/Page_Element/span_All settings' is clicked on

2022-01-17 21:06:00 - [MESSAGE][PASSED] - Object: 'Object Repository/Thang/Page_Element/span_All settings' is clicked on

2022-01-17 21:06:00 - [TEST_STEP][PASSED] - click(findTestObject("Object Repository/Thang/Page_Element/div_Appearance")): Object: 'Object Repository/Thang/Page_Element/div_Appearance' is clicked on

2022-01-17 21:06:00 - [MESSAGE][PASSED] - Object: 'Object Repository/Thang/Page_Element/div_Appearance' is clicked on

2022-01-17 21:06:00 - [TEST_STEP][PASSED] - click(findTestObject("Object Repository/Thang/Page_Element/div")): Object: 'Object Repository/Thang/Page_Element/div' is clicked on

2022-01-17 21:06:01 - [MESSAGE][PASSED] - Object: 'Object Repository/Thang/Page_Element/div' is clicked on]]></system-out>
         <system-err><![CDATA[]]></system-err>
      </testcase>
      <testcase name="Test Cases/Settings/Set Dark mode (button)" time="17.095" classname="Test Cases/Settings/Set Dark mode (button)" status="PASSED">
         <system-out><![CDATA[2022-01-17 21:06:01 - [TEST_CASE][PASSED] - Test Cases/Settings/Set Dark mode (button): Test Cases/Settings/Set Dark mode (button)

2022-01-17 21:06:01 - [TEST_STEP][PASSED] - openBrowser(""): Browser is opened with url: ''

2022-01-17 21:06:01 - [MESSAGE][WARNING] - A browser is already opened. Closing browser and opening a new one

2022-01-17 21:06:01 - [MESSAGE][INFO] - Starting 'Chrome' driver

2022-01-17 21:06:01 - [MESSAGE][INFO] - Action delay is set to 100 milliseconds

2022-01-17 21:06:02 - [MESSAGE][PASSED] - Browser is opened with url: ''

2022-01-17 21:06:02 - [TEST_STEP][PASSED] - navigateToUrl("http://localhost:8080/"): Navigate to 'http://localhost:8080/' successfully

2022-01-17 21:06:04 - [MESSAGE][PASSED] - Navigate to 'http://localhost:8080/' successfully

2022-01-17 21:06:04 - [TEST_STEP][PASSED] - click(findTestObject("Object Repository/Thang/Page_Element/a_Sign In")): Object: 'Object Repository/Thang/Page_Element/a_Sign In' is clicked on

2022-01-17 21:06:07 - [MESSAGE][PASSED] - Object: 'Object Repository/Thang/Page_Element/a_Sign In' is clicked on

2022-01-17 21:06:07 - [TEST_STEP][PASSED] - setText(findTestObject("Object Repository/Thang/Page_Element/input_Sign in with_username"), "catalontest1"): Text 'catalontest1' is set on object 'Object Repository/Thang/Page_Element/input_Sign in with_username'

2022-01-17 21:06:09 - [MESSAGE][PASSED] - Text 'catalontest1' is set on object 'Object Repository/Thang/Page_Element/input_Sign in with_username'

2022-01-17 21:06:09 - [TEST_STEP][PASSED] - setEncryptedText(findTestObject("Object Repository/Thang/Page_Element/input_Username_password"), "IVP3EFuX5Soi+L5J3PmWRw=="): Text ****** has been set on object 'Object Repository/Thang/Page_Element/input_Username_password'

2022-01-17 21:06:10 - [MESSAGE][PASSED] - Text ****** has been set on object 'Object Repository/Thang/Page_Element/input_Username_password'

2022-01-17 21:06:10 - [TEST_STEP][PASSED] - sendKeys(findTestObject("Object Repository/Thang/Page_Element/input_Username_password"), Keys.chord(ENTER)): Keys 'ENTER + ' sent to object: 'Object Repository/Thang/Page_Element/input_Username_password'

2022-01-17 21:06:10 - [MESSAGE][PASSED] - Keys 'ENTER + ' sent to object: 'Object Repository/Thang/Page_Element/input_Username_password'

2022-01-17 21:06:10 - [TEST_STEP][PASSED] - click(findTestObject("Object Repository/Thang/Page_Element/div_Verify with Security Key")): Object: 'Object Repository/Thang/Page_Element/div_Verify with Security Key' is clicked on

2022-01-17 21:06:15 - [MESSAGE][PASSED] - Object: 'Object Repository/Thang/Page_Element/div_Verify with Security Key' is clicked on

2022-01-17 21:06:15 - [TEST_STEP][PASSED] - setEncryptedText(findTestObject("Object Repository/Thang/Page_Element/input_Security Key_mx_Field_4"), "KcTIxEe86JlbIbDMhEOGDxm8TOo5sVjpulf8hwfL6DCmnHQLN2q0ty2pbg9r9Jrm7267l8Wa9qCJrW4e/iwRSw=="): Text ****** has been set on object 'Object Repository/Thang/Page_Element/input_Security Key_mx_Field_4'

2022-01-17 21:06:17 - [MESSAGE][PASSED] - Text ****** has been set on object 'Object Repository/Thang/Page_Element/input_Security Key_mx_Field_4'

2022-01-17 21:06:17 - [TEST_STEP][PASSED] - click(findTestObject("Object Repository/Thang/Page_Element/button_Continue")): Object: 'Object Repository/Thang/Page_Element/button_Continue' is clicked on

2022-01-17 21:06:17 - [MESSAGE][PASSED] - Object: 'Object Repository/Thang/Page_Element/button_Continue' is clicked on

2022-01-17 21:06:17 - [TEST_STEP][PASSED] - click(findTestObject("Object Repository/Thang/Page_Element/div_Done")): Object: 'Object Repository/Thang/Page_Element/div_Done' is clicked on

2022-01-17 21:06:17 - [MESSAGE][PASSED] - Object: 'Object Repository/Thang/Page_Element/div_Done' is clicked on

2022-01-17 21:06:17 - [TEST_STEP][PASSED] - click(findTestObject("Object Repository/Thang/Page_Element/img_Review_mx_BaseAvatar_image")): Object: 'Object Repository/Thang/Page_Element/img_Review_mx_BaseAvatar_image' is clicked on

2022-01-17 21:06:18 - [MESSAGE][PASSED] - Object: 'Object Repository/Thang/Page_Element/img_Review_mx_BaseAvatar_image' is clicked on

2022-01-17 21:06:18 - [TEST_STEP][PASSED] - click(findTestObject("Object Repository/Thang/Page_Element/img")): Object: 'Object Repository/Thang/Page_Element/img' is clicked on

2022-01-17 21:06:18 - [MESSAGE][PASSED] - Object: 'Object Repository/Thang/Page_Element/img' is clicked on]]></system-out>
         <system-err><![CDATA[]]></system-err>
      </testcase>
      <testcase name="Test Cases/Settings/View keyboard shortcut" time="17.965" classname="Test Cases/Settings/View keyboard shortcut" status="PASSED">
         <system-out><![CDATA[2022-01-17 21:06:18 - [TEST_CASE][PASSED] - Test Cases/Settings/View keyboard shortcut: Test Cases/Settings/View keyboard shortcut

2022-01-17 21:06:18 - [TEST_STEP][PASSED] - openBrowser(""): Browser is opened with url: ''

2022-01-17 21:06:18 - [MESSAGE][WARNING] - A browser is already opened. Closing browser and opening a new one

2022-01-17 21:06:18 - [MESSAGE][INFO] - Starting 'Chrome' driver

2022-01-17 21:06:18 - [MESSAGE][INFO] - Action delay is set to 100 milliseconds

2022-01-17 21:06:19 - [MESSAGE][PASSED] - Browser is opened with url: ''

2022-01-17 21:06:19 - [TEST_STEP][PASSED] - navigateToUrl("http://localhost:8080/"): Navigate to 'http://localhost:8080/' successfully

2022-01-17 21:06:22 - [MESSAGE][PASSED] - Navigate to 'http://localhost:8080/' successfully

2022-01-17 21:06:22 - [TEST_STEP][PASSED] - click(findTestObject("Object Repository/Thang/Page_Element/a_Sign In")): Object: 'Object Repository/Thang/Page_Element/a_Sign In' is clicked on

2022-01-17 21:06:25 - [MESSAGE][PASSED] - Object: 'Object Repository/Thang/Page_Element/a_Sign In' is clicked on

2022-01-17 21:06:25 - [TEST_STEP][PASSED] - setText(findTestObject("Object Repository/Thang/Page_Element/input_Sign in with_username"), "catalontest1@gmail.com"): Text 'catalontest1@gmail.com' is set on object 'Object Repository/Thang/Page_Element/input_Sign in with_username'

2022-01-17 21:06:27 - [MESSAGE][PASSED] - Text 'catalontest1@gmail.com' is set on object 'Object Repository/Thang/Page_Element/input_Sign in with_username'

2022-01-17 21:06:27 - [TEST_STEP][PASSED] - setEncryptedText(findTestObject("Object Repository/Thang/Page_Element/input_Username_password"), "IVP3EFuX5Soi+L5J3PmWRw=="): Text ****** has been set on object 'Object Repository/Thang/Page_Element/input_Username_password'

2022-01-17 21:06:27 - [MESSAGE][PASSED] - Text ****** has been set on object 'Object Repository/Thang/Page_Element/input_Username_password'

2022-01-17 21:06:27 - [TEST_STEP][PASSED] - sendKeys(findTestObject("Object Repository/Thang/Page_Element/input_Username_password"), Keys.chord(ENTER)): Keys 'ENTER + ' sent to object: 'Object Repository/Thang/Page_Element/input_Username_password'

2022-01-17 21:06:27 - [MESSAGE][PASSED] - Keys 'ENTER + ' sent to object: 'Object Repository/Thang/Page_Element/input_Username_password'

2022-01-17 21:06:27 - [TEST_STEP][PASSED] - click(findTestObject("Object Repository/Thang/Page_Element/div_Verify with Security Key")): Object: 'Object Repository/Thang/Page_Element/div_Verify with Security Key' is clicked on

2022-01-17 21:06:33 - [MESSAGE][PASSED] - Object: 'Object Repository/Thang/Page_Element/div_Verify with Security Key' is clicked on

2022-01-17 21:06:33 - [TEST_STEP][PASSED] - setEncryptedText(findTestObject("Object Repository/Thang/Page_Element/input_Security Key_mx_Field_4"), "KcTIxEe86JlbIbDMhEOGDxm8TOo5sVjpulf8hwfL6DCmnHQLN2q0ty2pbg9r9Jrm7267l8Wa9qCJrW4e/iwRSw=="): Text ****** has been set on object 'Object Repository/Thang/Page_Element/input_Security Key_mx_Field_4'

2022-01-17 21:06:34 - [MESSAGE][PASSED] - Text ****** has been set on object 'Object Repository/Thang/Page_Element/input_Security Key_mx_Field_4'

2022-01-17 21:06:34 - [TEST_STEP][PASSED] - click(findTestObject("Object Repository/Thang/Page_Element/button_Continue")): Object: 'Object Repository/Thang/Page_Element/button_Continue' is clicked on

2022-01-17 21:06:34 - [MESSAGE][PASSED] - Object: 'Object Repository/Thang/Page_Element/button_Continue' is clicked on

2022-01-17 21:06:34 - [TEST_STEP][PASSED] - click(findTestObject("Object Repository/Thang/Page_Element/div_Done")): Object: 'Object Repository/Thang/Page_Element/div_Done' is clicked on

2022-01-17 21:06:35 - [MESSAGE][PASSED] - Object: 'Object Repository/Thang/Page_Element/div_Done' is clicked on

2022-01-17 21:06:35 - [TEST_STEP][PASSED] - click(findTestObject("Object Repository/Thang/Page_Element/img_Review_mx_BaseAvatar_image")): Object: 'Object Repository/Thang/Page_Element/img_Review_mx_BaseAvatar_image' is clicked on

2022-01-17 21:06:35 - [MESSAGE][PASSED] - Object: 'Object Repository/Thang/Page_Element/img_Review_mx_BaseAvatar_image' is clicked on

2022-01-17 21:06:35 - [TEST_STEP][PASSED] - click(findTestObject("Object Repository/Thang/Page_Element/span_All settings")): Object: 'Object Repository/Thang/Page_Element/span_All settings' is clicked on

2022-01-17 21:06:35 - [MESSAGE][PASSED] - Object: 'Object Repository/Thang/Page_Element/span_All settings' is clicked on

2022-01-17 21:06:35 - [TEST_STEP][PASSED] - click(findTestObject("Object Repository/Thang/Page_Element/div_Help  About")): Object: 'Object Repository/Thang/Page_Element/div_Help  About' is clicked on

2022-01-17 21:06:36 - [MESSAGE][PASSED] - Object: 'Object Repository/Thang/Page_Element/div_Help  About' is clicked on

2022-01-17 21:06:36 - [TEST_STEP][PASSED] - click(findTestObject("Object Repository/Thang/Page_Element/div_Keyboard Shortcuts")): Object: 'Object Repository/Thang/Page_Element/div_Keyboard Shortcuts' is clicked on

2022-01-17 21:06:36 - [MESSAGE][PASSED] - Object: 'Object Repository/Thang/Page_Element/div_Keyboard Shortcuts' is clicked on

2022-01-17 21:06:36 - [TEST_STEP][PASSED] - verifyElementVisible(findTestObject("Object Repository/Thang/Page_Element/h2_Keyboard Shortcuts")): Object 'Object Repository/Thang/Page_Element/h2_Keyboard Shortcuts' is visible

2022-01-17 21:06:36 - [MESSAGE][PASSED] - Object 'Object Repository/Thang/Page_Element/h2_Keyboard Shortcuts' is visible]]></system-out>
         <system-err><![CDATA[]]></system-err>
      </testcase>
      <testcase name="Test Cases/Settings/Change display name" time="19.605" classname="Test Cases/Settings/Change display name" status="PASSED">
         <system-out><![CDATA[2022-01-17 21:06:36 - [TEST_CASE][PASSED] - Test Cases/Settings/Change display name: Test Cases/Settings/Change display name

2022-01-17 21:06:36 - [TEST_STEP][PASSED] - openBrowser(""): Browser is opened with url: ''

2022-01-17 21:06:36 - [MESSAGE][WARNING] - A browser is already opened. Closing browser and opening a new one

2022-01-17 21:06:36 - [MESSAGE][INFO] - Starting 'Chrome' driver

2022-01-17 21:06:36 - [MESSAGE][INFO] - Action delay is set to 100 milliseconds

2022-01-17 21:06:37 - [MESSAGE][PASSED] - Browser is opened with url: ''

2022-01-17 21:06:37 - [TEST_STEP][PASSED] - navigateToUrl("http://localhost:8080/"): Navigate to 'http://localhost:8080/' successfully

2022-01-17 21:06:40 - [MESSAGE][PASSED] - Navigate to 'http://localhost:8080/' successfully

2022-01-17 21:06:40 - [TEST_STEP][PASSED] - click(findTestObject("Object Repository/Thang/Page_Element/a_Sign In")): Object: 'Object Repository/Thang/Page_Element/a_Sign In' is clicked on

2022-01-17 21:06:43 - [MESSAGE][PASSED] - Object: 'Object Repository/Thang/Page_Element/a_Sign In' is clicked on

2022-01-17 21:06:43 - [TEST_STEP][PASSED] - setText(findTestObject("Object Repository/Thang/Page_Element/input_Sign in with_username"), "catalontest1"): Text 'catalontest1' is set on object 'Object Repository/Thang/Page_Element/input_Sign in with_username'

2022-01-17 21:06:45 - [MESSAGE][PASSED] - Text 'catalontest1' is set on object 'Object Repository/Thang/Page_Element/input_Sign in with_username'

2022-01-17 21:06:45 - [TEST_STEP][PASSED] - setEncryptedText(findTestObject("Object Repository/Thang/Page_Element/input_Username_password"), "IVP3EFuX5Soi+L5J3PmWRw=="): Text ****** has been set on object 'Object Repository/Thang/Page_Element/input_Username_password'

2022-01-17 21:06:46 - [MESSAGE][PASSED] - Text ****** has been set on object 'Object Repository/Thang/Page_Element/input_Username_password'

2022-01-17 21:06:46 - [TEST_STEP][PASSED] - sendKeys(findTestObject("Object Repository/Thang/Page_Element/input_Username_password"), Keys.chord(ENTER)): Keys 'ENTER + ' sent to object: 'Object Repository/Thang/Page_Element/input_Username_password'

2022-01-17 21:06:46 - [MESSAGE][PASSED] - Keys 'ENTER + ' sent to object: 'Object Repository/Thang/Page_Element/input_Username_password'

2022-01-17 21:06:46 - [TEST_STEP][PASSED] - click(findTestObject("Object Repository/Thang/Page_Element/div_Verify with Security Key")): Object: 'Object Repository/Thang/Page_Element/div_Verify with Security Key' is clicked on

2022-01-17 21:06:51 - [MESSAGE][PASSED] - Object: 'Object Repository/Thang/Page_Element/div_Verify with Security Key' is clicked on

2022-01-17 21:06:51 - [TEST_STEP][PASSED] - setEncryptedText(findTestObject("Object Repository/Thang/Page_Element/input_Security Key_mx_Field_4"), "KcTIxEe86JlbIbDMhEOGDxm8TOo5sVjpulf8hwfL6DCmnHQLN2q0ty2pbg9r9Jrm7267l8Wa9qCJrW4e/iwRSw=="): Text ****** has been set on object 'Object Repository/Thang/Page_Element/input_Security Key_mx_Field_4'

2022-01-17 21:06:52 - [MESSAGE][PASSED] - Text ****** has been set on object 'Object Repository/Thang/Page_Element/input_Security Key_mx_Field_4'

2022-01-17 21:06:52 - [TEST_STEP][PASSED] - click(findTestObject("Object Repository/Thang/Page_Element/button_Continue")): Object: 'Object Repository/Thang/Page_Element/button_Continue' is clicked on

2022-01-17 21:06:53 - [MESSAGE][PASSED] - Object: 'Object Repository/Thang/Page_Element/button_Continue' is clicked on

2022-01-17 21:06:53 - [TEST_STEP][PASSED] - click(findTestObject("Object Repository/Thang/Page_Element/div_Done")): Object: 'Object Repository/Thang/Page_Element/div_Done' is clicked on

2022-01-17 21:06:53 - [MESSAGE][PASSED] - Object: 'Object Repository/Thang/Page_Element/div_Done' is clicked on

2022-01-17 21:06:53 - [TEST_STEP][PASSED] - click(findTestObject("Object Repository/Thang/Page_Element/img_Review_mx_BaseAvatar_image")): Object: 'Object Repository/Thang/Page_Element/img_Review_mx_BaseAvatar_image' is clicked on

2022-01-17 21:06:53 - [MESSAGE][PASSED] - Object: 'Object Repository/Thang/Page_Element/img_Review_mx_BaseAvatar_image' is clicked on

2022-01-17 21:06:53 - [TEST_STEP][PASSED] - click(findTestObject("Object Repository/Thang/Page_Element/div_All settings")): Object: 'Object Repository/Thang/Page_Element/div_All settings' is clicked on

2022-01-17 21:06:54 - [MESSAGE][PASSED] - Object: 'Object Repository/Thang/Page_Element/div_All settings' is clicked on

2022-01-17 21:06:54 - [TEST_STEP][PASSED] - click(findTestObject("Object Repository/Thang/Page_Element/input_Profile_mx_Field_5")): Object: 'Object Repository/Thang/Page_Element/input_Profile_mx_Field_5' is clicked on

2022-01-17 21:06:54 - [MESSAGE][PASSED] - Object: 'Object Repository/Thang/Page_Element/input_Profile_mx_Field_5' is clicked on

2022-01-17 21:06:54 - [TEST_STEP][PASSED] - click(findTestObject("Object Repository/Thang/Page_Element/div_GeneralAppearanceNotificationsPreferenc_3ce5ae")): Object: 'Object Repository/Thang/Page_Element/div_GeneralAppearanceNotificationsPreferenc_3ce5ae' is clicked on

2022-01-17 21:06:55 - [MESSAGE][PASSED] - Object: 'Object Repository/Thang/Page_Element/div_GeneralAppearanceNotificationsPreferenc_3ce5ae' is clicked on

2022-01-17 21:06:55 - [TEST_STEP][PASSED] - setText(findTestObject("Object Repository/Thang/Page_Element/input_Profile_mx_Field_5"), "catalontest12"): Text 'catalontest12' is set on object 'Object Repository/Thang/Page_Element/input_Profile_mx_Field_5'

2022-01-17 21:06:55 - [MESSAGE][PASSED] - Text 'catalontest12' is set on object 'Object Repository/Thang/Page_Element/input_Profile_mx_Field_5'

2022-01-17 21:06:55 - [TEST_STEP][PASSED] - click(findTestObject("Object Repository/Thang/Page_Element/div_Save")): Object: 'Object Repository/Thang/Page_Element/div_Save' is clicked on

2022-01-17 21:06:56 - [MESSAGE][PASSED] - Object: 'Object Repository/Thang/Page_Element/div_Save' is clicked on]]></system-out>
         <system-err><![CDATA[]]></system-err>
      </testcase>
      <testcase name="Test Cases/Settings/Set Light theme" time="18.416" classname="Test Cases/Settings/Set Light theme" status="PASSED">
         <system-out><![CDATA[2022-01-17 21:06:56 - [TEST_CASE][PASSED] - Test Cases/Settings/Set Light theme: Test Cases/Settings/Set Light theme

2022-01-17 21:06:56 - [TEST_STEP][PASSED] - openBrowser(""): Browser is opened with url: ''

2022-01-17 21:06:56 - [MESSAGE][WARNING] - A browser is already opened. Closing browser and opening a new one

2022-01-17 21:06:56 - [MESSAGE][INFO] - Starting 'Chrome' driver

2022-01-17 21:06:56 - [MESSAGE][INFO] - Action delay is set to 100 milliseconds

2022-01-17 21:06:57 - [MESSAGE][PASSED] - Browser is opened with url: ''

2022-01-17 21:06:57 - [TEST_STEP][PASSED] - navigateToUrl("http://localhost:8080/"): Navigate to 'http://localhost:8080/' successfully

2022-01-17 21:07:00 - [MESSAGE][PASSED] - Navigate to 'http://localhost:8080/' successfully

2022-01-17 21:07:00 - [TEST_STEP][PASSED] - click(findTestObject("Object Repository/Thang/Page_Element/a_Sign In")): Object: 'Object Repository/Thang/Page_Element/a_Sign In' is clicked on

2022-01-17 21:07:04 - [MESSAGE][PASSED] - Object: 'Object Repository/Thang/Page_Element/a_Sign In' is clicked on

2022-01-17 21:07:04 - [TEST_STEP][PASSED] - setText(findTestObject("Object Repository/Thang/Page_Element/input_Sign in with_username"), "catalontest1@gmail.com"): Text 'catalontest1@gmail.com' is set on object 'Object Repository/Thang/Page_Element/input_Sign in with_username'

2022-01-17 21:07:05 - [MESSAGE][PASSED] - Text 'catalontest1@gmail.com' is set on object 'Object Repository/Thang/Page_Element/input_Sign in with_username'

2022-01-17 21:07:05 - [TEST_STEP][PASSED] - setEncryptedText(findTestObject("Object Repository/Thang/Page_Element/input_Username_password"), "IVP3EFuX5Soi+L5J3PmWRw=="): Text ****** has been set on object 'Object Repository/Thang/Page_Element/input_Username_password'

2022-01-17 21:07:06 - [MESSAGE][PASSED] - Text ****** has been set on object 'Object Repository/Thang/Page_Element/input_Username_password'

2022-01-17 21:07:06 - [TEST_STEP][PASSED] - sendKeys(findTestObject("Object Repository/Thang/Page_Element/input_Username_password"), Keys.chord(ENTER)): Keys 'ENTER + ' sent to object: 'Object Repository/Thang/Page_Element/input_Username_password'

2022-01-17 21:07:06 - [MESSAGE][PASSED] - Keys 'ENTER + ' sent to object: 'Object Repository/Thang/Page_Element/input_Username_password'

2022-01-17 21:07:06 - [TEST_STEP][PASSED] - click(findTestObject("Object Repository/Thang/Page_Element/div_Verify with Security Key")): Object: 'Object Repository/Thang/Page_Element/div_Verify with Security Key' is clicked on

2022-01-17 21:07:11 - [MESSAGE][PASSED] - Object: 'Object Repository/Thang/Page_Element/div_Verify with Security Key' is clicked on

2022-01-17 21:07:11 - [TEST_STEP][PASSED] - setEncryptedText(findTestObject("Object Repository/Thang/Page_Element/input_Security Key_mx_Field_4"), "KcTIxEe86JlbIbDMhEOGDxm8TOo5sVjpulf8hwfL6DCmnHQLN2q0ty2pbg9r9Jrm7267l8Wa9qCJrW4e/iwRSw=="): Text ****** has been set on object 'Object Repository/Thang/Page_Element/input_Security Key_mx_Field_4'

2022-01-17 21:07:12 - [MESSAGE][PASSED] - Text ****** has been set on object 'Object Repository/Thang/Page_Element/input_Security Key_mx_Field_4'

2022-01-17 21:07:12 - [TEST_STEP][PASSED] - click(findTestObject("Object Repository/Thang/Page_Element/button_Continue")): Object: 'Object Repository/Thang/Page_Element/button_Continue' is clicked on

2022-01-17 21:07:12 - [MESSAGE][PASSED] - Object: 'Object Repository/Thang/Page_Element/button_Continue' is clicked on

2022-01-17 21:07:12 - [TEST_STEP][PASSED] - click(findTestObject("Object Repository/Thang/Page_Element/div_Done")): Object: 'Object Repository/Thang/Page_Element/div_Done' is clicked on

2022-01-17 21:07:13 - [MESSAGE][PASSED] - Object: 'Object Repository/Thang/Page_Element/div_Done' is clicked on

2022-01-17 21:07:13 - [TEST_STEP][PASSED] - click(findTestObject("Object Repository/Thang/Page_Element/img_Review_mx_BaseAvatar_image")): Object: 'Object Repository/Thang/Page_Element/img_Review_mx_BaseAvatar_image' is clicked on

2022-01-17 21:07:13 - [MESSAGE][PASSED] - Object: 'Object Repository/Thang/Page_Element/img_Review_mx_BaseAvatar_image' is clicked on

2022-01-17 21:07:13 - [TEST_STEP][PASSED] - click(findTestObject("Object Repository/Thang/Page_Element/span_All settings")): Object: 'Object Repository/Thang/Page_Element/span_All settings' is clicked on

2022-01-17 21:07:13 - [MESSAGE][PASSED] - Object: 'Object Repository/Thang/Page_Element/span_All settings' is clicked on

2022-01-17 21:07:13 - [TEST_STEP][PASSED] - click(findTestObject("Object Repository/Thang/Page_Element/div_Appearance")): Object: 'Object Repository/Thang/Page_Element/div_Appearance' is clicked on

2022-01-17 21:07:14 - [MESSAGE][PASSED] - Object: 'Object Repository/Thang/Page_Element/div_Appearance' is clicked on

2022-01-17 21:07:14 - [TEST_STEP][PASSED] - click(findTestObject("Object Repository/Thang/Page_Element/div_1")): Object: 'Object Repository/Thang/Page_Element/div_1' is clicked on

2022-01-17 21:07:14 - [MESSAGE][PASSED] - Object: 'Object Repository/Thang/Page_Element/div_1' is clicked on]]></system-out>
         <system-err><![CDATA[]]></system-err>
      </testcase>
      <testcase name="Test Cases/Settings/Send feedback" time="19.936" classname="Test Cases/Settings/Send feedback" status="PASSED">
         <system-out><![CDATA[2022-01-17 21:07:14 - [TEST_CASE][PASSED] - Test Cases/Settings/Send feedback: Test Cases/Settings/Send feedback

2022-01-17 21:07:14 - [TEST_STEP][PASSED] - openBrowser(""): Browser is opened with url: ''

2022-01-17 21:07:14 - [MESSAGE][WARNING] - A browser is already opened. Closing browser and opening a new one

2022-01-17 21:07:15 - [MESSAGE][INFO] - Starting 'Chrome' driver

2022-01-17 21:07:15 - [MESSAGE][INFO] - Action delay is set to 100 milliseconds

2022-01-17 21:07:15 - [MESSAGE][PASSED] - Browser is opened with url: ''

2022-01-17 21:07:15 - [TEST_STEP][PASSED] - navigateToUrl("http://localhost:8080/"): Navigate to 'http://localhost:8080/' successfully

2022-01-17 21:07:18 - [MESSAGE][PASSED] - Navigate to 'http://localhost:8080/' successfully

2022-01-17 21:07:18 - [TEST_STEP][PASSED] - click(findTestObject("Object Repository/Thang/Page_Element/a_Sign In")): Object: 'Object Repository/Thang/Page_Element/a_Sign In' is clicked on

2022-01-17 21:07:21 - [MESSAGE][PASSED] - Object: 'Object Repository/Thang/Page_Element/a_Sign In' is clicked on

2022-01-17 21:07:21 - [TEST_STEP][PASSED] - setText(findTestObject("Object Repository/Thang/Page_Element/input_Sign in with_username"), "catalontest1@gmail.com"): Text 'catalontest1@gmail.com' is set on object 'Object Repository/Thang/Page_Element/input_Sign in with_username'

2022-01-17 21:07:23 - [MESSAGE][PASSED] - Text 'catalontest1@gmail.com' is set on object 'Object Repository/Thang/Page_Element/input_Sign in with_username'

2022-01-17 21:07:23 - [TEST_STEP][PASSED] - setEncryptedText(findTestObject("Object Repository/Thang/Page_Element/input_Username_password"), "IVP3EFuX5Soi+L5J3PmWRw=="): Text ****** has been set on object 'Object Repository/Thang/Page_Element/input_Username_password'

2022-01-17 21:07:24 - [MESSAGE][PASSED] - Text ****** has been set on object 'Object Repository/Thang/Page_Element/input_Username_password'

2022-01-17 21:07:24 - [TEST_STEP][PASSED] - setText(findTestObject("Object Repository/Thang/Page_Element/input_Sign in with_username"), "catalontest1"): Text 'catalontest1' is set on object 'Object Repository/Thang/Page_Element/input_Sign in with_username'

2022-01-17 21:07:24 - [MESSAGE][PASSED] - Text 'catalontest1' is set on object 'Object Repository/Thang/Page_Element/input_Sign in with_username'

2022-01-17 21:07:24 - [TEST_STEP][PASSED] - click(findTestObject("Object Repository/Thang/Page_Element/input_Forgot password_mx_Login_submit")): Object: 'Object Repository/Thang/Page_Element/input_Forgot password_mx_Login_submit' is clicked on

2022-01-17 21:07:24 - [MESSAGE][PASSED] - Object: 'Object Repository/Thang/Page_Element/input_Forgot password_mx_Login_submit' is clicked on

2022-01-17 21:07:24 - [TEST_STEP][PASSED] - click(findTestObject("Object Repository/Thang/Page_Element/div_Verify with Security Key")): Object: 'Object Repository/Thang/Page_Element/div_Verify with Security Key' is clicked on

2022-01-17 21:07:30 - [MESSAGE][PASSED] - Object: 'Object Repository/Thang/Page_Element/div_Verify with Security Key' is clicked on

2022-01-17 21:07:30 - [TEST_STEP][PASSED] - setEncryptedText(findTestObject("Object Repository/Thang/Page_Element/input_Security Key_mx_Field_4"), "KcTIxEe86JlbIbDMhEOGDxm8TOo5sVjpulf8hwfL6DCmnHQLN2q0ty2pbg9r9Jrm7267l8Wa9qCJrW4e/iwRSw=="): Text ****** has been set on object 'Object Repository/Thang/Page_Element/input_Security Key_mx_Field_4'

2022-01-17 21:07:31 - [MESSAGE][PASSED] - Text ****** has been set on object 'Object Repository/Thang/Page_Element/input_Security Key_mx_Field_4'

2022-01-17 21:07:31 - [TEST_STEP][PASSED] - click(findTestObject("Object Repository/Thang/Page_Element/button_Continue")): Object: 'Object Repository/Thang/Page_Element/button_Continue' is clicked on

2022-01-17 21:07:31 - [MESSAGE][PASSED] - Object: 'Object Repository/Thang/Page_Element/button_Continue' is clicked on

2022-01-17 21:07:31 - [TEST_STEP][PASSED] - click(findTestObject("Object Repository/Thang/Page_Element/div_Done")): Object: 'Object Repository/Thang/Page_Element/div_Done' is clicked on

2022-01-17 21:07:31 - [MESSAGE][PASSED] - Object: 'Object Repository/Thang/Page_Element/div_Done' is clicked on

2022-01-17 21:07:31 - [TEST_STEP][PASSED] - click(findTestObject("Object Repository/Thang/Page_Element/img_Review_mx_BaseAvatar_image")): Object: 'Object Repository/Thang/Page_Element/img_Review_mx_BaseAvatar_image' is clicked on

2022-01-17 21:07:31 - [MESSAGE][PASSED] - Object: 'Object Repository/Thang/Page_Element/img_Review_mx_BaseAvatar_image' is clicked on

2022-01-17 21:07:31 - [TEST_STEP][PASSED] - click(findTestObject("Object Repository/Thang/Page_Element/div_Feedback")): Object: 'Object Repository/Thang/Page_Element/div_Feedback' is clicked on

2022-01-17 21:07:32 - [MESSAGE][PASSED] - Object: 'Object Repository/Thang/Page_Element/div_Feedback' is clicked on

2022-01-17 21:07:32 - [TEST_STEP][PASSED] - setText(findTestObject("Object Repository/Thang/Page_Element/textarea_a"), "a"): Text 'a' is set on object 'Object Repository/Thang/Page_Element/textarea_a'

2022-01-17 21:07:32 - [MESSAGE][PASSED] - Text 'a' is set on object 'Object Repository/Thang/Page_Element/textarea_a'

2022-01-17 21:07:32 - [TEST_STEP][PASSED] - setText(findTestObject("Object Repository/Thang/Page_Element/textarea_ap"), "ap"): Text 'ap' is set on object 'Object Repository/Thang/Page_Element/textarea_ap'

2022-01-17 21:07:32 - [MESSAGE][PASSED] - Text 'ap' is set on object 'Object Repository/Thang/Page_Element/textarea_ap'

2022-01-17 21:07:32 - [TEST_STEP][PASSED] - setText(findTestObject("Object Repository/Thang/Page_Element/textarea_app"), "app"): Text 'app' is set on object 'Object Repository/Thang/Page_Element/textarea_app'

2022-01-17 21:07:33 - [MESSAGE][PASSED] - Text 'app' is set on object 'Object Repository/Thang/Page_Element/textarea_app'

2022-01-17 21:07:33 - [TEST_STEP][PASSED] - setText(findTestObject("Object Repository/Thang/Page_Element/textarea_app_1"), "app "): Text 'app ' is set on object 'Object Repository/Thang/Page_Element/textarea_app_1'

2022-01-17 21:07:33 - [MESSAGE][PASSED] - Text 'app ' is set on object 'Object Repository/Thang/Page_Element/textarea_app_1'

2022-01-17 21:07:33 - [TEST_STEP][PASSED] - setText(findTestObject("Object Repository/Thang/Page_Element/textarea_app o"), "app o"): Text 'app o' is set on object 'Object Repository/Thang/Page_Element/textarea_app o'

2022-01-17 21:07:33 - [MESSAGE][PASSED] - Text 'app o' is set on object 'Object Repository/Thang/Page_Element/textarea_app o'

2022-01-17 21:07:33 - [TEST_STEP][PASSED] - setText(findTestObject("Object Repository/Thang/Page_Element/textarea_app ok"), "app ok"): Text 'app ok' is set on object 'Object Repository/Thang/Page_Element/textarea_app ok'

2022-01-17 21:07:34 - [MESSAGE][PASSED] - Text 'app ok' is set on object 'Object Repository/Thang/Page_Element/textarea_app ok'

2022-01-17 21:07:34 - [TEST_STEP][PASSED] - click(findTestObject("Object Repository/Thang/Page_Element/button_Send feedback")): Object: 'Object Repository/Thang/Page_Element/button_Send feedback' is clicked on

2022-01-17 21:07:34 - [MESSAGE][PASSED] - Object: 'Object Repository/Thang/Page_Element/button_Send feedback' is clicked on

2022-01-17 21:07:34 - [TEST_STEP][PASSED] - verifyElementVisible(findTestObject("Object Repository/Thang/Page_Element/h2_Feedback sent")): Object 'Object Repository/Thang/Page_Element/h2_Feedback sent' is visible

2022-01-17 21:07:34 - [MESSAGE][PASSED] - Object 'Object Repository/Thang/Page_Element/h2_Feedback sent' is visible]]></system-out>
         <system-err><![CDATA[]]></system-err>
      </testcase>
      <testcase name="Test Cases/Settings/Change language to Vietnamese" time="22.437" classname="Test Cases/Settings/Change language to Vietnamese" status="PASSED">
         <system-out><![CDATA[2022-01-17 21:07:34 - [TEST_CASE][PASSED] - Test Cases/Settings/Change language to Vietnamese: Test Cases/Settings/Change language to Vietnamese

2022-01-17 21:07:34 - [TEST_STEP][PASSED] - openBrowser(""): Browser is opened with url: ''

2022-01-17 21:07:34 - [MESSAGE][WARNING] - A browser is already opened. Closing browser and opening a new one

2022-01-17 21:07:35 - [MESSAGE][INFO] - Starting 'Chrome' driver

2022-01-17 21:07:35 - [MESSAGE][INFO] - Action delay is set to 100 milliseconds

2022-01-17 21:07:35 - [MESSAGE][PASSED] - Browser is opened with url: ''

2022-01-17 21:07:35 - [TEST_STEP][PASSED] - navigateToUrl("http://localhost:8080/"): Navigate to 'http://localhost:8080/' successfully

2022-01-17 21:07:38 - [MESSAGE][PASSED] - Navigate to 'http://localhost:8080/' successfully

2022-01-17 21:07:38 - [TEST_STEP][PASSED] - click(findTestObject("Object Repository/Thang/Page_Element/a_Sign In")): Object: 'Object Repository/Thang/Page_Element/a_Sign In' is clicked on

2022-01-17 21:07:41 - [MESSAGE][PASSED] - Object: 'Object Repository/Thang/Page_Element/a_Sign In' is clicked on

2022-01-17 21:07:41 - [TEST_STEP][PASSED] - setText(findTestObject("Object Repository/Thang/Page_Element/input_Sign in with_username"), "catalontest1"): Text 'catalontest1' is set on object 'Object Repository/Thang/Page_Element/input_Sign in with_username'

2022-01-17 21:07:43 - [MESSAGE][PASSED] - Text 'catalontest1' is set on object 'Object Repository/Thang/Page_Element/input_Sign in with_username'

2022-01-17 21:07:43 - [TEST_STEP][PASSED] - setEncryptedText(findTestObject("Object Repository/Thang/Page_Element/input_Username_password"), "IVP3EFuX5Soi+L5J3PmWRw=="): Text ****** has been set on object 'Object Repository/Thang/Page_Element/input_Username_password'

2022-01-17 21:07:43 - [MESSAGE][PASSED] - Text ****** has been set on object 'Object Repository/Thang/Page_Element/input_Username_password'

2022-01-17 21:07:43 - [TEST_STEP][PASSED] - sendKeys(findTestObject("Object Repository/Thang/Page_Element/input_Username_password"), Keys.chord(ENTER)): Keys 'ENTER + ' sent to object: 'Object Repository/Thang/Page_Element/input_Username_password'

2022-01-17 21:07:43 - [MESSAGE][PASSED] - Keys 'ENTER + ' sent to object: 'Object Repository/Thang/Page_Element/input_Username_password'

2022-01-17 21:07:43 - [TEST_STEP][PASSED] - click(findTestObject("Object Repository/Thang/Page_Element/div_Verify with Security Key")): Object: 'Object Repository/Thang/Page_Element/div_Verify with Security Key' is clicked on

2022-01-17 21:07:49 - [MESSAGE][PASSED] - Object: 'Object Repository/Thang/Page_Element/div_Verify with Security Key' is clicked on

2022-01-17 21:07:49 - [TEST_STEP][PASSED] - setEncryptedText(findTestObject("Object Repository/Thang/Page_Element/input_Security Key_mx_Field_4"), "KcTIxEe86JlbIbDMhEOGDxm8TOo5sVjpulf8hwfL6DCmnHQLN2q0ty2pbg9r9Jrm7267l8Wa9qCJrW4e/iwRSw=="): Text ****** has been set on object 'Object Repository/Thang/Page_Element/input_Security Key_mx_Field_4'

2022-01-17 21:07:50 - [MESSAGE][PASSED] - Text ****** has been set on object 'Object Repository/Thang/Page_Element/input_Security Key_mx_Field_4'

2022-01-17 21:07:50 - [TEST_STEP][PASSED] - click(findTestObject("Object Repository/Thang/Page_Element/button_Continue")): Object: 'Object Repository/Thang/Page_Element/button_Continue' is clicked on

2022-01-17 21:07:50 - [MESSAGE][PASSED] - Object: 'Object Repository/Thang/Page_Element/button_Continue' is clicked on

2022-01-17 21:07:50 - [TEST_STEP][PASSED] - click(findTestObject("Object Repository/Thang/Page_Element/div_Done")): Object: 'Object Repository/Thang/Page_Element/div_Done' is clicked on

2022-01-17 21:07:51 - [MESSAGE][PASSED] - Object: 'Object Repository/Thang/Page_Element/div_Done' is clicked on

2022-01-17 21:07:51 - [TEST_STEP][PASSED] - click(findTestObject("Object Repository/Thang/Page_Element/img_Review_mx_BaseAvatar_image")): Object: 'Object Repository/Thang/Page_Element/img_Review_mx_BaseAvatar_image' is clicked on

2022-01-17 21:07:51 - [MESSAGE][PASSED] - Object: 'Object Repository/Thang/Page_Element/img_Review_mx_BaseAvatar_image' is clicked on

2022-01-17 21:07:51 - [TEST_STEP][PASSED] - click(findTestObject("Object Repository/Thang/Page_Element/div_All settings")): Object: 'Object Repository/Thang/Page_Element/div_All settings' is clicked on

2022-01-17 21:07:51 - [MESSAGE][PASSED] - Object: 'Object Repository/Thang/Page_Element/div_All settings' is clicked on

2022-01-17 21:07:51 - [TEST_STEP][PASSED] - click(findTestObject("Object Repository/Thang/Page_Element/div_English (US)")): Object: 'Object Repository/Thang/Page_Element/div_English (US)' is clicked on

2022-01-17 21:07:52 - [MESSAGE][PASSED] - Object: 'Object Repository/Thang/Page_Element/div_English (US)' is clicked on

2022-01-17 21:07:52 - [TEST_STEP][PASSED] - click(findTestObject("Object Repository/Thang/Page_Element/div_Ting Vit")): Object: 'Object Repository/Thang/Page_Element/div_Ting Vit' is clicked on

2022-01-17 21:07:55 - [MESSAGE][PASSED] - Object: 'Object Repository/Thang/Page_Element/div_Ting Vit' is clicked on

2022-01-17 21:07:55 - [TEST_STEP][PASSED] - verifyElementVisible(findTestObject("Object Repository/Thang/Page_Element/h1_Cho mng bn n vi Element")): Object 'Object Repository/Thang/Page_Element/h1_Cho mng bn n vi Element' is visible

2022-01-17 21:07:57 - [MESSAGE][PASSED] - Object 'Object Repository/Thang/Page_Element/h1_Cho mng bn n vi Element' is visible]]></system-out>
         <system-err><![CDATA[]]></system-err>
      </testcase>
      <testcase name="Test Cases/Room/Sign up/Sign up username fail (invalid email)" time="11.048" classname="Test Cases/Room/Sign up/Sign up username fail (invalid email)" status="FAILED">
         <failure type="FAILED" message="Test Cases/Room/Sign up/Sign up username fail (invalid email) FAILED.
Reason:
com.kms.katalon.core.exception.StepFailedException: Unable to click on object 'Object Repository/Thang/Page_Element/input_Email_mx_Login_submit'
	at com.kms.katalon.core.webui.keyword.internal.WebUIKeywordMain.stepFailed(WebUIKeywordMain.groovy:64)
	at com.kms.katalon.core.webui.keyword.internal.WebUIKeywordMain.runKeyword(WebUIKeywordMain.groovy:26)
	at com.kms.katalon.core.webui.keyword.builtin.ClickKeyword.click(ClickKeyword.groovy:74)
	at com.kms.katalon.core.webui.keyword.builtin.ClickKeyword.execute(ClickKeyword.groovy:40)
	at com.kms.katalon.core.keyword.internal.KeywordExecutor.executeKeywordForPlatform(KeywordExecutor.groovy:74)
	at com.kms.katalon.core.webui.keyword.WebUiBuiltInKeywords.click(WebUiBuiltInKeywords.groovy:620)
	at com.kms.katalon.core.webui.keyword.WebUiBuiltInKeywords$click$1.call(Unknown Source)
	at Sign up username fail (invalid email).run(Sign up username fail (invalid email):38)
	at com.kms.katalon.core.main.ScriptEngine.run(ScriptEngine.java:194)
	at com.kms.katalon.core.main.ScriptEngine.runScriptAsRawText(ScriptEngine.java:119)
	at com.kms.katalon.core.main.TestCaseExecutor.runScript(TestCaseExecutor.java:442)
	at com.kms.katalon.core.main.TestCaseExecutor.doExecute(TestCaseExecutor.java:433)
	at com.kms.katalon.core.main.TestCaseExecutor.processExecutionPhase(TestCaseExecutor.java:412)
	at com.kms.katalon.core.main.TestCaseExecutor.accessMainPhase(TestCaseExecutor.java:404)
	at com.kms.katalon.core.main.TestCaseExecutor.execute(TestCaseExecutor.java:281)
	at com.kms.katalon.core.main.TestCaseExecutor.execute(TestCaseExecutor.java:363)
	at com.kms.katalon.core.main.TestCaseExecutor.execute(TestCaseExecutor.java:363)
	at com.kms.katalon.core.main.TestCaseExecutor.execute(TestCaseExecutor.java:363)
	at com.kms.katalon.core.main.TestSuiteExecutor.accessTestCaseMainPhase(TestSuiteExecutor.java:202)
	at com.kms.katalon.core.main.TestSuiteExecutor.accessTestSuiteMainPhase(TestSuiteExecutor.java:164)
	at com.kms.katalon.core.main.TestSuiteExecutor.execute(TestSuiteExecutor.java:105)
	at com.kms.katalon.core.main.TestCaseMain.startTestSuite(TestCaseMain.java:181)
	at com.kms.katalon.core.main.TestCaseMain$startTestSuite$0.call(Unknown Source)
	at TempTestSuite1642427552724.run(TempTestSuite1642427552724.groovy:36)
Caused by: org.openqa.selenium.ElementNotInteractableException: element not interactable
  (Session info: chrome=97.0.4692.71)
Build info: version: '3.141.59', revision: 'e82be7d358', time: '2018-11-14T08:25:53'
System info: host: 'UbuntuMML', ip: '127.0.1.1', os.name: 'Linux', os.arch: 'amd64', os.version: '5.11.0-46-generic', java.version: '1.8.0_312'
Driver info: com.kms.katalon.selenium.driver.CChromeDriver
Capabilities {acceptInsecureCerts: false, browserName: chrome, browserVersion: 97.0.4692.71, chrome: {chromedriverVersion: 97.0.4692.71 (adefa7837d02a..., userDataDir: /tmp/.com.google.Chrome.yN6fjR}, goog:chromeOptions: {debuggerAddress: localhost:39823}, javascriptEnabled: true, networkConnectionEnabled: false, pageLoadStrategy: normal, platform: LINUX, platformName: LINUX, proxy: Proxy(), setWindowRect: true, strictFileInteractability: false, timeouts: {implicit: 0, pageLoad: 300000, script: 30000}, unhandledPromptBehavior: dismiss and notify, webauthn:extension:credBlob: true, webauthn:extension:largeBlob: true, webauthn:virtualAuthenticators: true}
Session ID: 3ab2371244cacc142f57678577ed0396
	at org.openqa.selenium.remote.http.W3CHttpResponseCodec.createException(W3CHttpResponseCodec.java:187)
	at org.openqa.selenium.remote.http.W3CHttpResponseCodec.decode(W3CHttpResponseCodec.java:122)
	at org.openqa.selenium.remote.http.W3CHttpResponseCodec.decode(W3CHttpResponseCodec.java:49)
	at org.openqa.selenium.remote.HttpCommandExecutor.execute(HttpCommandExecutor.java:158)
	at org.openqa.selenium.remote.service.DriverCommandExecutor.execute(DriverCommandExecutor.java:83)
	at org.openqa.selenium.remote.RemoteWebDriver.execute(RemoteWebDriver.java:552)
	at com.kms.katalon.selenium.driver.CChromeDriver.execute(CChromeDriver.java:19)
	at org.openqa.selenium.remote.RemoteWebElement.execute(RemoteWebElement.java:285)
	at org.openqa.selenium.remote.RemoteWebElement.click(RemoteWebElement.java:84)
	at org.openqa.selenium.support.events.EventFiringWebDriver$EventFiringWebElement.lambda$new$0(EventFiringWebDriver.java:404)
	at com.sun.proxy.$Proxy11.click(Unknown Source)
	at org.openqa.selenium.support.events.EventFiringWebDriver$EventFiringWebElement.click(EventFiringWebDriver.java:417)
	at org.openqa.selenium.WebElement$click.call(Unknown Source)
	at com.kms.katalon.core.webui.keyword.builtin.ClickKeyword.clickUntilSuccessWithTimeout(ClickKeyword.groovy:81)
	at com.kms.katalon.core.webui.keyword.builtin.ClickKeyword.clickUntilSuccessWithTimeout(ClickKeyword.groovy)
	at com.kms.katalon.core.webui.keyword.builtin.ClickKeyword$_click_closure1.doCall(ClickKeyword.groovy:67)
	at com.kms.katalon.core.webui.keyword.builtin.ClickKeyword$_click_closure1.call(ClickKeyword.groovy)
	at com.kms.katalon.core.webui.keyword.internal.WebUIKeywordMain.runKeyword(WebUIKeywordMain.groovy:20)
	... 22 more
"/>
         <system-out><![CDATA[2022-01-17 21:08:33 - [TEST_CASE][FAILED] - Test Cases/Room/Sign up/Sign up username fail (invalid email): Test Cases/Room/Sign up/Sign up username fail (invalid email) FAILED.
Reason:
com.kms.katalon.core.exception.StepFailedException: Unable to click on object 'Object Repository/Thang/Page_Element/input_Email_mx_Login_submit'
	at com.kms.katalon.core.webui.keyword.internal.WebUIKeywordMain.stepFailed(WebUIKeywordMain.groovy:64)
	at com.kms.katalon.core.webui.keyword.internal.WebUIKeywordMain.runKeyword(WebUIKeywordMain.groovy:26)
	at com.kms.katalon.core.webui.keyword.builtin.ClickKeyword.click(ClickKeyword.groovy:74)
	at com.kms.katalon.core.webui.keyword.builtin.ClickKeyword.execute(ClickKeyword.groovy:40)
	at com.kms.katalon.core.keyword.internal.KeywordExecutor.executeKeywordForPlatform(KeywordExecutor.groovy:74)
	at com.kms.katalon.core.webui.keyword.WebUiBuiltInKeywords.click(WebUiBuiltInKeywords.groovy:620)
	at com.kms.katalon.core.webui.keyword.WebUiBuiltInKeywords$click$1.call(Unknown Source)
	at Sign up username fail (invalid email).run(Sign up username fail (invalid email):38)
	at com.kms.katalon.core.main.ScriptEngine.run(ScriptEngine.java:194)
	at com.kms.katalon.core.main.ScriptEngine.runScriptAsRawText(ScriptEngine.java:119)
	at com.kms.katalon.core.main.TestCaseExecutor.runScript(TestCaseExecutor.java:442)
	at com.kms.katalon.core.main.TestCaseExecutor.doExecute(TestCaseExecutor.java:433)
	at com.kms.katalon.core.main.TestCaseExecutor.processExecutionPhase(TestCaseExecutor.java:412)
	at com.kms.katalon.core.main.TestCaseExecutor.accessMainPhase(TestCaseExecutor.java:404)
	at com.kms.katalon.core.main.TestCaseExecutor.execute(TestCaseExecutor.java:281)
	at com.kms.katalon.core.main.TestCaseExecutor.execute(TestCaseExecutor.java:363)
	at com.kms.katalon.core.main.TestCaseExecutor.execute(TestCaseExecutor.java:363)
	at com.kms.katalon.core.main.TestCaseExecutor.execute(TestCaseExecutor.java:363)
	at com.kms.katalon.core.main.TestSuiteExecutor.accessTestCaseMainPhase(TestSuiteExecutor.java:202)
	at com.kms.katalon.core.main.TestSuiteExecutor.accessTestSuiteMainPhase(TestSuiteExecutor.java:164)
	at com.kms.katalon.core.main.TestSuiteExecutor.execute(TestSuiteExecutor.java:105)
	at com.kms.katalon.core.main.TestCaseMain.startTestSuite(TestCaseMain.java:181)
	at com.kms.katalon.core.main.TestCaseMain$startTestSuite$0.call(Unknown Source)
	at TempTestSuite1642427552724.run(TempTestSuite1642427552724.groovy:36)
Caused by: org.openqa.selenium.ElementNotInteractableException: element not interactable
  (Session info: chrome=97.0.4692.71)
Build info: version: '3.141.59', revision: 'e82be7d358', time: '2018-11-14T08:25:53'
System info: host: 'UbuntuMML', ip: '127.0.1.1', os.name: 'Linux', os.arch: 'amd64', os.version: '5.11.0-46-generic', java.version: '1.8.0_312'
Driver info: com.kms.katalon.selenium.driver.CChromeDriver
Capabilities {acceptInsecureCerts: false, browserName: chrome, browserVersion: 97.0.4692.71, chrome: {chromedriverVersion: 97.0.4692.71 (adefa7837d02a..., userDataDir: /tmp/.com.google.Chrome.yN6fjR}, goog:chromeOptions: {debuggerAddress: localhost:39823}, javascriptEnabled: true, networkConnectionEnabled: false, pageLoadStrategy: normal, platform: LINUX, platformName: LINUX, proxy: Proxy(), setWindowRect: true, strictFileInteractability: false, timeouts: {implicit: 0, pageLoad: 300000, script: 30000}, unhandledPromptBehavior: dismiss and notify, webauthn:extension:credBlob: true, webauthn:extension:largeBlob: true, webauthn:virtualAuthenticators: true}
Session ID: 3ab2371244cacc142f57678577ed0396
	at org.openqa.selenium.remote.http.W3CHttpResponseCodec.createException(W3CHttpResponseCodec.java:187)
	at org.openqa.selenium.remote.http.W3CHttpResponseCodec.decode(W3CHttpResponseCodec.java:122)
	at org.openqa.selenium.remote.http.W3CHttpResponseCodec.decode(W3CHttpResponseCodec.java:49)
	at org.openqa.selenium.remote.HttpCommandExecutor.execute(HttpCommandExecutor.java:158)
	at org.openqa.selenium.remote.service.DriverCommandExecutor.execute(DriverCommandExecutor.java:83)
	at org.openqa.selenium.remote.RemoteWebDriver.execute(RemoteWebDriver.java:552)
	at com.kms.katalon.selenium.driver.CChromeDriver.execute(CChromeDriver.java:19)
	at org.openqa.selenium.remote.RemoteWebElement.execute(RemoteWebElement.java:285)
	at org.openqa.selenium.remote.RemoteWebElement.click(RemoteWebElement.java:84)
	at org.openqa.selenium.support.events.EventFiringWebDriver$EventFiringWebElement.lambda$new$0(EventFiringWebDriver.java:404)
	at com.sun.proxy.$Proxy11.click(Unknown Source)
	at org.openqa.selenium.support.events.EventFiringWebDriver$EventFiringWebElement.click(EventFiringWebDriver.java:417)
	at org.openqa.selenium.WebElement$click.call(Unknown Source)
	at com.kms.katalon.core.webui.keyword.builtin.ClickKeyword.clickUntilSuccessWithTimeout(ClickKeyword.groovy:81)
	at com.kms.katalon.core.webui.keyword.builtin.ClickKeyword.clickUntilSuccessWithTimeout(ClickKeyword.groovy)
	at com.kms.katalon.core.webui.keyword.builtin.ClickKeyword$_click_closure1.doCall(ClickKeyword.groovy:67)
	at com.kms.katalon.core.webui.keyword.builtin.ClickKeyword$_click_closure1.call(ClickKeyword.groovy)
	at com.kms.katalon.core.webui.keyword.internal.WebUIKeywordMain.runKeyword(WebUIKeywordMain.groovy:20)
	... 22 more


2022-01-17 21:08:33 - [TEST_STEP][PASSED] - openBrowser(""): Browser is opened with url: ''

2022-01-17 21:08:33 - [MESSAGE][WARNING] - A browser is already opened. Closing browser and opening a new one

2022-01-17 21:08:33 - [MESSAGE][INFO] - Starting 'Chrome' driver

2022-01-17 21:08:33 - [MESSAGE][INFO] - Action delay is set to 100 milliseconds

2022-01-17 21:08:33 - [MESSAGE][PASSED] - Browser is opened with url: ''

2022-01-17 21:08:33 - [TEST_STEP][PASSED] - navigateToUrl("http://localhost:8080/"): Navigate to 'http://localhost:8080/' successfully

2022-01-17 21:08:36 - [MESSAGE][PASSED] - Navigate to 'http://localhost:8080/' successfully

2022-01-17 21:08:36 - [TEST_STEP][PASSED] - click(findTestObject("Object Repository/Thang/Page_Element/a_Create Account")): Object: 'Object Repository/Thang/Page_Element/a_Create Account' is clicked on

2022-01-17 21:08:39 - [MESSAGE][PASSED] - Object: 'Object Repository/Thang/Page_Element/a_Create Account' is clicked on

2022-01-17 21:08:39 - [TEST_STEP][PASSED] - setText(findTestObject("Object Repository/Thang/Page_Element/input_Or_mx_RegistrationForm_username"), "catalontest_new"): Text 'catalontest_new' is set on object 'Object Repository/Thang/Page_Element/input_Or_mx_RegistrationForm_username'

2022-01-17 21:08:41 - [MESSAGE][PASSED] - Text 'catalontest_new' is set on object 'Object Repository/Thang/Page_Element/input_Or_mx_RegistrationForm_username'

2022-01-17 21:08:41 - [TEST_STEP][PASSED] - setEncryptedText(findTestObject("Object Repository/Thang/Page_Element/input_Username_mx_RegistrationForm_password"), "sOxldH3rvPefv1QSzbCwHQ=="): Text ****** has been set on object 'Object Repository/Thang/Page_Element/input_Username_mx_RegistrationForm_password'

2022-01-17 21:08:42 - [MESSAGE][PASSED] - Text ****** has been set on object 'Object Repository/Thang/Page_Element/input_Username_mx_RegistrationForm_password'

2022-01-17 21:08:42 - [TEST_STEP][PASSED] - click(findTestObject("Object Repository/Thang/Page_Element/div_Confirm password")): Object: 'Object Repository/Thang/Page_Element/div_Confirm password' is clicked on

2022-01-17 21:08:42 - [MESSAGE][PASSED] - Object: 'Object Repository/Thang/Page_Element/div_Confirm password' is clicked on

2022-01-17 21:08:42 - [TEST_STEP][PASSED] - setEncryptedText(findTestObject("Object Repository/Thang/Page_Element/input_Password_mx_RegistrationForm_passwordConfirm"), "sOxldH3rvPefv1QSzbCwHQ=="): Text ****** has been set on object 'Object Repository/Thang/Page_Element/input_Password_mx_RegistrationForm_passwordConfirm'

2022-01-17 21:08:43 - [MESSAGE][PASSED] - Text ****** has been set on object 'Object Repository/Thang/Page_Element/input_Password_mx_RegistrationForm_passwordConfirm'

2022-01-17 21:08:43 - [TEST_STEP][PASSED] - setText(findTestObject("Object Repository/Thang/Page_Element/input_Confirm password_mx_Field_1"), "thangdapchai@gmail.com"): Text 'thangdapchai@gmail.com' is set on object 'Object Repository/Thang/Page_Element/input_Confirm password_mx_Field_1'

2022-01-17 21:08:43 - [MESSAGE][PASSED] - Text 'thangdapchai@gmail.com' is set on object 'Object Repository/Thang/Page_Element/input_Confirm password_mx_Field_1'

2022-01-17 21:08:43 - [TEST_STEP][FAILED] - click(findTestObject("Object Repository/Thang/Page_Element/input_Email_mx_Login_submit")): Unable to click on object 'Object Repository/Thang/Page_Element/input_Email_mx_Login_submit' (Root cause: com.kms.katalon.core.exception.StepFailedException: Unable to click on object 'Object Repository/Thang/Page_Element/input_Email_mx_Login_submit'
	at com.kms.katalon.core.webui.keyword.internal.WebUIKeywordMain.stepFailed(WebUIKeywordMain.groovy:64)
	at com.kms.katalon.core.webui.keyword.internal.WebUIKeywordMain.runKeyword(WebUIKeywordMain.groovy:26)
	at com.kms.katalon.core.webui.keyword.builtin.ClickKeyword.click(ClickKeyword.groovy:74)
	at com.kms.katalon.core.webui.keyword.builtin.ClickKeyword.execute(ClickKeyword.groovy:40)
	at com.kms.katalon.core.keyword.internal.KeywordExecutor.executeKeywordForPlatform(KeywordExecutor.groovy:74)
	at com.kms.katalon.core.webui.keyword.WebUiBuiltInKeywords.click(WebUiBuiltInKeywords.groovy:620)
	at com.kms.katalon.core.webui.keyword.WebUiBuiltInKeywords$click$1.call(Unknown Source)
	at Sign up username fail (invalid email).run(Sign up username fail (invalid email):38)
	at com.kms.katalon.core.main.ScriptEngine.run(ScriptEngine.java:194)
	at com.kms.katalon.core.main.ScriptEngine.runScriptAsRawText(ScriptEngine.java:119)
	at com.kms.katalon.core.main.TestCaseExecutor.runScript(TestCaseExecutor.java:442)
	at com.kms.katalon.core.main.TestCaseExecutor.doExecute(TestCaseExecutor.java:433)
	at com.kms.katalon.core.main.TestCaseExecutor.processExecutionPhase(TestCaseExecutor.java:412)
	at com.kms.katalon.core.main.TestCaseExecutor.accessMainPhase(TestCaseExecutor.java:404)
	at com.kms.katalon.core.main.TestCaseExecutor.execute(TestCaseExecutor.java:281)
	at com.kms.katalon.core.main.TestCaseExecutor.execute(TestCaseExecutor.java:363)
	at com.kms.katalon.core.main.TestCaseExecutor.execute(TestCaseExecutor.java:363)
	at com.kms.katalon.core.main.TestCaseExecutor.execute(TestCaseExecutor.java:363)
	at com.kms.katalon.core.main.TestSuiteExecutor.accessTestCaseMainPhase(TestSuiteExecutor.java:202)
	at com.kms.katalon.core.main.TestSuiteExecutor.accessTestSuiteMainPhase(TestSuiteExecutor.java:164)
	at com.kms.katalon.core.main.TestSuiteExecutor.execute(TestSuiteExecutor.java:105)
	at com.kms.katalon.core.main.TestCaseMain.startTestSuite(TestCaseMain.java:181)
	at com.kms.katalon.core.main.TestCaseMain$startTestSuite$0.call(Unknown Source)
	at TempTestSuite1642427552724.run(TempTestSuite1642427552724.groovy:36)
Caused by: org.openqa.selenium.ElementNotInteractableException: element not interactable
  (Session info: chrome=97.0.4692.71)
Build info: version: '3.141.59', revision: 'e82be7d358', time: '2018-11-14T08:25:53'
System info: host: 'UbuntuMML', ip: '127.0.1.1', os.name: 'Linux', os.arch: 'amd64', os.version: '5.11.0-46-generic', java.version: '1.8.0_312'
Driver info: com.kms.katalon.selenium.driver.CChromeDriver
Capabilities {acceptInsecureCerts: false, browserName: chrome, browserVersion: 97.0.4692.71, chrome: {chromedriverVersion: 97.0.4692.71 (adefa7837d02a..., userDataDir: /tmp/.com.google.Chrome.yN6fjR}, goog:chromeOptions: {debuggerAddress: localhost:39823}, javascriptEnabled: true, networkConnectionEnabled: false, pageLoadStrategy: normal, platform: LINUX, platformName: LINUX, proxy: Proxy(), setWindowRect: true, strictFileInteractability: false, timeouts: {implicit: 0, pageLoad: 300000, script: 30000}, unhandledPromptBehavior: dismiss and notify, webauthn:extension:credBlob: true, webauthn:extension:largeBlob: true, webauthn:virtualAuthenticators: true}
Session ID: 3ab2371244cacc142f57678577ed0396
	at org.openqa.selenium.remote.http.W3CHttpResponseCodec.createException(W3CHttpResponseCodec.java:187)
	at org.openqa.selenium.remote.http.W3CHttpResponseCodec.decode(W3CHttpResponseCodec.java:122)
	at org.openqa.selenium.remote.http.W3CHttpResponseCodec.decode(W3CHttpResponseCodec.java:49)
	at org.openqa.selenium.remote.HttpCommandExecutor.execute(HttpCommandExecutor.java:158)
	at org.openqa.selenium.remote.service.DriverCommandExecutor.execute(DriverCommandExecutor.java:83)
	at org.openqa.selenium.remote.RemoteWebDriver.execute(RemoteWebDriver.java:552)
	at com.kms.katalon.selenium.driver.CChromeDriver.execute(CChromeDriver.java:19)
	at org.openqa.selenium.remote.RemoteWebElement.execute(RemoteWebElement.java:285)
	at org.openqa.selenium.remote.RemoteWebElement.click(RemoteWebElement.java:84)
	at org.openqa.selenium.support.events.EventFiringWebDriver$EventFiringWebElement.lambda$new$0(EventFiringWebDriver.java:404)
	at com.sun.proxy.$Proxy11.click(Unknown Source)
	at org.openqa.selenium.support.events.EventFiringWebDriver$EventFiringWebElement.click(EventFiringWebDriver.java:417)
	at org.openqa.selenium.WebElement$click.call(Unknown Source)
	at com.kms.katalon.core.webui.keyword.builtin.ClickKeyword.clickUntilSuccessWithTimeout(ClickKeyword.groovy:81)
	at com.kms.katalon.core.webui.keyword.builtin.ClickKeyword.clickUntilSuccessWithTimeout(ClickKeyword.groovy)
	at com.kms.katalon.core.webui.keyword.builtin.ClickKeyword$_click_closure1.doCall(ClickKeyword.groovy:67)
	at com.kms.katalon.core.webui.keyword.builtin.ClickKeyword$_click_closure1.call(ClickKeyword.groovy)
	at com.kms.katalon.core.webui.keyword.internal.WebUIKeywordMain.runKeyword(WebUIKeywordMain.groovy:20)
	at com.kms.katalon.core.webui.keyword.builtin.ClickKeyword.click(ClickKeyword.groovy:74)
	at com.kms.katalon.core.webui.keyword.builtin.ClickKeyword.execute(ClickKeyword.groovy:40)
	at com.kms.katalon.core.keyword.internal.KeywordExecutor.executeKeywordForPlatform(KeywordExecutor.groovy:74)
	at com.kms.katalon.core.webui.keyword.WebUiBuiltInKeywords.click(WebUiBuiltInKeywords.groovy:620)
	at com.kms.katalon.core.webui.keyword.WebUiBuiltInKeywords$click$1.call(Unknown Source)
	at Script1642381289453.run(Script1642381289453.groovy:38)
	... 16 more
)

2022-01-17 21:08:44 - [MESSAGE][FAILED] - Unable to click on object 'Object Repository/Thang/Page_Element/input_Email_mx_Login_submit' (Root cause: com.kms.katalon.core.exception.StepFailedException: Unable to click on object 'Object Repository/Thang/Page_Element/input_Email_mx_Login_submit'
	at com.kms.katalon.core.webui.keyword.internal.WebUIKeywordMain.stepFailed(WebUIKeywordMain.groovy:64)
	at com.kms.katalon.core.webui.keyword.internal.WebUIKeywordMain.runKeyword(WebUIKeywordMain.groovy:26)
	at com.kms.katalon.core.webui.keyword.builtin.ClickKeyword.click(ClickKeyword.groovy:74)
	at com.kms.katalon.core.webui.keyword.builtin.ClickKeyword.execute(ClickKeyword.groovy:40)
	at com.kms.katalon.core.keyword.internal.KeywordExecutor.executeKeywordForPlatform(KeywordExecutor.groovy:74)
	at com.kms.katalon.core.webui.keyword.WebUiBuiltInKeywords.click(WebUiBuiltInKeywords.groovy:620)
	at com.kms.katalon.core.webui.keyword.WebUiBuiltInKeywords$click$1.call(Unknown Source)
	at Sign up username fail (invalid email).run(Sign up username fail (invalid email):38)
	at com.kms.katalon.core.main.ScriptEngine.run(ScriptEngine.java:194)
	at com.kms.katalon.core.main.ScriptEngine.runScriptAsRawText(ScriptEngine.java:119)
	at com.kms.katalon.core.main.TestCaseExecutor.runScript(TestCaseExecutor.java:442)
	at com.kms.katalon.core.main.TestCaseExecutor.doExecute(TestCaseExecutor.java:433)
	at com.kms.katalon.core.main.TestCaseExecutor.processExecutionPhase(TestCaseExecutor.java:412)
	at com.kms.katalon.core.main.TestCaseExecutor.accessMainPhase(TestCaseExecutor.java:404)
	at com.kms.katalon.core.main.TestCaseExecutor.execute(TestCaseExecutor.java:281)
	at com.kms.katalon.core.main.TestCaseExecutor.execute(TestCaseExecutor.java:363)
	at com.kms.katalon.core.main.TestCaseExecutor.execute(TestCaseExecutor.java:363)
	at com.kms.katalon.core.main.TestCaseExecutor.execute(TestCaseExecutor.java:363)
	at com.kms.katalon.core.main.TestSuiteExecutor.accessTestCaseMainPhase(TestSuiteExecutor.java:202)
	at com.kms.katalon.core.main.TestSuiteExecutor.accessTestSuiteMainPhase(TestSuiteExecutor.java:164)
	at com.kms.katalon.core.main.TestSuiteExecutor.execute(TestSuiteExecutor.java:105)
	at com.kms.katalon.core.main.TestCaseMain.startTestSuite(TestCaseMain.java:181)
	at com.kms.katalon.core.main.TestCaseMain$startTestSuite$0.call(Unknown Source)
	at TempTestSuite1642427552724.run(TempTestSuite1642427552724.groovy:36)
Caused by: org.openqa.selenium.ElementNotInteractableException: element not interactable
  (Session info: chrome=97.0.4692.71)
Build info: version: '3.141.59', revision: 'e82be7d358', time: '2018-11-14T08:25:53'
System info: host: 'UbuntuMML', ip: '127.0.1.1', os.name: 'Linux', os.arch: 'amd64', os.version: '5.11.0-46-generic', java.version: '1.8.0_312'
Driver info: com.kms.katalon.selenium.driver.CChromeDriver
Capabilities {acceptInsecureCerts: false, browserName: chrome, browserVersion: 97.0.4692.71, chrome: {chromedriverVersion: 97.0.4692.71 (adefa7837d02a..., userDataDir: /tmp/.com.google.Chrome.yN6fjR}, goog:chromeOptions: {debuggerAddress: localhost:39823}, javascriptEnabled: true, networkConnectionEnabled: false, pageLoadStrategy: normal, platform: LINUX, platformName: LINUX, proxy: Proxy(), setWindowRect: true, strictFileInteractability: false, timeouts: {implicit: 0, pageLoad: 300000, script: 30000}, unhandledPromptBehavior: dismiss and notify, webauthn:extension:credBlob: true, webauthn:extension:largeBlob: true, webauthn:virtualAuthenticators: true}
Session ID: 3ab2371244cacc142f57678577ed0396
	at org.openqa.selenium.remote.http.W3CHttpResponseCodec.createException(W3CHttpResponseCodec.java:187)
	at org.openqa.selenium.remote.http.W3CHttpResponseCodec.decode(W3CHttpResponseCodec.java:122)
	at org.openqa.selenium.remote.http.W3CHttpResponseCodec.decode(W3CHttpResponseCodec.java:49)
	at org.openqa.selenium.remote.HttpCommandExecutor.execute(HttpCommandExecutor.java:158)
	at org.openqa.selenium.remote.service.DriverCommandExecutor.execute(DriverCommandExecutor.java:83)
	at org.openqa.selenium.remote.RemoteWebDriver.execute(RemoteWebDriver.java:552)
	at com.kms.katalon.selenium.driver.CChromeDriver.execute(CChromeDriver.java:19)
	at org.openqa.selenium.remote.RemoteWebElement.execute(RemoteWebElement.java:285)
	at org.openqa.selenium.remote.RemoteWebElement.click(RemoteWebElement.java:84)
	at org.openqa.selenium.support.events.EventFiringWebDriver$EventFiringWebElement.lambda$new$0(EventFiringWebDriver.java:404)
	at com.sun.proxy.$Proxy11.click(Unknown Source)
	at org.openqa.selenium.support.events.EventFiringWebDriver$EventFiringWebElement.click(EventFiringWebDriver.java:417)
	at org.openqa.selenium.WebElement$click.call(Unknown Source)
	at com.kms.katalon.core.webui.keyword.builtin.ClickKeyword.clickUntilSuccessWithTimeout(ClickKeyword.groovy:81)
	at com.kms.katalon.core.webui.keyword.builtin.ClickKeyword.clickUntilSuccessWithTimeout(ClickKeyword.groovy)
	at com.kms.katalon.core.webui.keyword.builtin.ClickKeyword$_click_closure1.doCall(ClickKeyword.groovy:67)
	at com.kms.katalon.core.webui.keyword.builtin.ClickKeyword$_click_closure1.call(ClickKeyword.groovy)
	at com.kms.katalon.core.webui.keyword.internal.WebUIKeywordMain.runKeyword(WebUIKeywordMain.groovy:20)
	at com.kms.katalon.core.webui.keyword.builtin.ClickKeyword.click(ClickKeyword.groovy:74)
	at com.kms.katalon.core.webui.keyword.builtin.ClickKeyword.execute(ClickKeyword.groovy:40)
	at com.kms.katalon.core.keyword.internal.KeywordExecutor.executeKeywordForPlatform(KeywordExecutor.groovy:74)
	at com.kms.katalon.core.webui.keyword.WebUiBuiltInKeywords.click(WebUiBuiltInKeywords.groovy:620)
	at com.kms.katalon.core.webui.keyword.WebUiBuiltInKeywords$click$1.call(Unknown Source)
	at Script1642381289453.run(Script1642381289453.groovy:38)
	... 16 more
)
[[ATTACHMENT|/home/mml/Code/Katalon-Test-2/Reports/20220117_205231/Run all test cases/20220117_205232/1642428523683.png]]]]></system-out>
         <system-err><![CDATA[2022-01-17 21:08:33 - [TEST_CASE][FAILED] - Test Cases/Room/Sign up/Sign up username fail (invalid email): Test Cases/Room/Sign up/Sign up username fail (invalid email) FAILED.
Reason:
com.kms.katalon.core.exception.StepFailedException: Unable to click on object 'Object Repository/Thang/Page_Element/input_Email_mx_Login_submit'
	at com.kms.katalon.core.webui.keyword.internal.WebUIKeywordMain.stepFailed(WebUIKeywordMain.groovy:64)
	at com.kms.katalon.core.webui.keyword.internal.WebUIKeywordMain.runKeyword(WebUIKeywordMain.groovy:26)
	at com.kms.katalon.core.webui.keyword.builtin.ClickKeyword.click(ClickKeyword.groovy:74)
	at com.kms.katalon.core.webui.keyword.builtin.ClickKeyword.execute(ClickKeyword.groovy:40)
	at com.kms.katalon.core.keyword.internal.KeywordExecutor.executeKeywordForPlatform(KeywordExecutor.groovy:74)
	at com.kms.katalon.core.webui.keyword.WebUiBuiltInKeywords.click(WebUiBuiltInKeywords.groovy:620)
	at com.kms.katalon.core.webui.keyword.WebUiBuiltInKeywords$click$1.call(Unknown Source)
	at Sign up username fail (invalid email).run(Sign up username fail (invalid email):38)
	at com.kms.katalon.core.main.ScriptEngine.run(ScriptEngine.java:194)
	at com.kms.katalon.core.main.ScriptEngine.runScriptAsRawText(ScriptEngine.java:119)
	at com.kms.katalon.core.main.TestCaseExecutor.runScript(TestCaseExecutor.java:442)
	at com.kms.katalon.core.main.TestCaseExecutor.doExecute(TestCaseExecutor.java:433)
	at com.kms.katalon.core.main.TestCaseExecutor.processExecutionPhase(TestCaseExecutor.java:412)
	at com.kms.katalon.core.main.TestCaseExecutor.accessMainPhase(TestCaseExecutor.java:404)
	at com.kms.katalon.core.main.TestCaseExecutor.execute(TestCaseExecutor.java:281)
	at com.kms.katalon.core.main.TestCaseExecutor.execute(TestCaseExecutor.java:363)
	at com.kms.katalon.core.main.TestCaseExecutor.execute(TestCaseExecutor.java:363)
	at com.kms.katalon.core.main.TestCaseExecutor.execute(TestCaseExecutor.java:363)
	at com.kms.katalon.core.main.TestSuiteExecutor.accessTestCaseMainPhase(TestSuiteExecutor.java:202)
	at com.kms.katalon.core.main.TestSuiteExecutor.accessTestSuiteMainPhase(TestSuiteExecutor.java:164)
	at com.kms.katalon.core.main.TestSuiteExecutor.execute(TestSuiteExecutor.java:105)
	at com.kms.katalon.core.main.TestCaseMain.startTestSuite(TestCaseMain.java:181)
	at com.kms.katalon.core.main.TestCaseMain$startTestSuite$0.call(Unknown Source)
	at TempTestSuite1642427552724.run(TempTestSuite1642427552724.groovy:36)
Caused by: org.openqa.selenium.ElementNotInteractableException: element not interactable
  (Session info: chrome=97.0.4692.71)
Build info: version: '3.141.59', revision: 'e82be7d358', time: '2018-11-14T08:25:53'
System info: host: 'UbuntuMML', ip: '127.0.1.1', os.name: 'Linux', os.arch: 'amd64', os.version: '5.11.0-46-generic', java.version: '1.8.0_312'
Driver info: com.kms.katalon.selenium.driver.CChromeDriver
Capabilities {acceptInsecureCerts: false, browserName: chrome, browserVersion: 97.0.4692.71, chrome: {chromedriverVersion: 97.0.4692.71 (adefa7837d02a..., userDataDir: /tmp/.com.google.Chrome.yN6fjR}, goog:chromeOptions: {debuggerAddress: localhost:39823}, javascriptEnabled: true, networkConnectionEnabled: false, pageLoadStrategy: normal, platform: LINUX, platformName: LINUX, proxy: Proxy(), setWindowRect: true, strictFileInteractability: false, timeouts: {implicit: 0, pageLoad: 300000, script: 30000}, unhandledPromptBehavior: dismiss and notify, webauthn:extension:credBlob: true, webauthn:extension:largeBlob: true, webauthn:virtualAuthenticators: true}
Session ID: 3ab2371244cacc142f57678577ed0396
	at org.openqa.selenium.remote.http.W3CHttpResponseCodec.createException(W3CHttpResponseCodec.java:187)
	at org.openqa.selenium.remote.http.W3CHttpResponseCodec.decode(W3CHttpResponseCodec.java:122)
	at org.openqa.selenium.remote.http.W3CHttpResponseCodec.decode(W3CHttpResponseCodec.java:49)
	at org.openqa.selenium.remote.HttpCommandExecutor.execute(HttpCommandExecutor.java:158)
	at org.openqa.selenium.remote.service.DriverCommandExecutor.execute(DriverCommandExecutor.java:83)
	at org.openqa.selenium.remote.RemoteWebDriver.execute(RemoteWebDriver.java:552)
	at com.kms.katalon.selenium.driver.CChromeDriver.execute(CChromeDriver.java:19)
	at org.openqa.selenium.remote.RemoteWebElement.execute(RemoteWebElement.java:285)
	at org.openqa.selenium.remote.RemoteWebElement.click(RemoteWebElement.java:84)
	at org.openqa.selenium.support.events.EventFiringWebDriver$EventFiringWebElement.lambda$new$0(EventFiringWebDriver.java:404)
	at com.sun.proxy.$Proxy11.click(Unknown Source)
	at org.openqa.selenium.support.events.EventFiringWebDriver$EventFiringWebElement.click(EventFiringWebDriver.java:417)
	at org.openqa.selenium.WebElement$click.call(Unknown Source)
	at com.kms.katalon.core.webui.keyword.builtin.ClickKeyword.clickUntilSuccessWithTimeout(ClickKeyword.groovy:81)
	at com.kms.katalon.core.webui.keyword.builtin.ClickKeyword.clickUntilSuccessWithTimeout(ClickKeyword.groovy)
	at com.kms.katalon.core.webui.keyword.builtin.ClickKeyword$_click_closure1.doCall(ClickKeyword.groovy:67)
	at com.kms.katalon.core.webui.keyword.builtin.ClickKeyword$_click_closure1.call(ClickKeyword.groovy)
	at com.kms.katalon.core.webui.keyword.internal.WebUIKeywordMain.runKeyword(WebUIKeywordMain.groovy:20)
	... 22 more]]></system-err>
      </testcase>
      <testcase name="Test Cases/5. Chat with account/2. Chat with small window" time="19.5" classname="Test Cases/5. Chat with account/2. Chat with small window" status="PASSED">
         <system-out><![CDATA[2022-01-17 21:08:44 - [TEST_CASE][PASSED] - Test Cases/5. Chat with account/2. Chat with small window: Test Cases/5. Chat with account/2. Chat with small window

2022-01-17 21:08:44 - [TEST_STEP][PASSED] - openBrowser(""): Browser is opened with url: ''

2022-01-17 21:08:44 - [MESSAGE][WARNING] - A browser is already opened. Closing browser and opening a new one

2022-01-17 21:08:44 - [MESSAGE][INFO] - Starting 'Chrome' driver

2022-01-17 21:08:44 - [MESSAGE][INFO] - Action delay is set to 100 milliseconds

2022-01-17 21:08:45 - [MESSAGE][PASSED] - Browser is opened with url: ''

2022-01-17 21:08:45 - [TEST_STEP][PASSED] - navigateToUrl("http://localhost:8080/"): Navigate to 'http://localhost:8080/' successfully

2022-01-17 21:08:48 - [MESSAGE][PASSED] - Navigate to 'http://localhost:8080/' successfully

2022-01-17 21:08:48 - [TEST_STEP][PASSED] - click(findTestObject("Object Repository/Thang/Chat small/Page_Element/a_Sign In")): Object: 'Object Repository/Thang/Chat small/Page_Element/a_Sign In' is clicked on

2022-01-17 21:08:50 - [MESSAGE][PASSED] - Object: 'Object Repository/Thang/Chat small/Page_Element/a_Sign In' is clicked on

2022-01-17 21:08:50 - [TEST_STEP][PASSED] - setText(findTestObject("Object Repository/Thang/Chat small/Page_Element/input_Sign in with_username"), "thanghkt56"): Text 'thanghkt56' is set on object 'Object Repository/Thang/Chat small/Page_Element/input_Sign in with_username'

2022-01-17 21:08:52 - [MESSAGE][PASSED] - Text 'thanghkt56' is set on object 'Object Repository/Thang/Chat small/Page_Element/input_Sign in with_username'

2022-01-17 21:08:52 - [TEST_STEP][PASSED] - setEncryptedText(findTestObject("Object Repository/Thang/Chat small/Page_Element/input_Username_password"), "+zSzGdFpedZPFbqqaByDKA=="): Text ****** has been set on object 'Object Repository/Thang/Chat small/Page_Element/input_Username_password'

2022-01-17 21:08:53 - [MESSAGE][PASSED] - Text ****** has been set on object 'Object Repository/Thang/Chat small/Page_Element/input_Username_password'

2022-01-17 21:08:53 - [TEST_STEP][PASSED] - sendKeys(findTestObject("Object Repository/Thang/Chat small/Page_Element/input_Username_password"), Keys.chord(ENTER)): Keys 'ENTER + ' sent to object: 'Object Repository/Thang/Chat small/Page_Element/input_Username_password'

2022-01-17 21:08:53 - [MESSAGE][PASSED] - Keys 'ENTER + ' sent to object: 'Object Repository/Thang/Chat small/Page_Element/input_Username_password'

2022-01-17 21:08:53 - [TEST_STEP][PASSED] - click(findTestObject("Object Repository/Thang/Chat small/Page_Element/div_Verify with Security Key")): Object: 'Object Repository/Thang/Chat small/Page_Element/div_Verify with Security Key' is clicked on

2022-01-17 21:08:58 - [MESSAGE][PASSED] - Object: 'Object Repository/Thang/Chat small/Page_Element/div_Verify with Security Key' is clicked on

2022-01-17 21:08:58 - [TEST_STEP][PASSED] - click(findTestObject("Object Repository/Thang/Chat small/Page_Element/div_Security Key")): Object: 'Object Repository/Thang/Chat small/Page_Element/div_Security Key' is clicked on

2022-01-17 21:08:58 - [MESSAGE][PASSED] - Object: 'Object Repository/Thang/Chat small/Page_Element/div_Security Key' is clicked on

2022-01-17 21:08:58 - [TEST_STEP][PASSED] - setEncryptedText(findTestObject("Object Repository/Thang/Chat small/Page_Element/input_Security Key_mx_Field_4"), "jU5KHmhM69TECKG/+ViOSdOFTDhUdsXajrhKfKNscDFOOBfDE+F+ZVmpK1vVtnKaXET8vz8hIBxpVe6duUAOiA=="): Text ****** has been set on object 'Object Repository/Thang/Chat small/Page_Element/input_Security Key_mx_Field_4'

2022-01-17 21:08:59 - [MESSAGE][PASSED] - Text ****** has been set on object 'Object Repository/Thang/Chat small/Page_Element/input_Security Key_mx_Field_4'

2022-01-17 21:08:59 - [TEST_STEP][PASSED] - waitForPageLoad(1): Wait for page load successfully

2022-01-17 21:08:59 - [MESSAGE][PASSED] - Wait for page load successfully

2022-01-17 21:08:59 - [TEST_STEP][PASSED] - click(findTestObject("Object Repository/Thang/Chat small/Page_Element/button_Continue")): Object: 'Object Repository/Thang/Chat small/Page_Element/button_Continue' is clicked on

2022-01-17 21:09:00 - [MESSAGE][PASSED] - Object: 'Object Repository/Thang/Chat small/Page_Element/button_Continue' is clicked on

2022-01-17 21:09:00 - [TEST_STEP][PASSED] - click(findTestObject("Object Repository/Thang/Chat small/Page_Element/div_Done")): Object: 'Object Repository/Thang/Chat small/Page_Element/div_Done' is clicked on

2022-01-17 21:09:00 - [MESSAGE][PASSED] - Object: 'Object Repository/Thang/Chat small/Page_Element/div_Done' is clicked on

2022-01-17 21:09:00 - [TEST_STEP][PASSED] - click(findTestObject("Object Repository/Thang/Chat small/Page_Element/div_RRoom Chat 2")): Object: 'Object Repository/Thang/Chat small/Page_Element/div_RRoom Chat 2' is clicked on

2022-01-17 21:09:00 - [MESSAGE][PASSED] - Object: 'Object Repository/Thang/Chat small/Page_Element/div_RRoom Chat 2' is clicked on

2022-01-17 21:09:00 - [TEST_STEP][PASSED] - setText(findTestObject("Object Repository/Thang/Chat small/Page_Element  Room Chat 2/div_hello pn"), "hello pạn"): Text 'hello pạn' is set on object 'Object Repository/Thang/Chat small/Page_Element  Room Chat 2/div_hello pn'

2022-01-17 21:09:02 - [MESSAGE][PASSED] - Text 'hello pạn' is set on object 'Object Repository/Thang/Chat small/Page_Element  Room Chat 2/div_hello pn'

2022-01-17 21:09:02 - [TEST_STEP][PASSED] - click(findTestObject("Object Repository/Thang/Chat small/Page_Element  Room Chat 2/div_hello pn_mx_AccessibleButton mx_Message_0e70f5")): Object: 'Object Repository/Thang/Chat small/Page_Element  Room Chat 2/div_hello pn_mx_AccessibleButton mx_Message_0e70f5' is clicked on

2022-01-17 21:09:03 - [MESSAGE][PASSED] - Object: 'Object Repository/Thang/Chat small/Page_Element  Room Chat 2/div_hello pn_mx_AccessibleButton mx_Message_0e70f5' is clicked on

2022-01-17 21:09:03 - [TEST_STEP][PASSED] - click(findTestObject("Object Repository/Thang/Chat small/Page_Element  Room Chat 2/div_Add emoji")): Object: 'Object Repository/Thang/Chat small/Page_Element  Room Chat 2/div_Add emoji' is clicked on

2022-01-17 21:09:03 - [MESSAGE][PASSED] - Object: 'Object Repository/Thang/Chat small/Page_Element  Room Chat 2/div_Add emoji' is clicked on

2022-01-17 21:09:03 - [TEST_STEP][PASSED] - click(findTestObject("Object Repository/Thang/Chat small/Page_Element  Room Chat 2/div_")): Object: 'Object Repository/Thang/Chat small/Page_Element  Room Chat 2/div_' is clicked on

2022-01-17 21:09:03 - [MESSAGE][PASSED] - Object: 'Object Repository/Thang/Chat small/Page_Element  Room Chat 2/div_' is clicked on]]></system-out>
         <system-err><![CDATA[]]></system-err>
      </testcase>
      <testcase name="Test Cases/5. Chat with account/1. Chat with emoji" time="19.307" classname="Test Cases/5. Chat with account/1. Chat with emoji" status="PASSED">
         <system-out><![CDATA[2022-01-17 21:09:03 - [TEST_CASE][PASSED] - Test Cases/5. Chat with account/1. Chat with emoji: Test Cases/5. Chat with account/1. Chat with emoji

2022-01-17 21:09:04 - [TEST_STEP][PASSED] - openBrowser(""): Browser is opened with url: ''

2022-01-17 21:09:04 - [MESSAGE][WARNING] - A browser is already opened. Closing browser and opening a new one

2022-01-17 21:09:04 - [MESSAGE][INFO] - Starting 'Chrome' driver

2022-01-17 21:09:04 - [MESSAGE][INFO] - Action delay is set to 100 milliseconds

2022-01-17 21:09:04 - [MESSAGE][PASSED] - Browser is opened with url: ''

2022-01-17 21:09:04 - [TEST_STEP][PASSED] - maximizeWindow(): Current window maximized

2022-01-17 21:09:04 - [MESSAGE][PASSED] - Current window maximized

2022-01-17 21:09:04 - [TEST_STEP][PASSED] - navigateToUrl("http://localhost:8080/"): Navigate to 'http://localhost:8080/' successfully

2022-01-17 21:09:08 - [MESSAGE][PASSED] - Navigate to 'http://localhost:8080/' successfully

2022-01-17 21:09:08 - [TEST_STEP][PASSED] - click(findTestObject("Object Repository/Thang/Chat/Page_Element/a_Sign In")): Object: 'Object Repository/Thang/Chat/Page_Element/a_Sign In' is clicked on

2022-01-17 21:09:11 - [MESSAGE][PASSED] - Object: 'Object Repository/Thang/Chat/Page_Element/a_Sign In' is clicked on

2022-01-17 21:09:11 - [TEST_STEP][PASSED] - setText(findTestObject("Object Repository/Thang/Chat/Page_Element/input_Sign in with_username"), "thanghkt56"): Text 'thanghkt56' is set on object 'Object Repository/Thang/Chat/Page_Element/input_Sign in with_username'

2022-01-17 21:09:12 - [MESSAGE][PASSED] - Text 'thanghkt56' is set on object 'Object Repository/Thang/Chat/Page_Element/input_Sign in with_username'

2022-01-17 21:09:12 - [TEST_STEP][PASSED] - setEncryptedText(findTestObject("Object Repository/Thang/Chat/Page_Element/input_Username_password"), "+zSzGdFpedZPFbqqaByDKA=="): Text ****** has been set on object 'Object Repository/Thang/Chat/Page_Element/input_Username_password'

2022-01-17 21:09:13 - [MESSAGE][PASSED] - Text ****** has been set on object 'Object Repository/Thang/Chat/Page_Element/input_Username_password'

2022-01-17 21:09:13 - [TEST_STEP][PASSED] - sendKeys(findTestObject("Object Repository/Thang/Chat/Page_Element/input_Username_password"), Keys.chord(ENTER)): Keys 'ENTER + ' sent to object: 'Object Repository/Thang/Chat/Page_Element/input_Username_password'

2022-01-17 21:09:13 - [MESSAGE][PASSED] - Keys 'ENTER + ' sent to object: 'Object Repository/Thang/Chat/Page_Element/input_Username_password'

2022-01-17 21:09:13 - [TEST_STEP][PASSED] - click(findTestObject("Object Repository/Thang/Chat/Page_Element/div_Verify with Security Key")): Object: 'Object Repository/Thang/Chat/Page_Element/div_Verify with Security Key' is clicked on

2022-01-17 21:09:18 - [MESSAGE][PASSED] - Object: 'Object Repository/Thang/Chat/Page_Element/div_Verify with Security Key' is clicked on

2022-01-17 21:09:18 - [TEST_STEP][PASSED] - setEncryptedText(findTestObject("Object Repository/Thang/Chat/Page_Element/input_Security Key_mx_Field_4"), "jU5KHmhM69TECKG/+ViOSdOFTDhUdsXajrhKfKNscDFOOBfDE+F+ZVmpK1vVtnKaXET8vz8hIBxpVe6duUAOiA=="): Text ****** has been set on object 'Object Repository/Thang/Chat/Page_Element/input_Security Key_mx_Field_4'

2022-01-17 21:09:19 - [MESSAGE][PASSED] - Text ****** has been set on object 'Object Repository/Thang/Chat/Page_Element/input_Security Key_mx_Field_4'

2022-01-17 21:09:19 - [TEST_STEP][PASSED] - click(findTestObject("Object Repository/Thang/Chat/Page_Element/button_Continue")): Object: 'Object Repository/Thang/Chat/Page_Element/button_Continue' is clicked on

2022-01-17 21:09:19 - [MESSAGE][PASSED] - Object: 'Object Repository/Thang/Chat/Page_Element/button_Continue' is clicked on

2022-01-17 21:09:19 - [TEST_STEP][PASSED] - click(findTestObject("Object Repository/Thang/Chat/Page_Element/div_Done")): Object: 'Object Repository/Thang/Chat/Page_Element/div_Done' is clicked on

2022-01-17 21:09:20 - [MESSAGE][PASSED] - Object: 'Object Repository/Thang/Chat/Page_Element/div_Done' is clicked on

2022-01-17 21:09:20 - [TEST_STEP][PASSED] - click(findTestObject("Object Repository/Thang/Chat/Page_Element/div_Room Chat 2")): Object: 'Object Repository/Thang/Chat/Page_Element/div_Room Chat 2' is clicked on

2022-01-17 21:09:20 - [MESSAGE][PASSED] - Object: 'Object Repository/Thang/Chat/Page_Element/div_Room Chat 2' is clicked on

2022-01-17 21:09:20 - [TEST_STEP][PASSED] - setText(findTestObject("Object Repository/Thang/Chat/Page_Element  Room Chat 2/div_hello panj"), "hello pạn"): Text 'hello pạn' is set on object 'Object Repository/Thang/Chat/Page_Element  Room Chat 2/div_hello panj'

2022-01-17 21:09:21 - [MESSAGE][PASSED] - Text 'hello pạn' is set on object 'Object Repository/Thang/Chat/Page_Element  Room Chat 2/div_hello panj'

2022-01-17 21:09:21 - [TEST_STEP][PASSED] - click(findTestObject("Object Repository/Thang/Chat/Page_Element  Room Chat 2/div_hello panj_mx_AccessibleButton mx_Messa_e286b9")): Object: 'Object Repository/Thang/Chat/Page_Element  Room Chat 2/div_hello panj_mx_AccessibleButton mx_Messa_e286b9' is clicked on

2022-01-17 21:09:22 - [MESSAGE][PASSED] - Object: 'Object Repository/Thang/Chat/Page_Element  Room Chat 2/div_hello panj_mx_AccessibleButton mx_Messa_e286b9' is clicked on

2022-01-17 21:09:22 - [TEST_STEP][PASSED] - click(findTestObject("Object Repository/Thang/Chat/Page_Element  Room Chat 2/div_")): Object: 'Object Repository/Thang/Chat/Page_Element  Room Chat 2/div_' is clicked on

2022-01-17 21:09:22 - [MESSAGE][PASSED] - Object: 'Object Repository/Thang/Chat/Page_Element  Room Chat 2/div_' is clicked on

2022-01-17 21:09:22 - [TEST_STEP][PASSED] - click(findTestObject("Object Repository/Thang/Chat/Page_Element  Room Chat 2/div_hello panj_mx_ContextualMenu_background")): Object: 'Object Repository/Thang/Chat/Page_Element  Room Chat 2/div_hello panj_mx_ContextualMenu_background' is clicked on

2022-01-17 21:09:22 - [MESSAGE][PASSED] - Object: 'Object Repository/Thang/Chat/Page_Element  Room Chat 2/div_hello panj_mx_ContextualMenu_background' is clicked on

2022-01-17 21:09:22 - [TEST_STEP][PASSED] - click(findTestObject("Object Repository/Thang/Chat/Page_Element  Room Chat 2/div_hello panj_mx_AccessibleButton mx_Messa_9a197f")): Object: 'Object Repository/Thang/Chat/Page_Element  Room Chat 2/div_hello panj_mx_AccessibleButton mx_Messa_9a197f' is clicked on

2022-01-17 21:09:23 - [MESSAGE][PASSED] - Object: 'Object Repository/Thang/Chat/Page_Element  Room Chat 2/div_hello panj_mx_AccessibleButton mx_Messa_9a197f' is clicked on]]></system-out>
         <system-err><![CDATA[]]></system-err>
      </testcase>
      <system-out><![CDATA[2022-01-17 20:52:34 - [TEST_SUITE][FAILED] - Run all test cases: Test Cases/6. Login/Login with email FAILED.
Reason:
com.kms.katalon.core.exception.StepFailedException: Unable to select option by value 'login_field_email' of object 'Object Repository/Toan/Page_Element/select_UsernameEmail addressPhone'  using regular expression
	at com.kms.katalon.core.webui.keyword.internal.WebUIKeywordMain.stepFailed(WebUIKeywordMain.groovy:64)
	at com.kms.katalon.core.webui.keyword.internal.WebUIKeywordMain.runKeyword(WebUIKeywordMain.groovy:26)
	at com.kms.katalon.core.webui.keyword.builtin.SelectOptionByValueKeyword.selectOptionByValue(SelectOptionByValueKeyword.groovy:99)
	at com.kms.katalon.core.webui.keyword.builtin.SelectOptionByValueKeyword.execute(SelectOptionByValueKeyword.groovy:71)
	at com.kms.katalon.core.keyword.internal.KeywordExecutor.executeKeywordForPlatform(KeywordExecutor.groovy:74)
	at com.kms.katalon.core.webui.keyword.WebUiBuiltInKeywords.selectOptionByValue(WebUiBuiltInKeywords.groovy:1168)
	at com.kms.katalon.core.webui.keyword.WebUiBuiltInKeywords$selectOptionByValue$2.call(Unknown Source)
	at Login with email.run(Login with email:26)
	at com.kms.katalon.core.main.ScriptEngine.run(ScriptEngine.java:194)
	at com.kms.katalon.core.main.ScriptEngine.runScriptAsRawText(ScriptEngine.java:119)
	at com.kms.katalon.core.main.TestCaseExecutor.runScript(TestCaseExecutor.java:442)
	at com.kms.katalon.core.main.TestCaseExecutor.doExecute(TestCaseExecutor.java:433)
	at com.kms.katalon.core.main.TestCaseExecutor.processExecutionPhase(TestCaseExecutor.java:412)
	at com.kms.katalon.core.main.TestCaseExecutor.accessMainPhase(TestCaseExecutor.java:404)
	at com.kms.katalon.core.main.TestCaseExecutor.execute(TestCaseExecutor.java:281)
	at com.kms.katalon.core.main.TestSuiteExecutor.accessTestCaseMainPhase(TestSuiteExecutor.java:202)
	at com.kms.katalon.core.main.TestSuiteExecutor.accessTestSuiteMainPhase(TestSuiteExecutor.java:164)
	at com.kms.katalon.core.main.TestSuiteExecutor.execute(TestSuiteExecutor.java:105)
	at com.kms.katalon.core.main.TestCaseMain.startTestSuite(TestCaseMain.java:181)
	at com.kms.katalon.core.main.TestCaseMain$startTestSuite$0.call(Unknown Source)
	at TempTestSuite1642427552724.run(TempTestSuite1642427552724.groovy:36)
Caused by: com.kms.katalon.core.exception.StepFailedException: No option matched.
	at com.kms.katalon.core.keyword.internal.KeywordMain.stepFailed(KeywordMain.groovy:50)
	at com.kms.katalon.core.keyword.internal.KeywordMain.stepFailed(KeywordMain.groovy)
	at com.kms.katalon.core.keyword.internal.KeywordMain.stepFailed(KeywordMain.groovy:23)
	at com.kms.katalon.core.webui.keyword.builtin.SelectOptionByValueKeyword$_selectOptionByValue_closure1.doCall(SelectOptionByValueKeyword.groovy:92)
	at com.kms.katalon.core.webui.keyword.builtin.SelectOptionByValueKeyword$_selectOptionByValue_closure1.call(SelectOptionByValueKeyword.groovy)
	at com.kms.katalon.core.webui.keyword.internal.WebUIKeywordMain.runKeyword(WebUIKeywordMain.groovy:20)
	... 19 more]]></system-out>
      <system-err><![CDATA[2022-01-17 20:52:34 - [TEST_SUITE][FAILED] - Run all test cases: Test Cases/6. Login/Login with email FAILED.
Reason:
com.kms.katalon.core.exception.StepFailedException: Unable to select option by value 'login_field_email' of object 'Object Repository/Toan/Page_Element/select_UsernameEmail addressPhone'  using regular expression
	at com.kms.katalon.core.webui.keyword.internal.WebUIKeywordMain.stepFailed(WebUIKeywordMain.groovy:64)
	at com.kms.katalon.core.webui.keyword.internal.WebUIKeywordMain.runKeyword(WebUIKeywordMain.groovy:26)
	at com.kms.katalon.core.webui.keyword.builtin.SelectOptionByValueKeyword.selectOptionByValue(SelectOptionByValueKeyword.groovy:99)
	at com.kms.katalon.core.webui.keyword.builtin.SelectOptionByValueKeyword.execute(SelectOptionByValueKeyword.groovy:71)
	at com.kms.katalon.core.keyword.internal.KeywordExecutor.executeKeywordForPlatform(KeywordExecutor.groovy:74)
	at com.kms.katalon.core.webui.keyword.WebUiBuiltInKeywords.selectOptionByValue(WebUiBuiltInKeywords.groovy:1168)
	at com.kms.katalon.core.webui.keyword.WebUiBuiltInKeywords$selectOptionByValue$2.call(Unknown Source)
	at Login with email.run(Login with email:26)
	at com.kms.katalon.core.main.ScriptEngine.run(ScriptEngine.java:194)
	at com.kms.katalon.core.main.ScriptEngine.runScriptAsRawText(ScriptEngine.java:119)
	at com.kms.katalon.core.main.TestCaseExecutor.runScript(TestCaseExecutor.java:442)
	at com.kms.katalon.core.main.TestCaseExecutor.doExecute(TestCaseExecutor.java:433)
	at com.kms.katalon.core.main.TestCaseExecutor.processExecutionPhase(TestCaseExecutor.java:412)
	at com.kms.katalon.core.main.TestCaseExecutor.accessMainPhase(TestCaseExecutor.java:404)
	at com.kms.katalon.core.main.TestCaseExecutor.execute(TestCaseExecutor.java:281)
	at com.kms.katalon.core.main.TestSuiteExecutor.accessTestCaseMainPhase(TestSuiteExecutor.java:202)
	at com.kms.katalon.core.main.TestSuiteExecutor.accessTestSuiteMainPhase(TestSuiteExecutor.java:164)
	at com.kms.katalon.core.main.TestSuiteExecutor.execute(TestSuiteExecutor.java:105)
	at com.kms.katalon.core.main.TestCaseMain.startTestSuite(TestCaseMain.java:181)
	at com.kms.katalon.core.main.TestCaseMain$startTestSuite$0.call(Unknown Source)
	at TempTestSuite1642427552724.run(TempTestSuite1642427552724.groovy:36)
Caused by: com.kms.katalon.core.exception.StepFailedException: No option matched.
	at com.kms.katalon.core.keyword.internal.KeywordMain.stepFailed(KeywordMain.groovy:50)
	at com.kms.katalon.core.keyword.internal.KeywordMain.stepFailed(KeywordMain.groovy)
	at com.kms.katalon.core.keyword.internal.KeywordMain.stepFailed(KeywordMain.groovy:23)
	at com.kms.katalon.core.webui.keyword.builtin.SelectOptionByValueKeyword$_selectOptionByValue_closure1.doCall(SelectOptionByValueKeyword.groovy:92)
	at com.kms.katalon.core.webui.keyword.builtin.SelectOptionByValueKeyword$_selectOptionByValue_closure1.call(SelectOptionByValueKeyword.groovy)
	at com.kms.katalon.core.webui.keyword.internal.WebUIKeywordMain.runKeyword(WebUIKeywordMain.groovy:20)
	... 19 more]]></system-err>
   </testsuite>
</testsuites>
